ARM GAS  /var/folders/rv/zq8s_02j1dj4vjvr1mm5zl2r0000gn/T//ccQ9clzc.s 			page 1


   1              		.cpu cortex-m23
   2              		.eabi_attribute 20, 1
   3              		.eabi_attribute 21, 1
   4              		.eabi_attribute 23, 3
   5              		.eabi_attribute 24, 1
   6              		.eabi_attribute 25, 1
   7              		.eabi_attribute 26, 1
   8              		.eabi_attribute 30, 1
   9              		.eabi_attribute 34, 0
  10              		.eabi_attribute 18, 4
  11              		.file	"gd32e23x_crc.c"
  12              		.text
  13              	.Ltext0:
  14              		.cfi_sections	.debug_frame
  15              		.section	.text.crc_deinit,"ax",%progbits
  16              		.align	1
  17              		.global	crc_deinit
  18              		.arch armv8-m.base
  19              		.syntax unified
  20              		.code	16
  21              		.thumb_func
  22              		.fpu softvfp
  24              	crc_deinit:
  25              	.LFB66:
  26              		.file 1 "Drivers/GD32E23x_standard_peripheral/Source/gd32e23x_crc.c"
   1:Drivers/GD32E23x_standard_peripheral/Source/gd32e23x_crc.c **** /*!
   2:Drivers/GD32E23x_standard_peripheral/Source/gd32e23x_crc.c ****     \file    gd32e23x_crc.c
   3:Drivers/GD32E23x_standard_peripheral/Source/gd32e23x_crc.c ****     \brief   CRC driver
   4:Drivers/GD32E23x_standard_peripheral/Source/gd32e23x_crc.c ****     
   5:Drivers/GD32E23x_standard_peripheral/Source/gd32e23x_crc.c ****     \version 2019-02-19, V1.0.0, firmware for GD32E23x
   6:Drivers/GD32E23x_standard_peripheral/Source/gd32e23x_crc.c ****     \version 2020-12-12, V1.1.0, firmware for GD32E23x
   7:Drivers/GD32E23x_standard_peripheral/Source/gd32e23x_crc.c **** */
   8:Drivers/GD32E23x_standard_peripheral/Source/gd32e23x_crc.c **** 
   9:Drivers/GD32E23x_standard_peripheral/Source/gd32e23x_crc.c **** /*
  10:Drivers/GD32E23x_standard_peripheral/Source/gd32e23x_crc.c ****     Copyright (c) 2020, GigaDevice Semiconductor Inc.
  11:Drivers/GD32E23x_standard_peripheral/Source/gd32e23x_crc.c **** 
  12:Drivers/GD32E23x_standard_peripheral/Source/gd32e23x_crc.c ****     Redistribution and use in source and binary forms, with or without modification, 
  13:Drivers/GD32E23x_standard_peripheral/Source/gd32e23x_crc.c **** are permitted provided that the following conditions are met:
  14:Drivers/GD32E23x_standard_peripheral/Source/gd32e23x_crc.c **** 
  15:Drivers/GD32E23x_standard_peripheral/Source/gd32e23x_crc.c ****     1. Redistributions of source code must retain the above copyright notice, this 
  16:Drivers/GD32E23x_standard_peripheral/Source/gd32e23x_crc.c ****        list of conditions and the following disclaimer.
  17:Drivers/GD32E23x_standard_peripheral/Source/gd32e23x_crc.c ****     2. Redistributions in binary form must reproduce the above copyright notice, 
  18:Drivers/GD32E23x_standard_peripheral/Source/gd32e23x_crc.c ****        this list of conditions and the following disclaimer in the documentation 
  19:Drivers/GD32E23x_standard_peripheral/Source/gd32e23x_crc.c ****        and/or other materials provided with the distribution.
  20:Drivers/GD32E23x_standard_peripheral/Source/gd32e23x_crc.c ****     3. Neither the name of the copyright holder nor the names of its contributors 
  21:Drivers/GD32E23x_standard_peripheral/Source/gd32e23x_crc.c ****        may be used to endorse or promote products derived from this software without 
  22:Drivers/GD32E23x_standard_peripheral/Source/gd32e23x_crc.c ****        specific prior written permission.
  23:Drivers/GD32E23x_standard_peripheral/Source/gd32e23x_crc.c **** 
  24:Drivers/GD32E23x_standard_peripheral/Source/gd32e23x_crc.c ****     THIS SOFTWARE IS PROVIDED BY THE COPYRIGHT HOLDERS AND CONTRIBUTORS "AS IS" 
  25:Drivers/GD32E23x_standard_peripheral/Source/gd32e23x_crc.c **** AND ANY EXPRESS OR IMPLIED WARRANTIES, INCLUDING, BUT NOT LIMITED TO, THE IMPLIED 
  26:Drivers/GD32E23x_standard_peripheral/Source/gd32e23x_crc.c **** WARRANTIES OF MERCHANTABILITY AND FITNESS FOR A PARTICULAR PURPOSE ARE DISCLAIMED. 
  27:Drivers/GD32E23x_standard_peripheral/Source/gd32e23x_crc.c **** IN NO EVENT SHALL THE COPYRIGHT HOLDER OR CONTRIBUTORS BE LIABLE FOR ANY DIRECT, 
  28:Drivers/GD32E23x_standard_peripheral/Source/gd32e23x_crc.c **** INDIRECT, INCIDENTAL, SPECIAL, EXEMPLARY, OR CONSEQUENTIAL DAMAGES (INCLUDING, BUT 
  29:Drivers/GD32E23x_standard_peripheral/Source/gd32e23x_crc.c **** NOT LIMITED TO, PROCUREMENT OF SUBSTITUTE GOODS OR SERVICES; LOSS OF USE, DATA, OR 
  30:Drivers/GD32E23x_standard_peripheral/Source/gd32e23x_crc.c **** PROFITS; OR BUSINESS INTERRUPTION) HOWEVER CAUSED AND ON ANY THEORY OF LIABILITY, 
  31:Drivers/GD32E23x_standard_peripheral/Source/gd32e23x_crc.c **** WHETHER IN CONTRACT, STRICT LIABILITY, OR TORT (INCLUDING NEGLIGENCE OR OTHERWISE) 
  32:Drivers/GD32E23x_standard_peripheral/Source/gd32e23x_crc.c **** ARISING IN ANY WAY OUT OF THE USE OF THIS SOFTWARE, EVEN IF ADVISED OF THE POSSIBILITY 
ARM GAS  /var/folders/rv/zq8s_02j1dj4vjvr1mm5zl2r0000gn/T//ccQ9clzc.s 			page 2


  33:Drivers/GD32E23x_standard_peripheral/Source/gd32e23x_crc.c **** OF SUCH DAMAGE.
  34:Drivers/GD32E23x_standard_peripheral/Source/gd32e23x_crc.c **** */
  35:Drivers/GD32E23x_standard_peripheral/Source/gd32e23x_crc.c **** 
  36:Drivers/GD32E23x_standard_peripheral/Source/gd32e23x_crc.c **** #include "gd32e23x_crc.h"
  37:Drivers/GD32E23x_standard_peripheral/Source/gd32e23x_crc.c **** 
  38:Drivers/GD32E23x_standard_peripheral/Source/gd32e23x_crc.c **** /*!
  39:Drivers/GD32E23x_standard_peripheral/Source/gd32e23x_crc.c ****     \brief      deinit CRC calculation unit
  40:Drivers/GD32E23x_standard_peripheral/Source/gd32e23x_crc.c ****     \param[in]  none
  41:Drivers/GD32E23x_standard_peripheral/Source/gd32e23x_crc.c ****     \param[out] none
  42:Drivers/GD32E23x_standard_peripheral/Source/gd32e23x_crc.c ****     \retval     none
  43:Drivers/GD32E23x_standard_peripheral/Source/gd32e23x_crc.c **** */
  44:Drivers/GD32E23x_standard_peripheral/Source/gd32e23x_crc.c **** void crc_deinit(void)
  45:Drivers/GD32E23x_standard_peripheral/Source/gd32e23x_crc.c **** {
  27              		.loc 1 45 1 view -0
  28              		.cfi_startproc
  29              		@ args = 0, pretend = 0, frame = 0
  30              		@ frame_needed = 0, uses_anonymous_args = 0
  31              		@ link register save eliminated.
  46:Drivers/GD32E23x_standard_peripheral/Source/gd32e23x_crc.c ****     CRC_IDATA = (uint32_t)0xFFFFFFFFU;
  32              		.loc 1 46 5 view .LVU1
  33              		.loc 1 46 15 is_stmt 0 view .LVU2
  34 0000 43F21003 		movw	r3, #12304
  35 0004 C4F20203 		movt	r3, 16386
  36 0008 0122     		movs	r2, #1
  37 000a 5242     		rsbs	r2, r2, #0
  38 000c 1A60     		str	r2, [r3]
  47:Drivers/GD32E23x_standard_peripheral/Source/gd32e23x_crc.c ****     CRC_DATA  = (uint32_t)0xFFFFFFFFU;
  39              		.loc 1 47 5 is_stmt 1 view .LVU3
  40              		.loc 1 47 15 is_stmt 0 view .LVU4
  41 000e 43F20003 		movw	r3, #12288
  42 0012 C4F20203 		movt	r3, 16386
  43 0016 1A60     		str	r2, [r3]
  48:Drivers/GD32E23x_standard_peripheral/Source/gd32e23x_crc.c ****     CRC_FDATA = (uint32_t)0x00000000U;
  44              		.loc 1 48 5 is_stmt 1 view .LVU5
  45              		.loc 1 48 15 is_stmt 0 view .LVU6
  46 0018 43F20403 		movw	r3, #12292
  47 001c C4F20203 		movt	r3, 16386
  48 0020 0022     		movs	r2, #0
  49 0022 1A60     		str	r2, [r3]
  49:Drivers/GD32E23x_standard_peripheral/Source/gd32e23x_crc.c ****     CRC_POLY  = (uint32_t)0x04C11DB7U;
  50              		.loc 1 49 5 is_stmt 1 view .LVU7
  51              		.loc 1 49 15 is_stmt 0 view .LVU8
  52 0024 43F21403 		movw	r3, #12308
  53 0028 C4F20203 		movt	r3, 16386
  54 002c 41F6B752 		movw	r2, #7607
  55 0030 C0F2C142 		movt	r2, 1217
  56 0034 1A60     		str	r2, [r3]
  50:Drivers/GD32E23x_standard_peripheral/Source/gd32e23x_crc.c ****     CRC_CTL   = CRC_CTL_RST;
  57              		.loc 1 50 5 is_stmt 1 view .LVU9
  58              		.loc 1 50 15 is_stmt 0 view .LVU10
  59 0036 43F20803 		movw	r3, #12296
  60 003a C4F20203 		movt	r3, 16386
  61 003e 0122     		movs	r2, #1
  62 0040 1A60     		str	r2, [r3]
  51:Drivers/GD32E23x_standard_peripheral/Source/gd32e23x_crc.c **** }
  63              		.loc 1 51 1 view .LVU11
  64              		@ sp needed
ARM GAS  /var/folders/rv/zq8s_02j1dj4vjvr1mm5zl2r0000gn/T//ccQ9clzc.s 			page 3


  65 0042 7047     		bx	lr
  66              		.cfi_endproc
  67              	.LFE66:
  69              		.section	.text.crc_reverse_output_data_enable,"ax",%progbits
  70              		.align	1
  71              		.global	crc_reverse_output_data_enable
  72              		.syntax unified
  73              		.code	16
  74              		.thumb_func
  75              		.fpu softvfp
  77              	crc_reverse_output_data_enable:
  78              	.LFB67:
  52:Drivers/GD32E23x_standard_peripheral/Source/gd32e23x_crc.c **** 
  53:Drivers/GD32E23x_standard_peripheral/Source/gd32e23x_crc.c **** /*!
  54:Drivers/GD32E23x_standard_peripheral/Source/gd32e23x_crc.c ****     \brief      enable the reverse operation of output data
  55:Drivers/GD32E23x_standard_peripheral/Source/gd32e23x_crc.c ****     \param[in]  none
  56:Drivers/GD32E23x_standard_peripheral/Source/gd32e23x_crc.c ****     \param[out] none
  57:Drivers/GD32E23x_standard_peripheral/Source/gd32e23x_crc.c ****     \retval     none
  58:Drivers/GD32E23x_standard_peripheral/Source/gd32e23x_crc.c **** */
  59:Drivers/GD32E23x_standard_peripheral/Source/gd32e23x_crc.c **** void crc_reverse_output_data_enable(void)
  60:Drivers/GD32E23x_standard_peripheral/Source/gd32e23x_crc.c **** {
  79              		.loc 1 60 1 is_stmt 1 view -0
  80              		.cfi_startproc
  81              		@ args = 0, pretend = 0, frame = 0
  82              		@ frame_needed = 0, uses_anonymous_args = 0
  83              		@ link register save eliminated.
  61:Drivers/GD32E23x_standard_peripheral/Source/gd32e23x_crc.c ****     CRC_CTL &= (uint32_t)(~ CRC_CTL_REV_O);
  84              		.loc 1 61 5 view .LVU13
  85              		.loc 1 61 13 is_stmt 0 view .LVU14
  86 0000 43F20803 		movw	r3, #12296
  87 0004 C4F20203 		movt	r3, 16386
  88 0008 1968     		ldr	r1, [r3]
  89 000a 8020     		movs	r0, #128
  90 000c 8143     		bics	r1, r0
  91 000e 1960     		str	r1, [r3]
  62:Drivers/GD32E23x_standard_peripheral/Source/gd32e23x_crc.c ****     CRC_CTL |= (uint32_t)CRC_CTL_REV_O;
  92              		.loc 1 62 5 is_stmt 1 view .LVU15
  93              		.loc 1 62 13 is_stmt 0 view .LVU16
  94 0010 1A68     		ldr	r2, [r3]
  95 0012 0243     		orrs	r2, r0
  96 0014 1A60     		str	r2, [r3]
  63:Drivers/GD32E23x_standard_peripheral/Source/gd32e23x_crc.c **** }
  97              		.loc 1 63 1 view .LVU17
  98              		@ sp needed
  99 0016 7047     		bx	lr
 100              		.cfi_endproc
 101              	.LFE67:
 103              		.section	.text.crc_reverse_output_data_disable,"ax",%progbits
 104              		.align	1
 105              		.global	crc_reverse_output_data_disable
 106              		.syntax unified
 107              		.code	16
 108              		.thumb_func
 109              		.fpu softvfp
 111              	crc_reverse_output_data_disable:
 112              	.LFB68:
  64:Drivers/GD32E23x_standard_peripheral/Source/gd32e23x_crc.c **** 
ARM GAS  /var/folders/rv/zq8s_02j1dj4vjvr1mm5zl2r0000gn/T//ccQ9clzc.s 			page 4


  65:Drivers/GD32E23x_standard_peripheral/Source/gd32e23x_crc.c **** /*!
  66:Drivers/GD32E23x_standard_peripheral/Source/gd32e23x_crc.c ****     \brief      disable the reverse operation of output data
  67:Drivers/GD32E23x_standard_peripheral/Source/gd32e23x_crc.c ****     \param[in]  none
  68:Drivers/GD32E23x_standard_peripheral/Source/gd32e23x_crc.c ****     \param[out] none
  69:Drivers/GD32E23x_standard_peripheral/Source/gd32e23x_crc.c ****     \retval     none
  70:Drivers/GD32E23x_standard_peripheral/Source/gd32e23x_crc.c **** */
  71:Drivers/GD32E23x_standard_peripheral/Source/gd32e23x_crc.c **** void crc_reverse_output_data_disable(void)
  72:Drivers/GD32E23x_standard_peripheral/Source/gd32e23x_crc.c **** {
 113              		.loc 1 72 1 is_stmt 1 view -0
 114              		.cfi_startproc
 115              		@ args = 0, pretend = 0, frame = 0
 116              		@ frame_needed = 0, uses_anonymous_args = 0
 117              		@ link register save eliminated.
  73:Drivers/GD32E23x_standard_peripheral/Source/gd32e23x_crc.c ****     CRC_CTL &= (uint32_t)(~ CRC_CTL_REV_O);
 118              		.loc 1 73 5 view .LVU19
 119              		.loc 1 73 13 is_stmt 0 view .LVU20
 120 0000 43F20803 		movw	r3, #12296
 121 0004 C4F20203 		movt	r3, 16386
 122 0008 1A68     		ldr	r2, [r3]
 123 000a 8021     		movs	r1, #128
 124 000c 8A43     		bics	r2, r1
 125 000e 1A60     		str	r2, [r3]
  74:Drivers/GD32E23x_standard_peripheral/Source/gd32e23x_crc.c **** }
 126              		.loc 1 74 1 view .LVU21
 127              		@ sp needed
 128 0010 7047     		bx	lr
 129              		.cfi_endproc
 130              	.LFE68:
 132              		.section	.text.crc_data_register_reset,"ax",%progbits
 133              		.align	1
 134              		.global	crc_data_register_reset
 135              		.syntax unified
 136              		.code	16
 137              		.thumb_func
 138              		.fpu softvfp
 140              	crc_data_register_reset:
 141              	.LFB69:
  75:Drivers/GD32E23x_standard_peripheral/Source/gd32e23x_crc.c **** 
  76:Drivers/GD32E23x_standard_peripheral/Source/gd32e23x_crc.c **** /*!
  77:Drivers/GD32E23x_standard_peripheral/Source/gd32e23x_crc.c ****     \brief      reset data register to the value of initializaiton data register
  78:Drivers/GD32E23x_standard_peripheral/Source/gd32e23x_crc.c ****     \param[in]  none
  79:Drivers/GD32E23x_standard_peripheral/Source/gd32e23x_crc.c ****     \param[out] none
  80:Drivers/GD32E23x_standard_peripheral/Source/gd32e23x_crc.c ****     \retval     none
  81:Drivers/GD32E23x_standard_peripheral/Source/gd32e23x_crc.c **** */
  82:Drivers/GD32E23x_standard_peripheral/Source/gd32e23x_crc.c **** void crc_data_register_reset(void)
  83:Drivers/GD32E23x_standard_peripheral/Source/gd32e23x_crc.c **** {
 142              		.loc 1 83 1 is_stmt 1 view -0
 143              		.cfi_startproc
 144              		@ args = 0, pretend = 0, frame = 0
 145              		@ frame_needed = 0, uses_anonymous_args = 0
 146              		@ link register save eliminated.
  84:Drivers/GD32E23x_standard_peripheral/Source/gd32e23x_crc.c ****     CRC_CTL |= (uint32_t)CRC_CTL_RST;
 147              		.loc 1 84 5 view .LVU23
 148              		.loc 1 84 13 is_stmt 0 view .LVU24
 149 0000 43F20803 		movw	r3, #12296
 150 0004 C4F20203 		movt	r3, 16386
 151 0008 1A68     		ldr	r2, [r3]
ARM GAS  /var/folders/rv/zq8s_02j1dj4vjvr1mm5zl2r0000gn/T//ccQ9clzc.s 			page 5


 152 000a 0121     		movs	r1, #1
 153 000c 0A43     		orrs	r2, r1
 154 000e 1A60     		str	r2, [r3]
  85:Drivers/GD32E23x_standard_peripheral/Source/gd32e23x_crc.c **** }
 155              		.loc 1 85 1 view .LVU25
 156              		@ sp needed
 157 0010 7047     		bx	lr
 158              		.cfi_endproc
 159              	.LFE69:
 161              		.section	.text.crc_data_register_read,"ax",%progbits
 162              		.align	1
 163              		.global	crc_data_register_read
 164              		.syntax unified
 165              		.code	16
 166              		.thumb_func
 167              		.fpu softvfp
 169              	crc_data_register_read:
 170              	.LFB70:
  86:Drivers/GD32E23x_standard_peripheral/Source/gd32e23x_crc.c **** 
  87:Drivers/GD32E23x_standard_peripheral/Source/gd32e23x_crc.c **** /*!
  88:Drivers/GD32E23x_standard_peripheral/Source/gd32e23x_crc.c ****     \brief      read the data register 
  89:Drivers/GD32E23x_standard_peripheral/Source/gd32e23x_crc.c ****     \param[in]  none
  90:Drivers/GD32E23x_standard_peripheral/Source/gd32e23x_crc.c ****     \param[out] none
  91:Drivers/GD32E23x_standard_peripheral/Source/gd32e23x_crc.c ****     \retval     32-bit value of the data register
  92:Drivers/GD32E23x_standard_peripheral/Source/gd32e23x_crc.c **** */
  93:Drivers/GD32E23x_standard_peripheral/Source/gd32e23x_crc.c **** uint32_t crc_data_register_read(void)
  94:Drivers/GD32E23x_standard_peripheral/Source/gd32e23x_crc.c **** {
 171              		.loc 1 94 1 is_stmt 1 view -0
 172              		.cfi_startproc
 173              		@ args = 0, pretend = 0, frame = 0
 174              		@ frame_needed = 0, uses_anonymous_args = 0
 175              		@ link register save eliminated.
  95:Drivers/GD32E23x_standard_peripheral/Source/gd32e23x_crc.c ****     uint32_t data;
 176              		.loc 1 95 5 view .LVU27
  96:Drivers/GD32E23x_standard_peripheral/Source/gd32e23x_crc.c ****     data = CRC_DATA;
 177              		.loc 1 96 5 view .LVU28
 178              		.loc 1 96 10 is_stmt 0 view .LVU29
 179 0000 43F20003 		movw	r3, #12288
 180 0004 C4F20203 		movt	r3, 16386
 181 0008 1868     		ldr	r0, [r3]
 182              	.LVL0:
  97:Drivers/GD32E23x_standard_peripheral/Source/gd32e23x_crc.c ****     return (data);
 183              		.loc 1 97 5 is_stmt 1 view .LVU30
  98:Drivers/GD32E23x_standard_peripheral/Source/gd32e23x_crc.c **** }
 184              		.loc 1 98 1 is_stmt 0 view .LVU31
 185              		@ sp needed
 186 000a 7047     		bx	lr
 187              		.cfi_endproc
 188              	.LFE70:
 190              		.section	.text.crc_free_data_register_read,"ax",%progbits
 191              		.align	1
 192              		.global	crc_free_data_register_read
 193              		.syntax unified
 194              		.code	16
 195              		.thumb_func
 196              		.fpu softvfp
 198              	crc_free_data_register_read:
ARM GAS  /var/folders/rv/zq8s_02j1dj4vjvr1mm5zl2r0000gn/T//ccQ9clzc.s 			page 6


 199              	.LFB71:
  99:Drivers/GD32E23x_standard_peripheral/Source/gd32e23x_crc.c **** 
 100:Drivers/GD32E23x_standard_peripheral/Source/gd32e23x_crc.c **** /*!
 101:Drivers/GD32E23x_standard_peripheral/Source/gd32e23x_crc.c ****     \brief      read the free data register
 102:Drivers/GD32E23x_standard_peripheral/Source/gd32e23x_crc.c ****     \param[in]  none
 103:Drivers/GD32E23x_standard_peripheral/Source/gd32e23x_crc.c ****     \param[out] none
 104:Drivers/GD32E23x_standard_peripheral/Source/gd32e23x_crc.c ****     \retval     8-bit value of the free data register
 105:Drivers/GD32E23x_standard_peripheral/Source/gd32e23x_crc.c **** */
 106:Drivers/GD32E23x_standard_peripheral/Source/gd32e23x_crc.c **** uint8_t crc_free_data_register_read(void)
 107:Drivers/GD32E23x_standard_peripheral/Source/gd32e23x_crc.c **** {
 200              		.loc 1 107 1 is_stmt 1 view -0
 201              		.cfi_startproc
 202              		@ args = 0, pretend = 0, frame = 0
 203              		@ frame_needed = 0, uses_anonymous_args = 0
 204              		@ link register save eliminated.
 108:Drivers/GD32E23x_standard_peripheral/Source/gd32e23x_crc.c ****     uint8_t fdata;
 205              		.loc 1 108 5 view .LVU33
 109:Drivers/GD32E23x_standard_peripheral/Source/gd32e23x_crc.c ****     fdata = (uint8_t)CRC_FDATA;
 206              		.loc 1 109 5 view .LVU34
 207              		.loc 1 109 22 is_stmt 0 view .LVU35
 208 0000 43F20403 		movw	r3, #12292
 209 0004 C4F20203 		movt	r3, 16386
 210 0008 1868     		ldr	r0, [r3]
 211              		.loc 1 109 11 view .LVU36
 212 000a C0B2     		uxtb	r0, r0
 213              	.LVL1:
 110:Drivers/GD32E23x_standard_peripheral/Source/gd32e23x_crc.c ****     return (fdata);
 214              		.loc 1 110 5 is_stmt 1 view .LVU37
 111:Drivers/GD32E23x_standard_peripheral/Source/gd32e23x_crc.c **** }
 215              		.loc 1 111 1 is_stmt 0 view .LVU38
 216              		@ sp needed
 217 000c 7047     		bx	lr
 218              		.cfi_endproc
 219              	.LFE71:
 221              		.section	.text.crc_free_data_register_write,"ax",%progbits
 222              		.align	1
 223              		.global	crc_free_data_register_write
 224              		.syntax unified
 225              		.code	16
 226              		.thumb_func
 227              		.fpu softvfp
 229              	crc_free_data_register_write:
 230              	.LVL2:
 231              	.LFB72:
 112:Drivers/GD32E23x_standard_peripheral/Source/gd32e23x_crc.c **** 
 113:Drivers/GD32E23x_standard_peripheral/Source/gd32e23x_crc.c **** /*!
 114:Drivers/GD32E23x_standard_peripheral/Source/gd32e23x_crc.c ****     \brief      write the free data register
 115:Drivers/GD32E23x_standard_peripheral/Source/gd32e23x_crc.c ****     \param[in]  free_data: specify 8-bit data
 116:Drivers/GD32E23x_standard_peripheral/Source/gd32e23x_crc.c ****     \param[out] none
 117:Drivers/GD32E23x_standard_peripheral/Source/gd32e23x_crc.c ****     \retval     none
 118:Drivers/GD32E23x_standard_peripheral/Source/gd32e23x_crc.c **** */
 119:Drivers/GD32E23x_standard_peripheral/Source/gd32e23x_crc.c **** void crc_free_data_register_write(uint8_t free_data)
 120:Drivers/GD32E23x_standard_peripheral/Source/gd32e23x_crc.c **** {
 232              		.loc 1 120 1 is_stmt 1 view -0
 233              		.cfi_startproc
 234              		@ args = 0, pretend = 0, frame = 0
 235              		@ frame_needed = 0, uses_anonymous_args = 0
ARM GAS  /var/folders/rv/zq8s_02j1dj4vjvr1mm5zl2r0000gn/T//ccQ9clzc.s 			page 7


 236              		@ link register save eliminated.
 121:Drivers/GD32E23x_standard_peripheral/Source/gd32e23x_crc.c ****     CRC_FDATA = (uint32_t)free_data;
 237              		.loc 1 121 5 view .LVU40
 238              		.loc 1 121 15 is_stmt 0 view .LVU41
 239 0000 43F20403 		movw	r3, #12292
 240 0004 C4F20203 		movt	r3, 16386
 241 0008 1860     		str	r0, [r3]
 122:Drivers/GD32E23x_standard_peripheral/Source/gd32e23x_crc.c **** }
 242              		.loc 1 122 1 view .LVU42
 243              		@ sp needed
 244 000a 7047     		bx	lr
 245              		.cfi_endproc
 246              	.LFE72:
 248              		.section	.text.crc_init_data_register_write,"ax",%progbits
 249              		.align	1
 250              		.global	crc_init_data_register_write
 251              		.syntax unified
 252              		.code	16
 253              		.thumb_func
 254              		.fpu softvfp
 256              	crc_init_data_register_write:
 257              	.LVL3:
 258              	.LFB73:
 123:Drivers/GD32E23x_standard_peripheral/Source/gd32e23x_crc.c **** 
 124:Drivers/GD32E23x_standard_peripheral/Source/gd32e23x_crc.c **** /*!
 125:Drivers/GD32E23x_standard_peripheral/Source/gd32e23x_crc.c ****     \brief      write the initializaiton data register
 126:Drivers/GD32E23x_standard_peripheral/Source/gd32e23x_crc.c ****     \param[in]  init_data:specify 32-bit data
 127:Drivers/GD32E23x_standard_peripheral/Source/gd32e23x_crc.c ****     \param[out] none
 128:Drivers/GD32E23x_standard_peripheral/Source/gd32e23x_crc.c ****     \retval     none
 129:Drivers/GD32E23x_standard_peripheral/Source/gd32e23x_crc.c **** */
 130:Drivers/GD32E23x_standard_peripheral/Source/gd32e23x_crc.c **** void crc_init_data_register_write(uint32_t init_data)
 131:Drivers/GD32E23x_standard_peripheral/Source/gd32e23x_crc.c **** {
 259              		.loc 1 131 1 is_stmt 1 view -0
 260              		.cfi_startproc
 261              		@ args = 0, pretend = 0, frame = 0
 262              		@ frame_needed = 0, uses_anonymous_args = 0
 263              		@ link register save eliminated.
 132:Drivers/GD32E23x_standard_peripheral/Source/gd32e23x_crc.c ****     CRC_IDATA = (uint32_t)init_data;
 264              		.loc 1 132 5 view .LVU44
 265              		.loc 1 132 15 is_stmt 0 view .LVU45
 266 0000 43F21003 		movw	r3, #12304
 267 0004 C4F20203 		movt	r3, 16386
 268 0008 1860     		str	r0, [r3]
 133:Drivers/GD32E23x_standard_peripheral/Source/gd32e23x_crc.c **** }
 269              		.loc 1 133 1 view .LVU46
 270              		@ sp needed
 271 000a 7047     		bx	lr
 272              		.cfi_endproc
 273              	.LFE73:
 275              		.section	.text.crc_input_data_reverse_config,"ax",%progbits
 276              		.align	1
 277              		.global	crc_input_data_reverse_config
 278              		.syntax unified
 279              		.code	16
 280              		.thumb_func
 281              		.fpu softvfp
 283              	crc_input_data_reverse_config:
ARM GAS  /var/folders/rv/zq8s_02j1dj4vjvr1mm5zl2r0000gn/T//ccQ9clzc.s 			page 8


 284              	.LVL4:
 285              	.LFB74:
 134:Drivers/GD32E23x_standard_peripheral/Source/gd32e23x_crc.c **** 
 135:Drivers/GD32E23x_standard_peripheral/Source/gd32e23x_crc.c **** /*!
 136:Drivers/GD32E23x_standard_peripheral/Source/gd32e23x_crc.c ****     \brief      configure the CRC input data function
 137:Drivers/GD32E23x_standard_peripheral/Source/gd32e23x_crc.c ****     \param[in]  data_reverse: specify input data reverse function
 138:Drivers/GD32E23x_standard_peripheral/Source/gd32e23x_crc.c ****                 only one parameter can be selected which is shown as below:
 139:Drivers/GD32E23x_standard_peripheral/Source/gd32e23x_crc.c ****       \arg        CRC_INPUT_DATA_NOT: input data is not reversed
 140:Drivers/GD32E23x_standard_peripheral/Source/gd32e23x_crc.c ****       \arg        CRC_INPUT_DATA_BYTE: input data is reversed on 8 bits
 141:Drivers/GD32E23x_standard_peripheral/Source/gd32e23x_crc.c ****       \arg        CRC_INPUT_DATA_HALFWORD: input data is reversed on 16 bits
 142:Drivers/GD32E23x_standard_peripheral/Source/gd32e23x_crc.c ****       \arg        CRC_INPUT_DATA_WORD: input data is reversed on 32 bits
 143:Drivers/GD32E23x_standard_peripheral/Source/gd32e23x_crc.c ****     \param[out] none
 144:Drivers/GD32E23x_standard_peripheral/Source/gd32e23x_crc.c ****     \retval     none
 145:Drivers/GD32E23x_standard_peripheral/Source/gd32e23x_crc.c **** */
 146:Drivers/GD32E23x_standard_peripheral/Source/gd32e23x_crc.c **** void crc_input_data_reverse_config(uint32_t data_reverse)
 147:Drivers/GD32E23x_standard_peripheral/Source/gd32e23x_crc.c **** {
 286              		.loc 1 147 1 is_stmt 1 view -0
 287              		.cfi_startproc
 288              		@ args = 0, pretend = 0, frame = 0
 289              		@ frame_needed = 0, uses_anonymous_args = 0
 290              		@ link register save eliminated.
 148:Drivers/GD32E23x_standard_peripheral/Source/gd32e23x_crc.c ****     CRC_CTL &= (uint32_t)(~CRC_CTL_REV_I);
 291              		.loc 1 148 5 view .LVU48
 292              		.loc 1 148 13 is_stmt 0 view .LVU49
 293 0000 43F20803 		movw	r3, #12296
 294 0004 C4F20203 		movt	r3, 16386
 295 0008 1968     		ldr	r1, [r3]
 296 000a 6022     		movs	r2, #96
 297 000c 9143     		bics	r1, r2
 298 000e 1960     		str	r1, [r3]
 149:Drivers/GD32E23x_standard_peripheral/Source/gd32e23x_crc.c ****     CRC_CTL |= (uint32_t)data_reverse;
 299              		.loc 1 149 5 is_stmt 1 view .LVU50
 300              		.loc 1 149 13 is_stmt 0 view .LVU51
 301 0010 1A68     		ldr	r2, [r3]
 302 0012 0243     		orrs	r2, r0
 303 0014 1A60     		str	r2, [r3]
 150:Drivers/GD32E23x_standard_peripheral/Source/gd32e23x_crc.c **** }
 304              		.loc 1 150 1 view .LVU52
 305              		@ sp needed
 306 0016 7047     		bx	lr
 307              		.cfi_endproc
 308              	.LFE74:
 310              		.section	.text.crc_polynomial_size_set,"ax",%progbits
 311              		.align	1
 312              		.global	crc_polynomial_size_set
 313              		.syntax unified
 314              		.code	16
 315              		.thumb_func
 316              		.fpu softvfp
 318              	crc_polynomial_size_set:
 319              	.LVL5:
 320              	.LFB75:
 151:Drivers/GD32E23x_standard_peripheral/Source/gd32e23x_crc.c **** 
 152:Drivers/GD32E23x_standard_peripheral/Source/gd32e23x_crc.c **** /*!
 153:Drivers/GD32E23x_standard_peripheral/Source/gd32e23x_crc.c ****     \brief      configure the CRC size of polynomial function
 154:Drivers/GD32E23x_standard_peripheral/Source/gd32e23x_crc.c ****     \param[in]  poly_size: size of polynomial
 155:Drivers/GD32E23x_standard_peripheral/Source/gd32e23x_crc.c ****                 only one parameter can be selected which is shown as below:
ARM GAS  /var/folders/rv/zq8s_02j1dj4vjvr1mm5zl2r0000gn/T//ccQ9clzc.s 			page 9


 156:Drivers/GD32E23x_standard_peripheral/Source/gd32e23x_crc.c ****       \arg        CRC_CTL_PS_32: 32-bit polynomial for CRC calculation
 157:Drivers/GD32E23x_standard_peripheral/Source/gd32e23x_crc.c ****       \arg        CRC_CTL_PS_16: 16-bit polynomial for CRC calculation
 158:Drivers/GD32E23x_standard_peripheral/Source/gd32e23x_crc.c ****       \arg        CRC_CTL_PS_8: 8-bit polynomial for CRC calculation
 159:Drivers/GD32E23x_standard_peripheral/Source/gd32e23x_crc.c ****       \arg        CRC_CTL_PS_7: 7-bit polynomial for CRC calculation
 160:Drivers/GD32E23x_standard_peripheral/Source/gd32e23x_crc.c ****     \param[out] none
 161:Drivers/GD32E23x_standard_peripheral/Source/gd32e23x_crc.c ****     \retval     none
 162:Drivers/GD32E23x_standard_peripheral/Source/gd32e23x_crc.c **** */
 163:Drivers/GD32E23x_standard_peripheral/Source/gd32e23x_crc.c **** void crc_polynomial_size_set(uint32_t poly_size)
 164:Drivers/GD32E23x_standard_peripheral/Source/gd32e23x_crc.c **** {
 321              		.loc 1 164 1 is_stmt 1 view -0
 322              		.cfi_startproc
 323              		@ args = 0, pretend = 0, frame = 0
 324              		@ frame_needed = 0, uses_anonymous_args = 0
 325              		@ link register save eliminated.
 165:Drivers/GD32E23x_standard_peripheral/Source/gd32e23x_crc.c ****     CRC_CTL &= (uint32_t)(~(CRC_CTL_PS));
 326              		.loc 1 165 5 view .LVU54
 327              		.loc 1 165 13 is_stmt 0 view .LVU55
 328 0000 43F20803 		movw	r3, #12296
 329 0004 C4F20203 		movt	r3, 16386
 330 0008 1968     		ldr	r1, [r3]
 331 000a 1822     		movs	r2, #24
 332 000c 9143     		bics	r1, r2
 333 000e 1960     		str	r1, [r3]
 166:Drivers/GD32E23x_standard_peripheral/Source/gd32e23x_crc.c ****     CRC_CTL |= (uint32_t)poly_size;
 334              		.loc 1 166 5 is_stmt 1 view .LVU56
 335              		.loc 1 166 13 is_stmt 0 view .LVU57
 336 0010 1A68     		ldr	r2, [r3]
 337 0012 0243     		orrs	r2, r0
 338 0014 1A60     		str	r2, [r3]
 167:Drivers/GD32E23x_standard_peripheral/Source/gd32e23x_crc.c **** }
 339              		.loc 1 167 1 view .LVU58
 340              		@ sp needed
 341 0016 7047     		bx	lr
 342              		.cfi_endproc
 343              	.LFE75:
 345              		.section	.text.crc_polynomial_set,"ax",%progbits
 346              		.align	1
 347              		.global	crc_polynomial_set
 348              		.syntax unified
 349              		.code	16
 350              		.thumb_func
 351              		.fpu softvfp
 353              	crc_polynomial_set:
 354              	.LVL6:
 355              	.LFB76:
 168:Drivers/GD32E23x_standard_peripheral/Source/gd32e23x_crc.c **** 
 169:Drivers/GD32E23x_standard_peripheral/Source/gd32e23x_crc.c **** /*!
 170:Drivers/GD32E23x_standard_peripheral/Source/gd32e23x_crc.c ****     \brief      configure the CRC polynomial value function
 171:Drivers/GD32E23x_standard_peripheral/Source/gd32e23x_crc.c ****     \param[in]  poly: configurable polynomial value
 172:Drivers/GD32E23x_standard_peripheral/Source/gd32e23x_crc.c ****     \param[out] none
 173:Drivers/GD32E23x_standard_peripheral/Source/gd32e23x_crc.c ****     \retval     none
 174:Drivers/GD32E23x_standard_peripheral/Source/gd32e23x_crc.c **** */
 175:Drivers/GD32E23x_standard_peripheral/Source/gd32e23x_crc.c **** void crc_polynomial_set(uint32_t poly)
 176:Drivers/GD32E23x_standard_peripheral/Source/gd32e23x_crc.c **** {
 356              		.loc 1 176 1 is_stmt 1 view -0
 357              		.cfi_startproc
 358              		@ args = 0, pretend = 0, frame = 0
ARM GAS  /var/folders/rv/zq8s_02j1dj4vjvr1mm5zl2r0000gn/T//ccQ9clzc.s 			page 10


 359              		@ frame_needed = 0, uses_anonymous_args = 0
 360              		@ link register save eliminated.
 177:Drivers/GD32E23x_standard_peripheral/Source/gd32e23x_crc.c ****     CRC_POLY &= (uint32_t)(~CRC_POLY_POLY);
 361              		.loc 1 177 5 view .LVU60
 362              		.loc 1 177 14 is_stmt 0 view .LVU61
 363 0000 43F21403 		movw	r3, #12308
 364 0004 C4F20203 		movt	r3, 16386
 365 0008 1A68     		ldr	r2, [r3]
 366 000a 0022     		movs	r2, #0
 367 000c 1A60     		str	r2, [r3]
 178:Drivers/GD32E23x_standard_peripheral/Source/gd32e23x_crc.c ****     CRC_POLY = poly;
 368              		.loc 1 178 5 is_stmt 1 view .LVU62
 369              		.loc 1 178 14 is_stmt 0 view .LVU63
 370 000e 1860     		str	r0, [r3]
 179:Drivers/GD32E23x_standard_peripheral/Source/gd32e23x_crc.c **** }
 371              		.loc 1 179 1 view .LVU64
 372              		@ sp needed
 373 0010 7047     		bx	lr
 374              		.cfi_endproc
 375              	.LFE76:
 377              		.section	.text.crc_single_data_calculate,"ax",%progbits
 378              		.align	1
 379              		.global	crc_single_data_calculate
 380              		.syntax unified
 381              		.code	16
 382              		.thumb_func
 383              		.fpu softvfp
 385              	crc_single_data_calculate:
 386              	.LVL7:
 387              	.LFB77:
 180:Drivers/GD32E23x_standard_peripheral/Source/gd32e23x_crc.c **** 
 181:Drivers/GD32E23x_standard_peripheral/Source/gd32e23x_crc.c **** /*!
 182:Drivers/GD32E23x_standard_peripheral/Source/gd32e23x_crc.c ****     \brief      CRC calculate single data
 183:Drivers/GD32E23x_standard_peripheral/Source/gd32e23x_crc.c ****     \param[in]  sdata: specify input data
 184:Drivers/GD32E23x_standard_peripheral/Source/gd32e23x_crc.c ****     \param[in]  data_format: input data format
 185:Drivers/GD32E23x_standard_peripheral/Source/gd32e23x_crc.c ****                 only one parameter can be selected which is shown as below:
 186:Drivers/GD32E23x_standard_peripheral/Source/gd32e23x_crc.c ****       \arg        INPUT_FORMAT_WORD: input data in word format
 187:Drivers/GD32E23x_standard_peripheral/Source/gd32e23x_crc.c ****       \arg        INPUT_FORMAT_HALFWORD: input data in half-word format
 188:Drivers/GD32E23x_standard_peripheral/Source/gd32e23x_crc.c ****       \arg        INPUT_FORMAT_BYTE: input data in byte format
 189:Drivers/GD32E23x_standard_peripheral/Source/gd32e23x_crc.c ****     \param[out] none
 190:Drivers/GD32E23x_standard_peripheral/Source/gd32e23x_crc.c ****     \retval     CRC calculate value
 191:Drivers/GD32E23x_standard_peripheral/Source/gd32e23x_crc.c **** */
 192:Drivers/GD32E23x_standard_peripheral/Source/gd32e23x_crc.c **** uint32_t crc_single_data_calculate(uint32_t sdata, uint8_t data_format)
 193:Drivers/GD32E23x_standard_peripheral/Source/gd32e23x_crc.c **** {
 388              		.loc 1 193 1 is_stmt 1 view -0
 389              		.cfi_startproc
 390              		@ args = 0, pretend = 0, frame = 0
 391              		@ frame_needed = 0, uses_anonymous_args = 0
 392              		@ link register save eliminated.
 194:Drivers/GD32E23x_standard_peripheral/Source/gd32e23x_crc.c ****     if(INPUT_FORMAT_WORD == data_format){
 393              		.loc 1 194 5 view .LVU66
 394              		.loc 1 194 7 is_stmt 0 view .LVU67
 395 0000 51B9     		cbnz	r1, .L13
 195:Drivers/GD32E23x_standard_peripheral/Source/gd32e23x_crc.c ****         REG32(CRC) = sdata;
 396              		.loc 1 195 9 is_stmt 1 view .LVU68
 397              		.loc 1 195 20 is_stmt 0 view .LVU69
 398 0002 43F20003 		movw	r3, #12288
ARM GAS  /var/folders/rv/zq8s_02j1dj4vjvr1mm5zl2r0000gn/T//ccQ9clzc.s 			page 11


 399 0006 C4F20203 		movt	r3, 16386
 400 000a 1860     		str	r0, [r3]
 401              	.LVL8:
 402              	.L14:
 196:Drivers/GD32E23x_standard_peripheral/Source/gd32e23x_crc.c ****     }else if(INPUT_FORMAT_HALFWORD == data_format){
 197:Drivers/GD32E23x_standard_peripheral/Source/gd32e23x_crc.c ****         REG16(CRC) = (uint16_t)sdata;
 198:Drivers/GD32E23x_standard_peripheral/Source/gd32e23x_crc.c ****     }else{
 199:Drivers/GD32E23x_standard_peripheral/Source/gd32e23x_crc.c ****         REG8(CRC) = (uint8_t)sdata;
 200:Drivers/GD32E23x_standard_peripheral/Source/gd32e23x_crc.c ****     }
 201:Drivers/GD32E23x_standard_peripheral/Source/gd32e23x_crc.c **** 
 202:Drivers/GD32E23x_standard_peripheral/Source/gd32e23x_crc.c ****     return(CRC_DATA);
 403              		.loc 1 202 5 is_stmt 1 view .LVU70
 404              		.loc 1 202 12 is_stmt 0 view .LVU71
 405 000c 43F20003 		movw	r3, #12288
 406 0010 C4F20203 		movt	r3, 16386
 407 0014 1868     		ldr	r0, [r3]
 203:Drivers/GD32E23x_standard_peripheral/Source/gd32e23x_crc.c **** }
 408              		.loc 1 203 1 view .LVU72
 409              		@ sp needed
 410 0016 7047     		bx	lr
 411              	.LVL9:
 412              	.L13:
 196:Drivers/GD32E23x_standard_peripheral/Source/gd32e23x_crc.c ****     }else if(INPUT_FORMAT_HALFWORD == data_format){
 413              		.loc 1 196 11 is_stmt 1 view .LVU73
 196:Drivers/GD32E23x_standard_peripheral/Source/gd32e23x_crc.c ****     }else if(INPUT_FORMAT_HALFWORD == data_format){
 414              		.loc 1 196 13 is_stmt 0 view .LVU74
 415 0018 0129     		cmp	r1, #1
 416 001a 06D0     		beq	.L16
 199:Drivers/GD32E23x_standard_peripheral/Source/gd32e23x_crc.c ****     }
 417              		.loc 1 199 9 is_stmt 1 view .LVU75
 199:Drivers/GD32E23x_standard_peripheral/Source/gd32e23x_crc.c ****     }
 418              		.loc 1 199 21 is_stmt 0 view .LVU76
 419 001c C0B2     		uxtb	r0, r0
 420              	.LVL10:
 199:Drivers/GD32E23x_standard_peripheral/Source/gd32e23x_crc.c ****     }
 421              		.loc 1 199 19 view .LVU77
 422 001e 43F20003 		movw	r3, #12288
 423 0022 C4F20203 		movt	r3, 16386
 424 0026 1870     		strb	r0, [r3]
 425 0028 F0E7     		b	.L14
 426              	.LVL11:
 427              	.L16:
 197:Drivers/GD32E23x_standard_peripheral/Source/gd32e23x_crc.c ****     }else{
 428              		.loc 1 197 9 is_stmt 1 view .LVU78
 197:Drivers/GD32E23x_standard_peripheral/Source/gd32e23x_crc.c ****     }else{
 429              		.loc 1 197 22 is_stmt 0 view .LVU79
 430 002a 80B2     		uxth	r0, r0
 431              	.LVL12:
 197:Drivers/GD32E23x_standard_peripheral/Source/gd32e23x_crc.c ****     }else{
 432              		.loc 1 197 20 view .LVU80
 433 002c 43F20003 		movw	r3, #12288
 434 0030 C4F20203 		movt	r3, 16386
 435 0034 1880     		strh	r0, [r3]
 436 0036 E9E7     		b	.L14
 437              		.cfi_endproc
 438              	.LFE77:
 440              		.section	.text.crc_block_data_calculate,"ax",%progbits
ARM GAS  /var/folders/rv/zq8s_02j1dj4vjvr1mm5zl2r0000gn/T//ccQ9clzc.s 			page 12


 441              		.align	1
 442              		.global	crc_block_data_calculate
 443              		.syntax unified
 444              		.code	16
 445              		.thumb_func
 446              		.fpu softvfp
 448              	crc_block_data_calculate:
 449              	.LVL13:
 450              	.LFB78:
 204:Drivers/GD32E23x_standard_peripheral/Source/gd32e23x_crc.c **** 
 205:Drivers/GD32E23x_standard_peripheral/Source/gd32e23x_crc.c **** /*!
 206:Drivers/GD32E23x_standard_peripheral/Source/gd32e23x_crc.c ****     \brief      CRC calculate a data array
 207:Drivers/GD32E23x_standard_peripheral/Source/gd32e23x_crc.c ****     \param[in]  array: pointer to the input data array
 208:Drivers/GD32E23x_standard_peripheral/Source/gd32e23x_crc.c ****     \param[in]  size: size of the array
 209:Drivers/GD32E23x_standard_peripheral/Source/gd32e23x_crc.c ****     \param[in]  data_format: input data format
 210:Drivers/GD32E23x_standard_peripheral/Source/gd32e23x_crc.c ****                 only one parameter can be selected which is shown as below:
 211:Drivers/GD32E23x_standard_peripheral/Source/gd32e23x_crc.c ****       \arg        INPUT_FORMAT_WORD: input data in word format
 212:Drivers/GD32E23x_standard_peripheral/Source/gd32e23x_crc.c ****       \arg        INPUT_FORMAT_HALFWORD: input data in half-word format
 213:Drivers/GD32E23x_standard_peripheral/Source/gd32e23x_crc.c ****       \arg        INPUT_FORMAT_BYTE: input data in byte format
 214:Drivers/GD32E23x_standard_peripheral/Source/gd32e23x_crc.c ****     \param[out] none
 215:Drivers/GD32E23x_standard_peripheral/Source/gd32e23x_crc.c ****     \retval     CRC calculate value
 216:Drivers/GD32E23x_standard_peripheral/Source/gd32e23x_crc.c **** */
 217:Drivers/GD32E23x_standard_peripheral/Source/gd32e23x_crc.c **** uint32_t crc_block_data_calculate(void *array, uint32_t size, uint8_t data_format)
 218:Drivers/GD32E23x_standard_peripheral/Source/gd32e23x_crc.c **** {
 451              		.loc 1 218 1 is_stmt 1 view -0
 452              		.cfi_startproc
 453              		@ args = 0, pretend = 0, frame = 0
 454              		@ frame_needed = 0, uses_anonymous_args = 0
 455              		.loc 1 218 1 is_stmt 0 view .LVU82
 456 0000 10B5     		push	{r4, lr}
 457              	.LCFI0:
 458              		.cfi_def_cfa_offset 8
 459              		.cfi_offset 4, -8
 460              		.cfi_offset 14, -4
 219:Drivers/GD32E23x_standard_peripheral/Source/gd32e23x_crc.c ****     uint8_t *data8;
 461              		.loc 1 219 5 is_stmt 1 view .LVU83
 220:Drivers/GD32E23x_standard_peripheral/Source/gd32e23x_crc.c ****     uint16_t *data16;
 462              		.loc 1 220 5 view .LVU84
 221:Drivers/GD32E23x_standard_peripheral/Source/gd32e23x_crc.c ****     uint32_t *data32;
 463              		.loc 1 221 5 view .LVU85
 222:Drivers/GD32E23x_standard_peripheral/Source/gd32e23x_crc.c ****     uint32_t index;
 464              		.loc 1 222 5 view .LVU86
 223:Drivers/GD32E23x_standard_peripheral/Source/gd32e23x_crc.c **** 
 224:Drivers/GD32E23x_standard_peripheral/Source/gd32e23x_crc.c ****     if(INPUT_FORMAT_WORD == data_format){
 465              		.loc 1 224 5 view .LVU87
 466              		.loc 1 224 7 is_stmt 0 view .LVU88
 467 0002 9AB1     		cbz	r2, .L26
 225:Drivers/GD32E23x_standard_peripheral/Source/gd32e23x_crc.c ****         data32 = (uint32_t *)array;
 226:Drivers/GD32E23x_standard_peripheral/Source/gd32e23x_crc.c ****         for(index = 0U; index < size; index++){
 227:Drivers/GD32E23x_standard_peripheral/Source/gd32e23x_crc.c ****             REG32(CRC) = data32[index];
 228:Drivers/GD32E23x_standard_peripheral/Source/gd32e23x_crc.c ****         }
 229:Drivers/GD32E23x_standard_peripheral/Source/gd32e23x_crc.c ****     }else if(INPUT_FORMAT_HALFWORD == data_format){
 468              		.loc 1 229 11 is_stmt 1 view .LVU89
 469              		.loc 1 229 13 is_stmt 0 view .LVU90
 470 0004 012A     		cmp	r2, #1
 471 0006 1ED0     		beq	.L27
 230:Drivers/GD32E23x_standard_peripheral/Source/gd32e23x_crc.c ****         data16 = (uint16_t *)array;
ARM GAS  /var/folders/rv/zq8s_02j1dj4vjvr1mm5zl2r0000gn/T//ccQ9clzc.s 			page 13


 231:Drivers/GD32E23x_standard_peripheral/Source/gd32e23x_crc.c ****         for(index = 0U; index < size; index++){
 232:Drivers/GD32E23x_standard_peripheral/Source/gd32e23x_crc.c ****             REG16(CRC) = data16[index];
 233:Drivers/GD32E23x_standard_peripheral/Source/gd32e23x_crc.c ****         }
 234:Drivers/GD32E23x_standard_peripheral/Source/gd32e23x_crc.c ****     }else{
 235:Drivers/GD32E23x_standard_peripheral/Source/gd32e23x_crc.c ****         data8 = (uint8_t *)array;
 236:Drivers/GD32E23x_standard_peripheral/Source/gd32e23x_crc.c ****         for(index = 0U; index < size; index++){
 472              		.loc 1 236 19 view .LVU91
 473 0008 0023     		movs	r3, #0
 474 000a 25E0     		b	.L23
 475              	.LVL14:
 476              	.L20:
 227:Drivers/GD32E23x_standard_peripheral/Source/gd32e23x_crc.c ****         }
 477              		.loc 1 227 13 is_stmt 1 discriminator 3 view .LVU92
 227:Drivers/GD32E23x_standard_peripheral/Source/gd32e23x_crc.c ****         }
 478              		.loc 1 227 32 is_stmt 0 discriminator 3 view .LVU93
 479 000c 9A00     		lsls	r2, r3, #2
 480 000e 1458     		ldr	r4, [r2, r0]
 227:Drivers/GD32E23x_standard_peripheral/Source/gd32e23x_crc.c ****         }
 481              		.loc 1 227 24 discriminator 3 view .LVU94
 482 0010 43F20002 		movw	r2, #12288
 483 0014 C4F20202 		movt	r2, 16386
 484 0018 1460     		str	r4, [r2]
 226:Drivers/GD32E23x_standard_peripheral/Source/gd32e23x_crc.c ****             REG32(CRC) = data32[index];
 485              		.loc 1 226 39 is_stmt 1 discriminator 3 view .LVU95
 226:Drivers/GD32E23x_standard_peripheral/Source/gd32e23x_crc.c ****             REG32(CRC) = data32[index];
 486              		.loc 1 226 44 is_stmt 0 discriminator 3 view .LVU96
 487 001a 0133     		adds	r3, r3, #1
 488              	.LVL15:
 489              	.L18:
 226:Drivers/GD32E23x_standard_peripheral/Source/gd32e23x_crc.c ****             REG32(CRC) = data32[index];
 490              		.loc 1 226 25 is_stmt 1 discriminator 1 view .LVU97
 226:Drivers/GD32E23x_standard_peripheral/Source/gd32e23x_crc.c ****             REG32(CRC) = data32[index];
 491              		.loc 1 226 9 is_stmt 0 discriminator 1 view .LVU98
 492 001c 8B42     		cmp	r3, r1
 493 001e F5D3     		bcc	.L20
 494              	.L21:
 237:Drivers/GD32E23x_standard_peripheral/Source/gd32e23x_crc.c ****             REG8(CRC) =  data8[index];
 238:Drivers/GD32E23x_standard_peripheral/Source/gd32e23x_crc.c ****         }
 239:Drivers/GD32E23x_standard_peripheral/Source/gd32e23x_crc.c ****     }
 240:Drivers/GD32E23x_standard_peripheral/Source/gd32e23x_crc.c **** 
 241:Drivers/GD32E23x_standard_peripheral/Source/gd32e23x_crc.c ****     return (CRC_DATA);
 495              		.loc 1 241 5 is_stmt 1 view .LVU99
 496              		.loc 1 241 13 is_stmt 0 view .LVU100
 497 0020 43F20003 		movw	r3, #12288
 498              	.LVL16:
 499              		.loc 1 241 13 view .LVU101
 500 0024 C4F20203 		movt	r3, 16386
 501 0028 1868     		ldr	r0, [r3]
 502              	.LVL17:
 242:Drivers/GD32E23x_standard_peripheral/Source/gd32e23x_crc.c **** }
 503              		.loc 1 242 1 view .LVU102
 504              		@ sp needed
 505 002a 10BD     		pop	{r4, pc}
 506              	.LVL18:
 507              	.L26:
 226:Drivers/GD32E23x_standard_peripheral/Source/gd32e23x_crc.c ****             REG32(CRC) = data32[index];
 508              		.loc 1 226 19 view .LVU103
ARM GAS  /var/folders/rv/zq8s_02j1dj4vjvr1mm5zl2r0000gn/T//ccQ9clzc.s 			page 14


 509 002c 0023     		movs	r3, #0
 510 002e F5E7     		b	.L18
 511              	.LVL19:
 512              	.L24:
 232:Drivers/GD32E23x_standard_peripheral/Source/gd32e23x_crc.c ****         }
 513              		.loc 1 232 13 is_stmt 1 discriminator 3 view .LVU104
 232:Drivers/GD32E23x_standard_peripheral/Source/gd32e23x_crc.c ****         }
 514              		.loc 1 232 32 is_stmt 0 discriminator 3 view .LVU105
 515 0030 5A00     		lsls	r2, r3, #1
 516 0032 145A     		ldrh	r4, [r2, r0]
 232:Drivers/GD32E23x_standard_peripheral/Source/gd32e23x_crc.c ****         }
 517              		.loc 1 232 24 discriminator 3 view .LVU106
 518 0034 43F20002 		movw	r2, #12288
 519 0038 C4F20202 		movt	r2, 16386
 520 003c 1480     		strh	r4, [r2]
 231:Drivers/GD32E23x_standard_peripheral/Source/gd32e23x_crc.c ****             REG16(CRC) = data16[index];
 521              		.loc 1 231 39 is_stmt 1 discriminator 3 view .LVU107
 231:Drivers/GD32E23x_standard_peripheral/Source/gd32e23x_crc.c ****             REG16(CRC) = data16[index];
 522              		.loc 1 231 44 is_stmt 0 discriminator 3 view .LVU108
 523 003e 0133     		adds	r3, r3, #1
 524              	.LVL20:
 525              	.L22:
 231:Drivers/GD32E23x_standard_peripheral/Source/gd32e23x_crc.c ****             REG16(CRC) = data16[index];
 526              		.loc 1 231 25 is_stmt 1 discriminator 1 view .LVU109
 231:Drivers/GD32E23x_standard_peripheral/Source/gd32e23x_crc.c ****             REG16(CRC) = data16[index];
 527              		.loc 1 231 9 is_stmt 0 discriminator 1 view .LVU110
 528 0040 8B42     		cmp	r3, r1
 529 0042 F5D3     		bcc	.L24
 530 0044 ECE7     		b	.L21
 531              	.LVL21:
 532              	.L27:
 231:Drivers/GD32E23x_standard_peripheral/Source/gd32e23x_crc.c ****             REG16(CRC) = data16[index];
 533              		.loc 1 231 19 view .LVU111
 534 0046 0023     		movs	r3, #0
 535 0048 FAE7     		b	.L22
 536              	.LVL22:
 537              	.L25:
 237:Drivers/GD32E23x_standard_peripheral/Source/gd32e23x_crc.c ****         }
 538              		.loc 1 237 13 is_stmt 1 discriminator 3 view .LVU112
 237:Drivers/GD32E23x_standard_peripheral/Source/gd32e23x_crc.c ****         }
 539              		.loc 1 237 31 is_stmt 0 discriminator 3 view .LVU113
 540 004a C45C     		ldrb	r4, [r0, r3]
 237:Drivers/GD32E23x_standard_peripheral/Source/gd32e23x_crc.c ****         }
 541              		.loc 1 237 23 discriminator 3 view .LVU114
 542 004c 43F20002 		movw	r2, #12288
 543 0050 C4F20202 		movt	r2, 16386
 544 0054 1470     		strb	r4, [r2]
 236:Drivers/GD32E23x_standard_peripheral/Source/gd32e23x_crc.c ****             REG8(CRC) =  data8[index];
 545              		.loc 1 236 39 is_stmt 1 discriminator 3 view .LVU115
 236:Drivers/GD32E23x_standard_peripheral/Source/gd32e23x_crc.c ****             REG8(CRC) =  data8[index];
 546              		.loc 1 236 44 is_stmt 0 discriminator 3 view .LVU116
 547 0056 0133     		adds	r3, r3, #1
 548              	.LVL23:
 549              	.L23:
 236:Drivers/GD32E23x_standard_peripheral/Source/gd32e23x_crc.c ****             REG8(CRC) =  data8[index];
 550              		.loc 1 236 25 is_stmt 1 discriminator 1 view .LVU117
 236:Drivers/GD32E23x_standard_peripheral/Source/gd32e23x_crc.c ****             REG8(CRC) =  data8[index];
ARM GAS  /var/folders/rv/zq8s_02j1dj4vjvr1mm5zl2r0000gn/T//ccQ9clzc.s 			page 15


 551              		.loc 1 236 9 is_stmt 0 discriminator 1 view .LVU118
 552 0058 8B42     		cmp	r3, r1
 553 005a F6D3     		bcc	.L25
 554 005c E0E7     		b	.L21
 555              		.cfi_endproc
 556              	.LFE78:
 558              		.text
 559              	.Letext0:
 560              		.file 2 "/Users/jgiles/projects/gcc-arm-none-eabi-10.3-2021.07/arm-none-eabi/include/machine/_defa
 561              		.file 3 "/Users/jgiles/projects/gcc-arm-none-eabi-10.3-2021.07/arm-none-eabi/include/sys/_stdint.h
ARM GAS  /var/folders/rv/zq8s_02j1dj4vjvr1mm5zl2r0000gn/T//ccQ9clzc.s 			page 16


DEFINED SYMBOLS
                            *ABS*:0000000000000000 gd32e23x_crc.c
/var/folders/rv/zq8s_02j1dj4vjvr1mm5zl2r0000gn/T//ccQ9clzc.s:16     .text.crc_deinit:0000000000000000 $t
/var/folders/rv/zq8s_02j1dj4vjvr1mm5zl2r0000gn/T//ccQ9clzc.s:24     .text.crc_deinit:0000000000000000 crc_deinit
/var/folders/rv/zq8s_02j1dj4vjvr1mm5zl2r0000gn/T//ccQ9clzc.s:70     .text.crc_reverse_output_data_enable:0000000000000000 $t
/var/folders/rv/zq8s_02j1dj4vjvr1mm5zl2r0000gn/T//ccQ9clzc.s:77     .text.crc_reverse_output_data_enable:0000000000000000 crc_reverse_output_data_enable
/var/folders/rv/zq8s_02j1dj4vjvr1mm5zl2r0000gn/T//ccQ9clzc.s:104    .text.crc_reverse_output_data_disable:0000000000000000 $t
/var/folders/rv/zq8s_02j1dj4vjvr1mm5zl2r0000gn/T//ccQ9clzc.s:111    .text.crc_reverse_output_data_disable:0000000000000000 crc_reverse_output_data_disable
/var/folders/rv/zq8s_02j1dj4vjvr1mm5zl2r0000gn/T//ccQ9clzc.s:133    .text.crc_data_register_reset:0000000000000000 $t
/var/folders/rv/zq8s_02j1dj4vjvr1mm5zl2r0000gn/T//ccQ9clzc.s:140    .text.crc_data_register_reset:0000000000000000 crc_data_register_reset
/var/folders/rv/zq8s_02j1dj4vjvr1mm5zl2r0000gn/T//ccQ9clzc.s:162    .text.crc_data_register_read:0000000000000000 $t
/var/folders/rv/zq8s_02j1dj4vjvr1mm5zl2r0000gn/T//ccQ9clzc.s:169    .text.crc_data_register_read:0000000000000000 crc_data_register_read
/var/folders/rv/zq8s_02j1dj4vjvr1mm5zl2r0000gn/T//ccQ9clzc.s:191    .text.crc_free_data_register_read:0000000000000000 $t
/var/folders/rv/zq8s_02j1dj4vjvr1mm5zl2r0000gn/T//ccQ9clzc.s:198    .text.crc_free_data_register_read:0000000000000000 crc_free_data_register_read
/var/folders/rv/zq8s_02j1dj4vjvr1mm5zl2r0000gn/T//ccQ9clzc.s:222    .text.crc_free_data_register_write:0000000000000000 $t
/var/folders/rv/zq8s_02j1dj4vjvr1mm5zl2r0000gn/T//ccQ9clzc.s:229    .text.crc_free_data_register_write:0000000000000000 crc_free_data_register_write
/var/folders/rv/zq8s_02j1dj4vjvr1mm5zl2r0000gn/T//ccQ9clzc.s:249    .text.crc_init_data_register_write:0000000000000000 $t
/var/folders/rv/zq8s_02j1dj4vjvr1mm5zl2r0000gn/T//ccQ9clzc.s:256    .text.crc_init_data_register_write:0000000000000000 crc_init_data_register_write
/var/folders/rv/zq8s_02j1dj4vjvr1mm5zl2r0000gn/T//ccQ9clzc.s:276    .text.crc_input_data_reverse_config:0000000000000000 $t
/var/folders/rv/zq8s_02j1dj4vjvr1mm5zl2r0000gn/T//ccQ9clzc.s:283    .text.crc_input_data_reverse_config:0000000000000000 crc_input_data_reverse_config
/var/folders/rv/zq8s_02j1dj4vjvr1mm5zl2r0000gn/T//ccQ9clzc.s:311    .text.crc_polynomial_size_set:0000000000000000 $t
/var/folders/rv/zq8s_02j1dj4vjvr1mm5zl2r0000gn/T//ccQ9clzc.s:318    .text.crc_polynomial_size_set:0000000000000000 crc_polynomial_size_set
/var/folders/rv/zq8s_02j1dj4vjvr1mm5zl2r0000gn/T//ccQ9clzc.s:346    .text.crc_polynomial_set:0000000000000000 $t
/var/folders/rv/zq8s_02j1dj4vjvr1mm5zl2r0000gn/T//ccQ9clzc.s:353    .text.crc_polynomial_set:0000000000000000 crc_polynomial_set
/var/folders/rv/zq8s_02j1dj4vjvr1mm5zl2r0000gn/T//ccQ9clzc.s:378    .text.crc_single_data_calculate:0000000000000000 $t
/var/folders/rv/zq8s_02j1dj4vjvr1mm5zl2r0000gn/T//ccQ9clzc.s:385    .text.crc_single_data_calculate:0000000000000000 crc_single_data_calculate
/var/folders/rv/zq8s_02j1dj4vjvr1mm5zl2r0000gn/T//ccQ9clzc.s:441    .text.crc_block_data_calculate:0000000000000000 $t
/var/folders/rv/zq8s_02j1dj4vjvr1mm5zl2r0000gn/T//ccQ9clzc.s:448    .text.crc_block_data_calculate:0000000000000000 crc_block_data_calculate

NO UNDEFINED SYMBOLS
