ARM GAS  /var/folders/rv/zq8s_02j1dj4vjvr1mm5zl2r0000gn/T//ccxRuG5S.s 			page 1


   1              		.cpu cortex-m23
   2              		.eabi_attribute 20, 1
   3              		.eabi_attribute 21, 1
   4              		.eabi_attribute 23, 3
   5              		.eabi_attribute 24, 1
   6              		.eabi_attribute 25, 1
   7              		.eabi_attribute 26, 1
   8              		.eabi_attribute 30, 1
   9              		.eabi_attribute 34, 0
  10              		.eabi_attribute 18, 4
  11              		.file	"gd32e23x_syscfg.c"
  12              		.text
  13              	.Ltext0:
  14              		.cfi_sections	.debug_frame
  15              		.section	.text.syscfg_deinit,"ax",%progbits
  16              		.align	1
  17              		.global	syscfg_deinit
  18              		.arch armv8-m.base
  19              		.syntax unified
  20              		.code	16
  21              		.thumb_func
  22              		.fpu softvfp
  24              	syscfg_deinit:
  25              	.LFB66:
  26              		.file 1 "Drivers/GD32E23x_standard_peripheral/Source/gd32e23x_syscfg.c"
   1:Drivers/GD32E23x_standard_peripheral/Source/gd32e23x_syscfg.c **** /*!
   2:Drivers/GD32E23x_standard_peripheral/Source/gd32e23x_syscfg.c ****     \file    gd32e23x_syscfg.c
   3:Drivers/GD32E23x_standard_peripheral/Source/gd32e23x_syscfg.c ****     \brief   SYSCFG driver
   4:Drivers/GD32E23x_standard_peripheral/Source/gd32e23x_syscfg.c **** 
   5:Drivers/GD32E23x_standard_peripheral/Source/gd32e23x_syscfg.c ****     \version 2019-02-19, V1.0.0, firmware for GD32E23x
   6:Drivers/GD32E23x_standard_peripheral/Source/gd32e23x_syscfg.c ****     \version 2020-12-12, V1.1.0, firmware for GD32E23x
   7:Drivers/GD32E23x_standard_peripheral/Source/gd32e23x_syscfg.c **** */
   8:Drivers/GD32E23x_standard_peripheral/Source/gd32e23x_syscfg.c **** 
   9:Drivers/GD32E23x_standard_peripheral/Source/gd32e23x_syscfg.c **** /*
  10:Drivers/GD32E23x_standard_peripheral/Source/gd32e23x_syscfg.c ****     Copyright (c) 2020, GigaDevice Semiconductor Inc.
  11:Drivers/GD32E23x_standard_peripheral/Source/gd32e23x_syscfg.c **** 
  12:Drivers/GD32E23x_standard_peripheral/Source/gd32e23x_syscfg.c ****     Redistribution and use in source and binary forms, with or without modification, 
  13:Drivers/GD32E23x_standard_peripheral/Source/gd32e23x_syscfg.c **** are permitted provided that the following conditions are met:
  14:Drivers/GD32E23x_standard_peripheral/Source/gd32e23x_syscfg.c **** 
  15:Drivers/GD32E23x_standard_peripheral/Source/gd32e23x_syscfg.c ****     1. Redistributions of source code must retain the above copyright notice, this 
  16:Drivers/GD32E23x_standard_peripheral/Source/gd32e23x_syscfg.c ****        list of conditions and the following disclaimer.
  17:Drivers/GD32E23x_standard_peripheral/Source/gd32e23x_syscfg.c ****     2. Redistributions in binary form must reproduce the above copyright notice, 
  18:Drivers/GD32E23x_standard_peripheral/Source/gd32e23x_syscfg.c ****        this list of conditions and the following disclaimer in the documentation 
  19:Drivers/GD32E23x_standard_peripheral/Source/gd32e23x_syscfg.c ****        and/or other materials provided with the distribution.
  20:Drivers/GD32E23x_standard_peripheral/Source/gd32e23x_syscfg.c ****     3. Neither the name of the copyright holder nor the names of its contributors 
  21:Drivers/GD32E23x_standard_peripheral/Source/gd32e23x_syscfg.c ****        may be used to endorse or promote products derived from this software without 
  22:Drivers/GD32E23x_standard_peripheral/Source/gd32e23x_syscfg.c ****        specific prior written permission.
  23:Drivers/GD32E23x_standard_peripheral/Source/gd32e23x_syscfg.c **** 
  24:Drivers/GD32E23x_standard_peripheral/Source/gd32e23x_syscfg.c ****     THIS SOFTWARE IS PROVIDED BY THE COPYRIGHT HOLDERS AND CONTRIBUTORS "AS IS" 
  25:Drivers/GD32E23x_standard_peripheral/Source/gd32e23x_syscfg.c **** AND ANY EXPRESS OR IMPLIED WARRANTIES, INCLUDING, BUT NOT LIMITED TO, THE IMPLIED 
  26:Drivers/GD32E23x_standard_peripheral/Source/gd32e23x_syscfg.c **** WARRANTIES OF MERCHANTABILITY AND FITNESS FOR A PARTICULAR PURPOSE ARE DISCLAIMED. 
  27:Drivers/GD32E23x_standard_peripheral/Source/gd32e23x_syscfg.c **** IN NO EVENT SHALL THE COPYRIGHT HOLDER OR CONTRIBUTORS BE LIABLE FOR ANY DIRECT, 
  28:Drivers/GD32E23x_standard_peripheral/Source/gd32e23x_syscfg.c **** INDIRECT, INCIDENTAL, SPECIAL, EXEMPLARY, OR CONSEQUENTIAL DAMAGES (INCLUDING, BUT 
  29:Drivers/GD32E23x_standard_peripheral/Source/gd32e23x_syscfg.c **** NOT LIMITED TO, PROCUREMENT OF SUBSTITUTE GOODS OR SERVICES; LOSS OF USE, DATA, OR 
  30:Drivers/GD32E23x_standard_peripheral/Source/gd32e23x_syscfg.c **** PROFITS; OR BUSINESS INTERRUPTION) HOWEVER CAUSED AND ON ANY THEORY OF LIABILITY, 
  31:Drivers/GD32E23x_standard_peripheral/Source/gd32e23x_syscfg.c **** WHETHER IN CONTRACT, STRICT LIABILITY, OR TORT (INCLUDING NEGLIGENCE OR OTHERWISE) 
  32:Drivers/GD32E23x_standard_peripheral/Source/gd32e23x_syscfg.c **** ARISING IN ANY WAY OUT OF THE USE OF THIS SOFTWARE, EVEN IF ADVISED OF THE POSSIBILITY 
ARM GAS  /var/folders/rv/zq8s_02j1dj4vjvr1mm5zl2r0000gn/T//ccxRuG5S.s 			page 2


  33:Drivers/GD32E23x_standard_peripheral/Source/gd32e23x_syscfg.c **** OF SUCH DAMAGE.
  34:Drivers/GD32E23x_standard_peripheral/Source/gd32e23x_syscfg.c **** */
  35:Drivers/GD32E23x_standard_peripheral/Source/gd32e23x_syscfg.c **** 
  36:Drivers/GD32E23x_standard_peripheral/Source/gd32e23x_syscfg.c **** #include "gd32e23x_syscfg.h"
  37:Drivers/GD32E23x_standard_peripheral/Source/gd32e23x_syscfg.c **** 
  38:Drivers/GD32E23x_standard_peripheral/Source/gd32e23x_syscfg.c **** /*!
  39:Drivers/GD32E23x_standard_peripheral/Source/gd32e23x_syscfg.c ****     \brief      reset the SYSCFG registers
  40:Drivers/GD32E23x_standard_peripheral/Source/gd32e23x_syscfg.c ****     \param[in]  none
  41:Drivers/GD32E23x_standard_peripheral/Source/gd32e23x_syscfg.c ****     \param[out] none
  42:Drivers/GD32E23x_standard_peripheral/Source/gd32e23x_syscfg.c ****     \retval     none
  43:Drivers/GD32E23x_standard_peripheral/Source/gd32e23x_syscfg.c **** */
  44:Drivers/GD32E23x_standard_peripheral/Source/gd32e23x_syscfg.c **** void syscfg_deinit(void)
  45:Drivers/GD32E23x_standard_peripheral/Source/gd32e23x_syscfg.c **** {
  27              		.loc 1 45 1 view -0
  28              		.cfi_startproc
  29              		@ args = 0, pretend = 0, frame = 0
  30              		@ frame_needed = 0, uses_anonymous_args = 0
  31 0000 10B5     		push	{r4, lr}
  32              	.LCFI0:
  33              		.cfi_def_cfa_offset 8
  34              		.cfi_offset 4, -8
  35              		.cfi_offset 14, -4
  46:Drivers/GD32E23x_standard_peripheral/Source/gd32e23x_syscfg.c ****     rcu_periph_reset_enable(RCU_CFGCMPRST);
  36              		.loc 1 46 5 view .LVU1
  37 0002 40F20030 		movw	r0, #768
  38 0006 FFF7FEFF 		bl	rcu_periph_reset_enable
  39              	.LVL0:
  47:Drivers/GD32E23x_standard_peripheral/Source/gd32e23x_syscfg.c ****     rcu_periph_reset_disable(RCU_CFGCMPRST);
  40              		.loc 1 47 5 view .LVU2
  41 000a 40F20030 		movw	r0, #768
  42 000e FFF7FEFF 		bl	rcu_periph_reset_disable
  43              	.LVL1:
  48:Drivers/GD32E23x_standard_peripheral/Source/gd32e23x_syscfg.c **** }
  44              		.loc 1 48 1 is_stmt 0 view .LVU3
  45              		@ sp needed
  46 0012 10BD     		pop	{r4, pc}
  47              		.cfi_endproc
  48              	.LFE66:
  50              		.section	.text.syscfg_dma_remap_enable,"ax",%progbits
  51              		.align	1
  52              		.global	syscfg_dma_remap_enable
  53              		.syntax unified
  54              		.code	16
  55              		.thumb_func
  56              		.fpu softvfp
  58              	syscfg_dma_remap_enable:
  59              	.LVL2:
  60              	.LFB67:
  49:Drivers/GD32E23x_standard_peripheral/Source/gd32e23x_syscfg.c **** 
  50:Drivers/GD32E23x_standard_peripheral/Source/gd32e23x_syscfg.c **** /*!
  51:Drivers/GD32E23x_standard_peripheral/Source/gd32e23x_syscfg.c ****     \brief      enable the DMA channels remapping
  52:Drivers/GD32E23x_standard_peripheral/Source/gd32e23x_syscfg.c ****     \param[in]  syscfg_dma_remap: specify the DMA channels to remap
  53:Drivers/GD32E23x_standard_peripheral/Source/gd32e23x_syscfg.c ****       \arg        SYSCFG_DMA_REMAP_TIMER16: remap TIMER16 channel0 and UP DMA requests to channel1(
  54:Drivers/GD32E23x_standard_peripheral/Source/gd32e23x_syscfg.c ****       \arg        SYSCFG_DMA_REMAP_TIMER15: remap TIMER15 channel2 and UP DMA requests to channel3(
  55:Drivers/GD32E23x_standard_peripheral/Source/gd32e23x_syscfg.c ****       \arg        SYSCFG_DMA_REMAP_USART0RX: remap USART0 Rx DMA request to channel4(default channe
  56:Drivers/GD32E23x_standard_peripheral/Source/gd32e23x_syscfg.c ****       \arg        SYSCFG_DMA_REMAP_USART0TX: remap USART0 Tx DMA request to channel3(default channe
  57:Drivers/GD32E23x_standard_peripheral/Source/gd32e23x_syscfg.c ****       \arg        SYSCFG_DMA_REMAP_ADC: remap ADC DMA requests from channel0 to channel1
ARM GAS  /var/folders/rv/zq8s_02j1dj4vjvr1mm5zl2r0000gn/T//ccxRuG5S.s 			page 3


  58:Drivers/GD32E23x_standard_peripheral/Source/gd32e23x_syscfg.c ****       \arg        SYSCFG_PA11_REMAP_PA12: remap PA11 PA12
  59:Drivers/GD32E23x_standard_peripheral/Source/gd32e23x_syscfg.c ****     \param[out] none
  60:Drivers/GD32E23x_standard_peripheral/Source/gd32e23x_syscfg.c ****     \retval     none
  61:Drivers/GD32E23x_standard_peripheral/Source/gd32e23x_syscfg.c **** */
  62:Drivers/GD32E23x_standard_peripheral/Source/gd32e23x_syscfg.c **** void syscfg_dma_remap_enable(uint32_t syscfg_dma_remap)
  63:Drivers/GD32E23x_standard_peripheral/Source/gd32e23x_syscfg.c **** {
  61              		.loc 1 63 1 is_stmt 1 view -0
  62              		.cfi_startproc
  63              		@ args = 0, pretend = 0, frame = 0
  64              		@ frame_needed = 0, uses_anonymous_args = 0
  65              		@ link register save eliminated.
  64:Drivers/GD32E23x_standard_peripheral/Source/gd32e23x_syscfg.c ****     SYSCFG_CFG0 |= syscfg_dma_remap;
  66              		.loc 1 64 5 view .LVU5
  67              		.loc 1 64 17 is_stmt 0 view .LVU6
  68 0000 0023     		movs	r3, #0
  69 0002 C4F20103 		movt	r3, 16385
  70 0006 1A68     		ldr	r2, [r3]
  71 0008 0243     		orrs	r2, r0
  72 000a 1A60     		str	r2, [r3]
  65:Drivers/GD32E23x_standard_peripheral/Source/gd32e23x_syscfg.c **** }
  73              		.loc 1 65 1 view .LVU7
  74              		@ sp needed
  75 000c 7047     		bx	lr
  76              		.cfi_endproc
  77              	.LFE67:
  79              		.section	.text.syscfg_dma_remap_disable,"ax",%progbits
  80              		.align	1
  81              		.global	syscfg_dma_remap_disable
  82              		.syntax unified
  83              		.code	16
  84              		.thumb_func
  85              		.fpu softvfp
  87              	syscfg_dma_remap_disable:
  88              	.LVL3:
  89              	.LFB68:
  66:Drivers/GD32E23x_standard_peripheral/Source/gd32e23x_syscfg.c **** 
  67:Drivers/GD32E23x_standard_peripheral/Source/gd32e23x_syscfg.c **** /*!
  68:Drivers/GD32E23x_standard_peripheral/Source/gd32e23x_syscfg.c ****     \brief      disable the DMA channels remapping
  69:Drivers/GD32E23x_standard_peripheral/Source/gd32e23x_syscfg.c ****     \param[in]  syscfg_dma_remap: specify the DMA channels to remap
  70:Drivers/GD32E23x_standard_peripheral/Source/gd32e23x_syscfg.c ****       \arg        SYSCFG_DMA_REMAP_TIMER16: remap TIMER16 channel0 and UP DMA requests to channel1(
  71:Drivers/GD32E23x_standard_peripheral/Source/gd32e23x_syscfg.c ****       \arg        SYSCFG_DMA_REMAP_TIMER15: remap TIMER15 channel2 and UP DMA requests to channel3(
  72:Drivers/GD32E23x_standard_peripheral/Source/gd32e23x_syscfg.c ****       \arg        SYSCFG_DMA_REMAP_USART0RX: remap USART0 Rx DMA request to channel4(default channe
  73:Drivers/GD32E23x_standard_peripheral/Source/gd32e23x_syscfg.c ****       \arg        SYSCFG_DMA_REMAP_USART0TX: remap USART0 Tx DMA request to channel3(default channe
  74:Drivers/GD32E23x_standard_peripheral/Source/gd32e23x_syscfg.c ****       \arg        SYSCFG_DMA_REMAP_ADC: remap ADC DMA requests from channel0 to channel1
  75:Drivers/GD32E23x_standard_peripheral/Source/gd32e23x_syscfg.c ****       \arg        SYSCFG_PA11_REMAP_PA12: remap PA11 PA12
  76:Drivers/GD32E23x_standard_peripheral/Source/gd32e23x_syscfg.c ****     \param[out] none
  77:Drivers/GD32E23x_standard_peripheral/Source/gd32e23x_syscfg.c ****     \retval     none
  78:Drivers/GD32E23x_standard_peripheral/Source/gd32e23x_syscfg.c **** */
  79:Drivers/GD32E23x_standard_peripheral/Source/gd32e23x_syscfg.c **** void syscfg_dma_remap_disable(uint32_t syscfg_dma_remap)
  80:Drivers/GD32E23x_standard_peripheral/Source/gd32e23x_syscfg.c **** {
  90              		.loc 1 80 1 is_stmt 1 view -0
  91              		.cfi_startproc
  92              		@ args = 0, pretend = 0, frame = 0
  93              		@ frame_needed = 0, uses_anonymous_args = 0
  94              		@ link register save eliminated.
  81:Drivers/GD32E23x_standard_peripheral/Source/gd32e23x_syscfg.c ****     SYSCFG_CFG0 &= ~syscfg_dma_remap;
  95              		.loc 1 81 5 view .LVU9
ARM GAS  /var/folders/rv/zq8s_02j1dj4vjvr1mm5zl2r0000gn/T//ccxRuG5S.s 			page 4


  96              		.loc 1 81 17 is_stmt 0 view .LVU10
  97 0000 0023     		movs	r3, #0
  98 0002 C4F20103 		movt	r3, 16385
  99 0006 1A68     		ldr	r2, [r3]
 100 0008 8243     		bics	r2, r0
 101 000a 1A60     		str	r2, [r3]
  82:Drivers/GD32E23x_standard_peripheral/Source/gd32e23x_syscfg.c **** }
 102              		.loc 1 82 1 view .LVU11
 103              		@ sp needed
 104 000c 7047     		bx	lr
 105              		.cfi_endproc
 106              	.LFE68:
 108              		.section	.text.syscfg_high_current_enable,"ax",%progbits
 109              		.align	1
 110              		.global	syscfg_high_current_enable
 111              		.syntax unified
 112              		.code	16
 113              		.thumb_func
 114              		.fpu softvfp
 116              	syscfg_high_current_enable:
 117              	.LFB69:
  83:Drivers/GD32E23x_standard_peripheral/Source/gd32e23x_syscfg.c **** #if defined(GD32E230)
  84:Drivers/GD32E23x_standard_peripheral/Source/gd32e23x_syscfg.c **** /*!
  85:Drivers/GD32E23x_standard_peripheral/Source/gd32e23x_syscfg.c ****     \brief      enable PB9 high current capability
  86:Drivers/GD32E23x_standard_peripheral/Source/gd32e23x_syscfg.c ****     \param[in]  none
  87:Drivers/GD32E23x_standard_peripheral/Source/gd32e23x_syscfg.c ****     \param[out] none
  88:Drivers/GD32E23x_standard_peripheral/Source/gd32e23x_syscfg.c ****     \retval     none
  89:Drivers/GD32E23x_standard_peripheral/Source/gd32e23x_syscfg.c **** */
  90:Drivers/GD32E23x_standard_peripheral/Source/gd32e23x_syscfg.c **** void syscfg_high_current_enable(void)
  91:Drivers/GD32E23x_standard_peripheral/Source/gd32e23x_syscfg.c **** {
 118              		.loc 1 91 1 is_stmt 1 view -0
 119              		.cfi_startproc
 120              		@ args = 0, pretend = 0, frame = 0
 121              		@ frame_needed = 0, uses_anonymous_args = 0
 122              		@ link register save eliminated.
  92:Drivers/GD32E23x_standard_peripheral/Source/gd32e23x_syscfg.c ****     SYSCFG_CFG0 |= SYSCFG_HIGH_CURRENT_ENABLE;
 123              		.loc 1 92 5 view .LVU13
 124              		.loc 1 92 17 is_stmt 0 view .LVU14
 125 0000 0023     		movs	r3, #0
 126 0002 C4F20103 		movt	r3, 16385
 127 0006 1968     		ldr	r1, [r3]
 128 0008 8022     		movs	r2, #128
 129 000a 1203     		lsls	r2, r2, #12
 130 000c 0A43     		orrs	r2, r1
 131 000e 1A60     		str	r2, [r3]
  93:Drivers/GD32E23x_standard_peripheral/Source/gd32e23x_syscfg.c **** }
 132              		.loc 1 93 1 view .LVU15
 133              		@ sp needed
 134 0010 7047     		bx	lr
 135              		.cfi_endproc
 136              	.LFE69:
 138              		.section	.text.syscfg_high_current_disable,"ax",%progbits
 139              		.align	1
 140              		.global	syscfg_high_current_disable
 141              		.syntax unified
 142              		.code	16
 143              		.thumb_func
ARM GAS  /var/folders/rv/zq8s_02j1dj4vjvr1mm5zl2r0000gn/T//ccxRuG5S.s 			page 5


 144              		.fpu softvfp
 146              	syscfg_high_current_disable:
 147              	.LFB70:
  94:Drivers/GD32E23x_standard_peripheral/Source/gd32e23x_syscfg.c **** 
  95:Drivers/GD32E23x_standard_peripheral/Source/gd32e23x_syscfg.c **** /*!
  96:Drivers/GD32E23x_standard_peripheral/Source/gd32e23x_syscfg.c ****     \brief      disable PB9 high current capability
  97:Drivers/GD32E23x_standard_peripheral/Source/gd32e23x_syscfg.c ****     \param[in]  none
  98:Drivers/GD32E23x_standard_peripheral/Source/gd32e23x_syscfg.c ****     \param[out] none
  99:Drivers/GD32E23x_standard_peripheral/Source/gd32e23x_syscfg.c ****     \retval     none
 100:Drivers/GD32E23x_standard_peripheral/Source/gd32e23x_syscfg.c **** */
 101:Drivers/GD32E23x_standard_peripheral/Source/gd32e23x_syscfg.c **** void syscfg_high_current_disable(void)
 102:Drivers/GD32E23x_standard_peripheral/Source/gd32e23x_syscfg.c **** {
 148              		.loc 1 102 1 is_stmt 1 view -0
 149              		.cfi_startproc
 150              		@ args = 0, pretend = 0, frame = 0
 151              		@ frame_needed = 0, uses_anonymous_args = 0
 152              		@ link register save eliminated.
 103:Drivers/GD32E23x_standard_peripheral/Source/gd32e23x_syscfg.c ****     SYSCFG_CFG0 &= SYSCFG_HIGH_CURRENT_DISABLE;
 153              		.loc 1 103 5 view .LVU17
 154              		.loc 1 103 17 is_stmt 0 view .LVU18
 155 0000 0023     		movs	r3, #0
 156 0002 C4F20103 		movt	r3, 16385
 157 0006 1A68     		ldr	r2, [r3]
 158 0008 0149     		ldr	r1, .L6
 159 000a 0A40     		ands	r2, r1
 160 000c 1A60     		str	r2, [r3]
 104:Drivers/GD32E23x_standard_peripheral/Source/gd32e23x_syscfg.c **** }
 161              		.loc 1 104 1 view .LVU19
 162              		@ sp needed
 163 000e 7047     		bx	lr
 164              	.L7:
 165              		.align	2
 166              	.L6:
 167 0010 FFFFF7FF 		.word	-524289
 168              		.cfi_endproc
 169              	.LFE70:
 171              		.section	.text.syscfg_exti_line_config,"ax",%progbits
 172              		.align	1
 173              		.global	syscfg_exti_line_config
 174              		.syntax unified
 175              		.code	16
 176              		.thumb_func
 177              		.fpu softvfp
 179              	syscfg_exti_line_config:
 180              	.LVL4:
 181              	.LFB71:
 105:Drivers/GD32E23x_standard_peripheral/Source/gd32e23x_syscfg.c **** #endif
 106:Drivers/GD32E23x_standard_peripheral/Source/gd32e23x_syscfg.c **** 
 107:Drivers/GD32E23x_standard_peripheral/Source/gd32e23x_syscfg.c **** /*!
 108:Drivers/GD32E23x_standard_peripheral/Source/gd32e23x_syscfg.c ****     \brief      configure the GPIO pin as EXTI Line
 109:Drivers/GD32E23x_standard_peripheral/Source/gd32e23x_syscfg.c ****     \param[in]  exti_port: specify the GPIO port used in EXTI
 110:Drivers/GD32E23x_standard_peripheral/Source/gd32e23x_syscfg.c ****       \arg        EXTI_SOURCE_GPIOx(x = A,B,C,F): EXTI GPIO port
 111:Drivers/GD32E23x_standard_peripheral/Source/gd32e23x_syscfg.c ****     \param[in]  exti_pin: specify the EXTI line
 112:Drivers/GD32E23x_standard_peripheral/Source/gd32e23x_syscfg.c ****       \arg        EXTI_SOURCE_PINx(GPIOA x = 0..15,GPIOB x = 0..15,GPIOC x = 13..15,GPIOF x = 0.1.6
 113:Drivers/GD32E23x_standard_peripheral/Source/gd32e23x_syscfg.c ****     \param[out] none
 114:Drivers/GD32E23x_standard_peripheral/Source/gd32e23x_syscfg.c ****     \retval     none
 115:Drivers/GD32E23x_standard_peripheral/Source/gd32e23x_syscfg.c **** */
ARM GAS  /var/folders/rv/zq8s_02j1dj4vjvr1mm5zl2r0000gn/T//ccxRuG5S.s 			page 6


 116:Drivers/GD32E23x_standard_peripheral/Source/gd32e23x_syscfg.c **** void syscfg_exti_line_config(uint8_t exti_port, uint8_t exti_pin)
 117:Drivers/GD32E23x_standard_peripheral/Source/gd32e23x_syscfg.c **** {
 182              		.loc 1 117 1 is_stmt 1 view -0
 183              		.cfi_startproc
 184              		@ args = 0, pretend = 0, frame = 0
 185              		@ frame_needed = 0, uses_anonymous_args = 0
 186              		@ link register save eliminated.
 118:Drivers/GD32E23x_standard_peripheral/Source/gd32e23x_syscfg.c ****     uint32_t clear_exti_mask = ~((uint32_t)EXTI_SS_MASK << (EXTI_SS_MSTEP(exti_pin)));
 187              		.loc 1 118 5 view .LVU21
 188              		.loc 1 118 61 is_stmt 0 view .LVU22
 189 0000 0323     		movs	r3, #3
 190 0002 0B40     		ands	r3, r1
 191 0004 9B00     		lsls	r3, r3, #2
 192              		.loc 1 118 57 view .LVU23
 193 0006 0F22     		movs	r2, #15
 194 0008 9A40     		lsls	r2, r2, r3
 195              		.loc 1 118 14 view .LVU24
 196 000a D243     		mvns	r2, r2
 197              	.LVL5:
 119:Drivers/GD32E23x_standard_peripheral/Source/gd32e23x_syscfg.c ****     uint32_t config_exti_mask = ((uint32_t)exti_port) << (EXTI_SS_MSTEP(exti_pin));
 198              		.loc 1 119 5 is_stmt 1 view .LVU25
 199              		.loc 1 119 14 is_stmt 0 view .LVU26
 200 000c 9840     		lsls	r0, r0, r3
 201              	.LVL6:
 120:Drivers/GD32E23x_standard_peripheral/Source/gd32e23x_syscfg.c **** 
 121:Drivers/GD32E23x_standard_peripheral/Source/gd32e23x_syscfg.c ****     switch(exti_pin / EXTI_SS_JSTEP){
 202              		.loc 1 121 5 is_stmt 1 view .LVU27
 203              		.loc 1 121 21 is_stmt 0 view .LVU28
 204 000e 8908     		lsrs	r1, r1, #2
 205              	.LVL7:
 206              		.loc 1 121 5 view .LVU29
 207 0010 0229     		cmp	r1, #2
 208 0012 23D0     		beq	.L9
 209 0014 0CD8     		bhi	.L10
 210 0016 B9B1     		cbz	r1, .L11
 211 0018 0129     		cmp	r1, #1
 212 001a 1ED1     		bne	.L8
 122:Drivers/GD32E23x_standard_peripheral/Source/gd32e23x_syscfg.c ****     case EXTISS0:
 123:Drivers/GD32E23x_standard_peripheral/Source/gd32e23x_syscfg.c ****         /* clear EXTI source line(0..3) */
 124:Drivers/GD32E23x_standard_peripheral/Source/gd32e23x_syscfg.c ****         SYSCFG_EXTISS0 &= clear_exti_mask;
 125:Drivers/GD32E23x_standard_peripheral/Source/gd32e23x_syscfg.c ****         /* configure EXTI soure line(0..3) */
 126:Drivers/GD32E23x_standard_peripheral/Source/gd32e23x_syscfg.c ****         SYSCFG_EXTISS0 |= config_exti_mask;
 127:Drivers/GD32E23x_standard_peripheral/Source/gd32e23x_syscfg.c ****         break;
 128:Drivers/GD32E23x_standard_peripheral/Source/gd32e23x_syscfg.c ****     case EXTISS1:
 129:Drivers/GD32E23x_standard_peripheral/Source/gd32e23x_syscfg.c ****         /* clear EXTI soure line(4..7) */
 130:Drivers/GD32E23x_standard_peripheral/Source/gd32e23x_syscfg.c ****         SYSCFG_EXTISS1 &= clear_exti_mask;
 213              		.loc 1 130 9 is_stmt 1 view .LVU30
 214              		.loc 1 130 24 is_stmt 0 view .LVU31
 215 001c 0C23     		movs	r3, #12
 216 001e C4F20103 		movt	r3, 16385
 217 0022 1968     		ldr	r1, [r3]
 218 0024 0A40     		ands	r2, r1
 219              	.LVL8:
 220              		.loc 1 130 24 view .LVU32
 221 0026 1A60     		str	r2, [r3]
 131:Drivers/GD32E23x_standard_peripheral/Source/gd32e23x_syscfg.c ****         /* configure EXTI soure line(4..7) */
 132:Drivers/GD32E23x_standard_peripheral/Source/gd32e23x_syscfg.c ****         SYSCFG_EXTISS1 |= config_exti_mask;
ARM GAS  /var/folders/rv/zq8s_02j1dj4vjvr1mm5zl2r0000gn/T//ccxRuG5S.s 			page 7


 222              		.loc 1 132 9 is_stmt 1 view .LVU33
 223              		.loc 1 132 24 is_stmt 0 view .LVU34
 224 0028 1A68     		ldr	r2, [r3]
 225 002a 1043     		orrs	r0, r2
 226              	.LVL9:
 227              		.loc 1 132 24 view .LVU35
 228 002c 1860     		str	r0, [r3]
 133:Drivers/GD32E23x_standard_peripheral/Source/gd32e23x_syscfg.c ****         break;
 229              		.loc 1 133 9 is_stmt 1 view .LVU36
 230 002e 14E0     		b	.L8
 231              	.LVL10:
 232              	.L10:
 121:Drivers/GD32E23x_standard_peripheral/Source/gd32e23x_syscfg.c ****     case EXTISS0:
 233              		.loc 1 121 5 is_stmt 0 view .LVU37
 234 0030 0329     		cmp	r1, #3
 235 0032 12D1     		bne	.L8
 134:Drivers/GD32E23x_standard_peripheral/Source/gd32e23x_syscfg.c ****     case EXTISS2:
 135:Drivers/GD32E23x_standard_peripheral/Source/gd32e23x_syscfg.c ****         /* clear EXTI soure line(8..11) */
 136:Drivers/GD32E23x_standard_peripheral/Source/gd32e23x_syscfg.c ****         SYSCFG_EXTISS2 &= clear_exti_mask;
 137:Drivers/GD32E23x_standard_peripheral/Source/gd32e23x_syscfg.c ****         /* configure EXTI soure line(8..11) */
 138:Drivers/GD32E23x_standard_peripheral/Source/gd32e23x_syscfg.c ****         SYSCFG_EXTISS2 |= config_exti_mask;
 139:Drivers/GD32E23x_standard_peripheral/Source/gd32e23x_syscfg.c ****         break;
 140:Drivers/GD32E23x_standard_peripheral/Source/gd32e23x_syscfg.c ****     case EXTISS3:
 141:Drivers/GD32E23x_standard_peripheral/Source/gd32e23x_syscfg.c ****         /* clear EXTI soure line(12..15) */
 142:Drivers/GD32E23x_standard_peripheral/Source/gd32e23x_syscfg.c ****         SYSCFG_EXTISS3 &= clear_exti_mask;
 236              		.loc 1 142 9 is_stmt 1 view .LVU38
 237              		.loc 1 142 24 is_stmt 0 view .LVU39
 238 0034 1423     		movs	r3, #20
 239 0036 C4F20103 		movt	r3, 16385
 240 003a 1968     		ldr	r1, [r3]
 241 003c 0A40     		ands	r2, r1
 242              	.LVL11:
 243              		.loc 1 142 24 view .LVU40
 244 003e 1A60     		str	r2, [r3]
 143:Drivers/GD32E23x_standard_peripheral/Source/gd32e23x_syscfg.c ****         /* configure EXTI soure line(12..15) */
 144:Drivers/GD32E23x_standard_peripheral/Source/gd32e23x_syscfg.c ****         SYSCFG_EXTISS3 |= config_exti_mask;
 245              		.loc 1 144 9 is_stmt 1 view .LVU41
 246              		.loc 1 144 24 is_stmt 0 view .LVU42
 247 0040 1A68     		ldr	r2, [r3]
 248 0042 1043     		orrs	r0, r2
 249              	.LVL12:
 250              		.loc 1 144 24 view .LVU43
 251 0044 1860     		str	r0, [r3]
 145:Drivers/GD32E23x_standard_peripheral/Source/gd32e23x_syscfg.c ****         break;
 252              		.loc 1 145 9 is_stmt 1 view .LVU44
 146:Drivers/GD32E23x_standard_peripheral/Source/gd32e23x_syscfg.c ****     default:
 147:Drivers/GD32E23x_standard_peripheral/Source/gd32e23x_syscfg.c ****         break;
 148:Drivers/GD32E23x_standard_peripheral/Source/gd32e23x_syscfg.c ****     }
 149:Drivers/GD32E23x_standard_peripheral/Source/gd32e23x_syscfg.c **** }
 253              		.loc 1 149 1 is_stmt 0 view .LVU45
 254 0046 08E0     		b	.L8
 255              	.LVL13:
 256              	.L11:
 124:Drivers/GD32E23x_standard_peripheral/Source/gd32e23x_syscfg.c ****         /* configure EXTI soure line(0..3) */
 257              		.loc 1 124 9 is_stmt 1 view .LVU46
 124:Drivers/GD32E23x_standard_peripheral/Source/gd32e23x_syscfg.c ****         /* configure EXTI soure line(0..3) */
 258              		.loc 1 124 24 is_stmt 0 view .LVU47
ARM GAS  /var/folders/rv/zq8s_02j1dj4vjvr1mm5zl2r0000gn/T//ccxRuG5S.s 			page 8


 259 0048 0823     		movs	r3, #8
 260 004a C4F20103 		movt	r3, 16385
 261 004e 1968     		ldr	r1, [r3]
 262 0050 0A40     		ands	r2, r1
 263              	.LVL14:
 124:Drivers/GD32E23x_standard_peripheral/Source/gd32e23x_syscfg.c ****         /* configure EXTI soure line(0..3) */
 264              		.loc 1 124 24 view .LVU48
 265 0052 1A60     		str	r2, [r3]
 126:Drivers/GD32E23x_standard_peripheral/Source/gd32e23x_syscfg.c ****         break;
 266              		.loc 1 126 9 is_stmt 1 view .LVU49
 126:Drivers/GD32E23x_standard_peripheral/Source/gd32e23x_syscfg.c ****         break;
 267              		.loc 1 126 24 is_stmt 0 view .LVU50
 268 0054 1A68     		ldr	r2, [r3]
 269 0056 1043     		orrs	r0, r2
 270              	.LVL15:
 126:Drivers/GD32E23x_standard_peripheral/Source/gd32e23x_syscfg.c ****         break;
 271              		.loc 1 126 24 view .LVU51
 272 0058 1860     		str	r0, [r3]
 127:Drivers/GD32E23x_standard_peripheral/Source/gd32e23x_syscfg.c ****     case EXTISS1:
 273              		.loc 1 127 9 is_stmt 1 view .LVU52
 274              	.L8:
 275              		.loc 1 149 1 is_stmt 0 view .LVU53
 276              		@ sp needed
 277 005a 7047     		bx	lr
 278              	.LVL16:
 279              	.L9:
 136:Drivers/GD32E23x_standard_peripheral/Source/gd32e23x_syscfg.c ****         /* configure EXTI soure line(8..11) */
 280              		.loc 1 136 9 is_stmt 1 view .LVU54
 136:Drivers/GD32E23x_standard_peripheral/Source/gd32e23x_syscfg.c ****         /* configure EXTI soure line(8..11) */
 281              		.loc 1 136 24 is_stmt 0 view .LVU55
 282 005c 1023     		movs	r3, #16
 283 005e C4F20103 		movt	r3, 16385
 284 0062 1968     		ldr	r1, [r3]
 285 0064 0A40     		ands	r2, r1
 286              	.LVL17:
 136:Drivers/GD32E23x_standard_peripheral/Source/gd32e23x_syscfg.c ****         /* configure EXTI soure line(8..11) */
 287              		.loc 1 136 24 view .LVU56
 288 0066 1A60     		str	r2, [r3]
 138:Drivers/GD32E23x_standard_peripheral/Source/gd32e23x_syscfg.c ****         break;
 289              		.loc 1 138 9 is_stmt 1 view .LVU57
 138:Drivers/GD32E23x_standard_peripheral/Source/gd32e23x_syscfg.c ****         break;
 290              		.loc 1 138 24 is_stmt 0 view .LVU58
 291 0068 1A68     		ldr	r2, [r3]
 292 006a 1043     		orrs	r0, r2
 293              	.LVL18:
 138:Drivers/GD32E23x_standard_peripheral/Source/gd32e23x_syscfg.c ****         break;
 294              		.loc 1 138 24 view .LVU59
 295 006c 1860     		str	r0, [r3]
 139:Drivers/GD32E23x_standard_peripheral/Source/gd32e23x_syscfg.c ****     case EXTISS3:
 296              		.loc 1 139 9 is_stmt 1 view .LVU60
 297 006e F4E7     		b	.L8
 298              		.cfi_endproc
 299              	.LFE71:
 301              		.section	.text.syscfg_lock_config,"ax",%progbits
 302              		.align	1
 303              		.global	syscfg_lock_config
 304              		.syntax unified
ARM GAS  /var/folders/rv/zq8s_02j1dj4vjvr1mm5zl2r0000gn/T//ccxRuG5S.s 			page 9


 305              		.code	16
 306              		.thumb_func
 307              		.fpu softvfp
 309              	syscfg_lock_config:
 310              	.LVL19:
 311              	.LFB72:
 150:Drivers/GD32E23x_standard_peripheral/Source/gd32e23x_syscfg.c **** 
 151:Drivers/GD32E23x_standard_peripheral/Source/gd32e23x_syscfg.c **** /*!
 152:Drivers/GD32E23x_standard_peripheral/Source/gd32e23x_syscfg.c ****     \brief      connect TIMER0/14/15/16 break input to the selected parameter
 153:Drivers/GD32E23x_standard_peripheral/Source/gd32e23x_syscfg.c ****     \param[in]  syscfg_lock: Specify the parameter to be connected
 154:Drivers/GD32E23x_standard_peripheral/Source/gd32e23x_syscfg.c ****       \arg        SYSCFG_LOCK_LOCKUP: Cortex-M23 lockup output connected to the break input
 155:Drivers/GD32E23x_standard_peripheral/Source/gd32e23x_syscfg.c ****       \arg        SYSCFG_LOCK_SRAM_PARITY_ERROR: SRAM_PARITY check error connected to the break inp
 156:Drivers/GD32E23x_standard_peripheral/Source/gd32e23x_syscfg.c ****       \arg        SYSCFG_LOCK_LVD: LVD interrupt connected to the break input
 157:Drivers/GD32E23x_standard_peripheral/Source/gd32e23x_syscfg.c ****     \param[out] none
 158:Drivers/GD32E23x_standard_peripheral/Source/gd32e23x_syscfg.c ****     \retval     none
 159:Drivers/GD32E23x_standard_peripheral/Source/gd32e23x_syscfg.c **** */
 160:Drivers/GD32E23x_standard_peripheral/Source/gd32e23x_syscfg.c **** void syscfg_lock_config(uint32_t syscfg_lock)
 161:Drivers/GD32E23x_standard_peripheral/Source/gd32e23x_syscfg.c **** {
 312              		.loc 1 161 1 view -0
 313              		.cfi_startproc
 314              		@ args = 0, pretend = 0, frame = 0
 315              		@ frame_needed = 0, uses_anonymous_args = 0
 316              		@ link register save eliminated.
 162:Drivers/GD32E23x_standard_peripheral/Source/gd32e23x_syscfg.c ****     SYSCFG_CFG2 |= syscfg_lock;
 317              		.loc 1 162 5 view .LVU62
 318              		.loc 1 162 17 is_stmt 0 view .LVU63
 319 0000 1823     		movs	r3, #24
 320 0002 C4F20103 		movt	r3, 16385
 321 0006 1A68     		ldr	r2, [r3]
 322 0008 0243     		orrs	r2, r0
 323 000a 1A60     		str	r2, [r3]
 163:Drivers/GD32E23x_standard_peripheral/Source/gd32e23x_syscfg.c **** }
 324              		.loc 1 163 1 view .LVU64
 325              		@ sp needed
 326 000c 7047     		bx	lr
 327              		.cfi_endproc
 328              	.LFE72:
 330              		.section	.text.irq_latency_set,"ax",%progbits
 331              		.align	1
 332              		.global	irq_latency_set
 333              		.syntax unified
 334              		.code	16
 335              		.thumb_func
 336              		.fpu softvfp
 338              	irq_latency_set:
 339              	.LVL20:
 340              	.LFB73:
 164:Drivers/GD32E23x_standard_peripheral/Source/gd32e23x_syscfg.c **** 
 165:Drivers/GD32E23x_standard_peripheral/Source/gd32e23x_syscfg.c **** /*!
 166:Drivers/GD32E23x_standard_peripheral/Source/gd32e23x_syscfg.c ****     \brief      set the wait state counter value
 167:Drivers/GD32E23x_standard_peripheral/Source/gd32e23x_syscfg.c ****     \param[in]  irq_latency: IRQ_LATENCY value (0x00 - 0xFF)
 168:Drivers/GD32E23x_standard_peripheral/Source/gd32e23x_syscfg.c ****     \param[out] none
 169:Drivers/GD32E23x_standard_peripheral/Source/gd32e23x_syscfg.c ****     \retval     none
 170:Drivers/GD32E23x_standard_peripheral/Source/gd32e23x_syscfg.c **** */
 171:Drivers/GD32E23x_standard_peripheral/Source/gd32e23x_syscfg.c **** void irq_latency_set(uint8_t irq_latency)
 172:Drivers/GD32E23x_standard_peripheral/Source/gd32e23x_syscfg.c **** {
 341              		.loc 1 172 1 is_stmt 1 view -0
ARM GAS  /var/folders/rv/zq8s_02j1dj4vjvr1mm5zl2r0000gn/T//ccxRuG5S.s 			page 10


 342              		.cfi_startproc
 343              		@ args = 0, pretend = 0, frame = 0
 344              		@ frame_needed = 0, uses_anonymous_args = 0
 345              		@ link register save eliminated.
 173:Drivers/GD32E23x_standard_peripheral/Source/gd32e23x_syscfg.c ****     uint32_t reg;
 346              		.loc 1 173 5 view .LVU66
 174:Drivers/GD32E23x_standard_peripheral/Source/gd32e23x_syscfg.c ****     
 175:Drivers/GD32E23x_standard_peripheral/Source/gd32e23x_syscfg.c ****     reg = SYSCFG_CPU_IRQ_LAT &(~(uint32_t)SYSCFG_CPU_IRQ_LAT_IRQ_LATENCY);
 347              		.loc 1 175 5 view .LVU67
 348              		.loc 1 175 11 is_stmt 0 view .LVU68
 349 0000 40F20013 		movw	r3, #256
 350 0004 C4F20103 		movt	r3, 16385
 351 0008 1A68     		ldr	r2, [r3]
 352              		.loc 1 175 9 view .LVU69
 353 000a FF21     		movs	r1, #255
 354 000c 8A43     		bics	r2, r1
 355              	.LVL21:
 176:Drivers/GD32E23x_standard_peripheral/Source/gd32e23x_syscfg.c ****     reg |= (uint32_t)(IRQ_LATENCY(irq_latency));
 356              		.loc 1 176 5 is_stmt 1 view .LVU70
 357              		.loc 1 176 9 is_stmt 0 view .LVU71
 358 000e 1043     		orrs	r0, r2
 359              	.LVL22:
 177:Drivers/GD32E23x_standard_peripheral/Source/gd32e23x_syscfg.c ****     
 178:Drivers/GD32E23x_standard_peripheral/Source/gd32e23x_syscfg.c ****     SYSCFG_CPU_IRQ_LAT = (uint32_t)reg;
 360              		.loc 1 178 5 is_stmt 1 view .LVU72
 361              		.loc 1 178 24 is_stmt 0 view .LVU73
 362 0010 1860     		str	r0, [r3]
 179:Drivers/GD32E23x_standard_peripheral/Source/gd32e23x_syscfg.c **** }
 363              		.loc 1 179 1 view .LVU74
 364              		@ sp needed
 365 0012 7047     		bx	lr
 366              		.cfi_endproc
 367              	.LFE73:
 369              		.section	.text.syscfg_flag_get,"ax",%progbits
 370              		.align	1
 371              		.global	syscfg_flag_get
 372              		.syntax unified
 373              		.code	16
 374              		.thumb_func
 375              		.fpu softvfp
 377              	syscfg_flag_get:
 378              	.LVL23:
 379              	.LFB74:
 180:Drivers/GD32E23x_standard_peripheral/Source/gd32e23x_syscfg.c **** /*!
 181:Drivers/GD32E23x_standard_peripheral/Source/gd32e23x_syscfg.c ****     \brief      check if the specified flag in SYSCFG_CFG2 is set or not.
 182:Drivers/GD32E23x_standard_peripheral/Source/gd32e23x_syscfg.c ****     \param[in]  syscfg_flag: specify the flag in SYSCFG_CFG2 to check.
 183:Drivers/GD32E23x_standard_peripheral/Source/gd32e23x_syscfg.c ****       \arg        SYSCFG_SRAM_PCEF: SRAM parity check error flag.
 184:Drivers/GD32E23x_standard_peripheral/Source/gd32e23x_syscfg.c ****     \param[out] none
 185:Drivers/GD32E23x_standard_peripheral/Source/gd32e23x_syscfg.c ****     \retval     the syscfg_flag state returned (SET or RESET).
 186:Drivers/GD32E23x_standard_peripheral/Source/gd32e23x_syscfg.c ****   */
 187:Drivers/GD32E23x_standard_peripheral/Source/gd32e23x_syscfg.c **** FlagStatus syscfg_flag_get(uint32_t syscfg_flag)
 188:Drivers/GD32E23x_standard_peripheral/Source/gd32e23x_syscfg.c **** {
 380              		.loc 1 188 1 is_stmt 1 view -0
 381              		.cfi_startproc
 382              		@ args = 0, pretend = 0, frame = 0
 383              		@ frame_needed = 0, uses_anonymous_args = 0
 384              		@ link register save eliminated.
ARM GAS  /var/folders/rv/zq8s_02j1dj4vjvr1mm5zl2r0000gn/T//ccxRuG5S.s 			page 11


 189:Drivers/GD32E23x_standard_peripheral/Source/gd32e23x_syscfg.c ****     if((SYSCFG_CFG2 & syscfg_flag) != (uint32_t)RESET){
 385              		.loc 1 189 5 view .LVU76
 386              		.loc 1 189 9 is_stmt 0 view .LVU77
 387 0000 1823     		movs	r3, #24
 388 0002 C4F20103 		movt	r3, 16385
 389 0006 1B68     		ldr	r3, [r3]
 390              		.loc 1 189 7 view .LVU78
 391 0008 1842     		tst	r0, r3
 392 000a 01D0     		beq	.L19
 190:Drivers/GD32E23x_standard_peripheral/Source/gd32e23x_syscfg.c ****         return SET;
 393              		.loc 1 190 16 view .LVU79
 394 000c 0120     		movs	r0, #1
 395              	.LVL24:
 396              	.L18:
 191:Drivers/GD32E23x_standard_peripheral/Source/gd32e23x_syscfg.c ****     }else{
 192:Drivers/GD32E23x_standard_peripheral/Source/gd32e23x_syscfg.c ****         return RESET;
 193:Drivers/GD32E23x_standard_peripheral/Source/gd32e23x_syscfg.c ****     }
 194:Drivers/GD32E23x_standard_peripheral/Source/gd32e23x_syscfg.c **** }
 397              		.loc 1 194 1 view .LVU80
 398              		@ sp needed
 399 000e 7047     		bx	lr
 400              	.LVL25:
 401              	.L19:
 192:Drivers/GD32E23x_standard_peripheral/Source/gd32e23x_syscfg.c ****     }
 402              		.loc 1 192 16 view .LVU81
 403 0010 0020     		movs	r0, #0
 404              	.LVL26:
 192:Drivers/GD32E23x_standard_peripheral/Source/gd32e23x_syscfg.c ****     }
 405              		.loc 1 192 16 view .LVU82
 406 0012 FCE7     		b	.L18
 407              		.cfi_endproc
 408              	.LFE74:
 410              		.section	.text.syscfg_flag_clear,"ax",%progbits
 411              		.align	1
 412              		.global	syscfg_flag_clear
 413              		.syntax unified
 414              		.code	16
 415              		.thumb_func
 416              		.fpu softvfp
 418              	syscfg_flag_clear:
 419              	.LVL27:
 420              	.LFB75:
 195:Drivers/GD32E23x_standard_peripheral/Source/gd32e23x_syscfg.c **** 
 196:Drivers/GD32E23x_standard_peripheral/Source/gd32e23x_syscfg.c **** /*!
 197:Drivers/GD32E23x_standard_peripheral/Source/gd32e23x_syscfg.c ****     \brief      clear the flag in SYSCFG_CFG2 by writing 1.
 198:Drivers/GD32E23x_standard_peripheral/Source/gd32e23x_syscfg.c ****     \param[in]  syscfg_flag: Specify the flag in SYSCFG_CFG2 to clear.
 199:Drivers/GD32E23x_standard_peripheral/Source/gd32e23x_syscfg.c ****       \arg        SYSCFG_SRAM_PCEF: SRAM parity check error flag.
 200:Drivers/GD32E23x_standard_peripheral/Source/gd32e23x_syscfg.c ****     \param[out] none
 201:Drivers/GD32E23x_standard_peripheral/Source/gd32e23x_syscfg.c ****     \retval     none
 202:Drivers/GD32E23x_standard_peripheral/Source/gd32e23x_syscfg.c **** */
 203:Drivers/GD32E23x_standard_peripheral/Source/gd32e23x_syscfg.c **** void syscfg_flag_clear(uint32_t syscfg_flag)
 204:Drivers/GD32E23x_standard_peripheral/Source/gd32e23x_syscfg.c **** {
 421              		.loc 1 204 1 is_stmt 1 view -0
 422              		.cfi_startproc
 423              		@ args = 0, pretend = 0, frame = 0
 424              		@ frame_needed = 0, uses_anonymous_args = 0
 425              		@ link register save eliminated.
ARM GAS  /var/folders/rv/zq8s_02j1dj4vjvr1mm5zl2r0000gn/T//ccxRuG5S.s 			page 12


 205:Drivers/GD32E23x_standard_peripheral/Source/gd32e23x_syscfg.c ****     SYSCFG_CFG2 |= (uint32_t) syscfg_flag;
 426              		.loc 1 205 5 view .LVU84
 427              		.loc 1 205 17 is_stmt 0 view .LVU85
 428 0000 1823     		movs	r3, #24
 429 0002 C4F20103 		movt	r3, 16385
 430 0006 1A68     		ldr	r2, [r3]
 431 0008 0243     		orrs	r2, r0
 432 000a 1A60     		str	r2, [r3]
 206:Drivers/GD32E23x_standard_peripheral/Source/gd32e23x_syscfg.c **** }
 433              		.loc 1 206 1 view .LVU86
 434              		@ sp needed
 435 000c 7047     		bx	lr
 436              		.cfi_endproc
 437              	.LFE75:
 439              		.text
 440              	.Letext0:
 441              		.file 2 "/Users/jgiles/projects/gcc-arm-none-eabi-10.3-2021.07/arm-none-eabi/include/machine/_defa
 442              		.file 3 "/Users/jgiles/projects/gcc-arm-none-eabi-10.3-2021.07/arm-none-eabi/include/sys/_stdint.h
 443              		.file 4 "Drivers/CMSIS/Device/GD/GD32E23x/Include/gd32e23x.h"
 444              		.file 5 "Drivers/GD32E23x_standard_peripheral/Include/gd32e23x_rcu.h"
ARM GAS  /var/folders/rv/zq8s_02j1dj4vjvr1mm5zl2r0000gn/T//ccxRuG5S.s 			page 13


DEFINED SYMBOLS
                            *ABS*:0000000000000000 gd32e23x_syscfg.c
/var/folders/rv/zq8s_02j1dj4vjvr1mm5zl2r0000gn/T//ccxRuG5S.s:16     .text.syscfg_deinit:0000000000000000 $t
/var/folders/rv/zq8s_02j1dj4vjvr1mm5zl2r0000gn/T//ccxRuG5S.s:24     .text.syscfg_deinit:0000000000000000 syscfg_deinit
/var/folders/rv/zq8s_02j1dj4vjvr1mm5zl2r0000gn/T//ccxRuG5S.s:51     .text.syscfg_dma_remap_enable:0000000000000000 $t
/var/folders/rv/zq8s_02j1dj4vjvr1mm5zl2r0000gn/T//ccxRuG5S.s:58     .text.syscfg_dma_remap_enable:0000000000000000 syscfg_dma_remap_enable
/var/folders/rv/zq8s_02j1dj4vjvr1mm5zl2r0000gn/T//ccxRuG5S.s:80     .text.syscfg_dma_remap_disable:0000000000000000 $t
/var/folders/rv/zq8s_02j1dj4vjvr1mm5zl2r0000gn/T//ccxRuG5S.s:87     .text.syscfg_dma_remap_disable:0000000000000000 syscfg_dma_remap_disable
/var/folders/rv/zq8s_02j1dj4vjvr1mm5zl2r0000gn/T//ccxRuG5S.s:109    .text.syscfg_high_current_enable:0000000000000000 $t
/var/folders/rv/zq8s_02j1dj4vjvr1mm5zl2r0000gn/T//ccxRuG5S.s:116    .text.syscfg_high_current_enable:0000000000000000 syscfg_high_current_enable
/var/folders/rv/zq8s_02j1dj4vjvr1mm5zl2r0000gn/T//ccxRuG5S.s:139    .text.syscfg_high_current_disable:0000000000000000 $t
/var/folders/rv/zq8s_02j1dj4vjvr1mm5zl2r0000gn/T//ccxRuG5S.s:146    .text.syscfg_high_current_disable:0000000000000000 syscfg_high_current_disable
/var/folders/rv/zq8s_02j1dj4vjvr1mm5zl2r0000gn/T//ccxRuG5S.s:167    .text.syscfg_high_current_disable:0000000000000010 $d
/var/folders/rv/zq8s_02j1dj4vjvr1mm5zl2r0000gn/T//ccxRuG5S.s:172    .text.syscfg_exti_line_config:0000000000000000 $t
/var/folders/rv/zq8s_02j1dj4vjvr1mm5zl2r0000gn/T//ccxRuG5S.s:179    .text.syscfg_exti_line_config:0000000000000000 syscfg_exti_line_config
/var/folders/rv/zq8s_02j1dj4vjvr1mm5zl2r0000gn/T//ccxRuG5S.s:302    .text.syscfg_lock_config:0000000000000000 $t
/var/folders/rv/zq8s_02j1dj4vjvr1mm5zl2r0000gn/T//ccxRuG5S.s:309    .text.syscfg_lock_config:0000000000000000 syscfg_lock_config
/var/folders/rv/zq8s_02j1dj4vjvr1mm5zl2r0000gn/T//ccxRuG5S.s:331    .text.irq_latency_set:0000000000000000 $t
/var/folders/rv/zq8s_02j1dj4vjvr1mm5zl2r0000gn/T//ccxRuG5S.s:338    .text.irq_latency_set:0000000000000000 irq_latency_set
/var/folders/rv/zq8s_02j1dj4vjvr1mm5zl2r0000gn/T//ccxRuG5S.s:370    .text.syscfg_flag_get:0000000000000000 $t
/var/folders/rv/zq8s_02j1dj4vjvr1mm5zl2r0000gn/T//ccxRuG5S.s:377    .text.syscfg_flag_get:0000000000000000 syscfg_flag_get
/var/folders/rv/zq8s_02j1dj4vjvr1mm5zl2r0000gn/T//ccxRuG5S.s:411    .text.syscfg_flag_clear:0000000000000000 $t
/var/folders/rv/zq8s_02j1dj4vjvr1mm5zl2r0000gn/T//ccxRuG5S.s:418    .text.syscfg_flag_clear:0000000000000000 syscfg_flag_clear

UNDEFINED SYMBOLS
rcu_periph_reset_enable
rcu_periph_reset_disable
