ARM GAS  /var/folders/rv/zq8s_02j1dj4vjvr1mm5zl2r0000gn/T//cc0D5gFX.s 			page 1


   1              		.cpu cortex-m23
   2              		.eabi_attribute 20, 1
   3              		.eabi_attribute 21, 1
   4              		.eabi_attribute 23, 3
   5              		.eabi_attribute 24, 1
   6              		.eabi_attribute 25, 1
   7              		.eabi_attribute 26, 1
   8              		.eabi_attribute 30, 1
   9              		.eabi_attribute 34, 0
  10              		.eabi_attribute 18, 4
  11              		.file	"gd32e23x_fwdgt.c"
  12              		.text
  13              	.Ltext0:
  14              		.cfi_sections	.debug_frame
  15              		.section	.text.fwdgt_write_enable,"ax",%progbits
  16              		.align	1
  17              		.global	fwdgt_write_enable
  18              		.arch armv8-m.base
  19              		.syntax unified
  20              		.code	16
  21              		.thumb_func
  22              		.fpu softvfp
  24              	fwdgt_write_enable:
  25              	.LFB66:
  26              		.file 1 "Drivers/GD32E23x_standard_peripheral/Source/gd32e23x_fwdgt.c"
   1:Drivers/GD32E23x_standard_peripheral/Source/gd32e23x_fwdgt.c **** /*!
   2:Drivers/GD32E23x_standard_peripheral/Source/gd32e23x_fwdgt.c ****     \file    gd32e23x_fwdgt.c
   3:Drivers/GD32E23x_standard_peripheral/Source/gd32e23x_fwdgt.c ****     \brief   FWDGT driver
   4:Drivers/GD32E23x_standard_peripheral/Source/gd32e23x_fwdgt.c ****     
   5:Drivers/GD32E23x_standard_peripheral/Source/gd32e23x_fwdgt.c ****     \version 2019-02-19, V1.0.0, firmware for GD32E23x
   6:Drivers/GD32E23x_standard_peripheral/Source/gd32e23x_fwdgt.c ****     \version 2020-12-12, V1.1.0, firmware for GD32E23x
   7:Drivers/GD32E23x_standard_peripheral/Source/gd32e23x_fwdgt.c **** */
   8:Drivers/GD32E23x_standard_peripheral/Source/gd32e23x_fwdgt.c **** 
   9:Drivers/GD32E23x_standard_peripheral/Source/gd32e23x_fwdgt.c **** /*
  10:Drivers/GD32E23x_standard_peripheral/Source/gd32e23x_fwdgt.c ****     Copyright (c) 2020, GigaDevice Semiconductor Inc.
  11:Drivers/GD32E23x_standard_peripheral/Source/gd32e23x_fwdgt.c **** 
  12:Drivers/GD32E23x_standard_peripheral/Source/gd32e23x_fwdgt.c ****     All rights reserved.
  13:Drivers/GD32E23x_standard_peripheral/Source/gd32e23x_fwdgt.c **** 
  14:Drivers/GD32E23x_standard_peripheral/Source/gd32e23x_fwdgt.c ****     Redistribution and use in source and binary forms, with or without modification, 
  15:Drivers/GD32E23x_standard_peripheral/Source/gd32e23x_fwdgt.c **** are permitted provided that the following conditions are met:
  16:Drivers/GD32E23x_standard_peripheral/Source/gd32e23x_fwdgt.c **** 
  17:Drivers/GD32E23x_standard_peripheral/Source/gd32e23x_fwdgt.c ****     1. Redistributions of source code must retain the above copyright notice, this 
  18:Drivers/GD32E23x_standard_peripheral/Source/gd32e23x_fwdgt.c ****        list of conditions and the following disclaimer.
  19:Drivers/GD32E23x_standard_peripheral/Source/gd32e23x_fwdgt.c ****     2. Redistributions in binary form must reproduce the above copyright notice, 
  20:Drivers/GD32E23x_standard_peripheral/Source/gd32e23x_fwdgt.c ****        this list of conditions and the following disclaimer in the documentation 
  21:Drivers/GD32E23x_standard_peripheral/Source/gd32e23x_fwdgt.c ****        and/or other materials provided with the distribution.
  22:Drivers/GD32E23x_standard_peripheral/Source/gd32e23x_fwdgt.c ****     3. Neither the name of the copyright holder nor the names of its contributors 
  23:Drivers/GD32E23x_standard_peripheral/Source/gd32e23x_fwdgt.c ****        may be used to endorse or promote products derived from this software without 
  24:Drivers/GD32E23x_standard_peripheral/Source/gd32e23x_fwdgt.c ****        specific prior written permission.
  25:Drivers/GD32E23x_standard_peripheral/Source/gd32e23x_fwdgt.c **** 
  26:Drivers/GD32E23x_standard_peripheral/Source/gd32e23x_fwdgt.c ****     THIS SOFTWARE IS PROVIDED BY THE COPYRIGHT HOLDERS AND CONTRIBUTORS "AS IS" 
  27:Drivers/GD32E23x_standard_peripheral/Source/gd32e23x_fwdgt.c **** AND ANY EXPRESS OR IMPLIED WARRANTIES, INCLUDING, BUT NOT LIMITED TO, THE IMPLIED 
  28:Drivers/GD32E23x_standard_peripheral/Source/gd32e23x_fwdgt.c **** WARRANTIES OF MERCHANTABILITY AND FITNESS FOR A PARTICULAR PURPOSE ARE DISCLAIMED. 
  29:Drivers/GD32E23x_standard_peripheral/Source/gd32e23x_fwdgt.c **** IN NO EVENT SHALL THE COPYRIGHT HOLDER OR CONTRIBUTORS BE LIABLE FOR ANY DIRECT, 
  30:Drivers/GD32E23x_standard_peripheral/Source/gd32e23x_fwdgt.c **** INDIRECT, INCIDENTAL, SPECIAL, EXEMPLARY, OR CONSEQUENTIAL DAMAGES (INCLUDING, BUT 
  31:Drivers/GD32E23x_standard_peripheral/Source/gd32e23x_fwdgt.c **** NOT LIMITED TO, PROCUREMENT OF SUBSTITUTE GOODS OR SERVICES; LOSS OF USE, DATA, OR 
  32:Drivers/GD32E23x_standard_peripheral/Source/gd32e23x_fwdgt.c **** PROFITS; OR BUSINESS INTERRUPTION) HOWEVER CAUSED AND ON ANY THEORY OF LIABILITY, 
ARM GAS  /var/folders/rv/zq8s_02j1dj4vjvr1mm5zl2r0000gn/T//cc0D5gFX.s 			page 2


  33:Drivers/GD32E23x_standard_peripheral/Source/gd32e23x_fwdgt.c **** WHETHER IN CONTRACT, STRICT LIABILITY, OR TORT (INCLUDING NEGLIGENCE OR OTHERWISE) 
  34:Drivers/GD32E23x_standard_peripheral/Source/gd32e23x_fwdgt.c **** ARISING IN ANY WAY OUT OF THE USE OF THIS SOFTWARE, EVEN IF ADVISED OF THE POSSIBILITY 
  35:Drivers/GD32E23x_standard_peripheral/Source/gd32e23x_fwdgt.c **** OF SUCH DAMAGE.
  36:Drivers/GD32E23x_standard_peripheral/Source/gd32e23x_fwdgt.c **** */
  37:Drivers/GD32E23x_standard_peripheral/Source/gd32e23x_fwdgt.c **** 
  38:Drivers/GD32E23x_standard_peripheral/Source/gd32e23x_fwdgt.c **** #include "gd32e23x_fwdgt.h"
  39:Drivers/GD32E23x_standard_peripheral/Source/gd32e23x_fwdgt.c **** 
  40:Drivers/GD32E23x_standard_peripheral/Source/gd32e23x_fwdgt.c **** /* write value to FWDGT_CTL_CMD bit field */
  41:Drivers/GD32E23x_standard_peripheral/Source/gd32e23x_fwdgt.c **** #define CTL_CMD(regval)             (BITS(0,15) & ((uint32_t)(regval) << 0U))  /*!< write value to 
  42:Drivers/GD32E23x_standard_peripheral/Source/gd32e23x_fwdgt.c **** /* write value to FWDGT_RLD_RLD bit field */
  43:Drivers/GD32E23x_standard_peripheral/Source/gd32e23x_fwdgt.c **** #define RLD_RLD(regval)             (BITS(0,11) & ((uint32_t)(regval) << 0U))  /*!< write value to 
  44:Drivers/GD32E23x_standard_peripheral/Source/gd32e23x_fwdgt.c **** /* write value to FWDGT_WND_WND bit field */
  45:Drivers/GD32E23x_standard_peripheral/Source/gd32e23x_fwdgt.c **** #define WND_WND(regval)             (BITS(0,11) & ((uint32_t)(regval) << 0U))  /*!< write value to 
  46:Drivers/GD32E23x_standard_peripheral/Source/gd32e23x_fwdgt.c **** 
  47:Drivers/GD32E23x_standard_peripheral/Source/gd32e23x_fwdgt.c **** /*!
  48:Drivers/GD32E23x_standard_peripheral/Source/gd32e23x_fwdgt.c ****     \brief      enable write access to FWDGT_PSC and FWDGT_RLD and FWDGT_WND
  49:Drivers/GD32E23x_standard_peripheral/Source/gd32e23x_fwdgt.c ****     \param[in]  none
  50:Drivers/GD32E23x_standard_peripheral/Source/gd32e23x_fwdgt.c ****     \param[out] none
  51:Drivers/GD32E23x_standard_peripheral/Source/gd32e23x_fwdgt.c ****     \retval     none
  52:Drivers/GD32E23x_standard_peripheral/Source/gd32e23x_fwdgt.c **** */
  53:Drivers/GD32E23x_standard_peripheral/Source/gd32e23x_fwdgt.c **** void fwdgt_write_enable(void)
  54:Drivers/GD32E23x_standard_peripheral/Source/gd32e23x_fwdgt.c **** {
  27              		.loc 1 54 1 view -0
  28              		.cfi_startproc
  29              		@ args = 0, pretend = 0, frame = 0
  30              		@ frame_needed = 0, uses_anonymous_args = 0
  31              		@ link register save eliminated.
  55:Drivers/GD32E23x_standard_peripheral/Source/gd32e23x_fwdgt.c ****     FWDGT_CTL = FWDGT_WRITEACCESS_ENABLE;
  32              		.loc 1 55 5 view .LVU1
  33              		.loc 1 55 15 is_stmt 0 view .LVU2
  34 0000 43F20003 		movw	r3, #12288
  35 0004 C4F20003 		movt	r3, 16384
  36 0008 45F25552 		movw	r2, #21845
  37 000c 1A60     		str	r2, [r3]
  56:Drivers/GD32E23x_standard_peripheral/Source/gd32e23x_fwdgt.c **** }
  38              		.loc 1 56 1 view .LVU3
  39              		@ sp needed
  40 000e 7047     		bx	lr
  41              		.cfi_endproc
  42              	.LFE66:
  44              		.section	.text.fwdgt_write_disable,"ax",%progbits
  45              		.align	1
  46              		.global	fwdgt_write_disable
  47              		.syntax unified
  48              		.code	16
  49              		.thumb_func
  50              		.fpu softvfp
  52              	fwdgt_write_disable:
  53              	.LFB67:
  57:Drivers/GD32E23x_standard_peripheral/Source/gd32e23x_fwdgt.c **** 
  58:Drivers/GD32E23x_standard_peripheral/Source/gd32e23x_fwdgt.c **** /*!
  59:Drivers/GD32E23x_standard_peripheral/Source/gd32e23x_fwdgt.c ****     \brief      disable write access to FWDGT_PSC,FWDGT_RLD and FWDGT_WND
  60:Drivers/GD32E23x_standard_peripheral/Source/gd32e23x_fwdgt.c ****     \param[in]  none
  61:Drivers/GD32E23x_standard_peripheral/Source/gd32e23x_fwdgt.c ****     \param[out] none
  62:Drivers/GD32E23x_standard_peripheral/Source/gd32e23x_fwdgt.c ****     \retval     none
  63:Drivers/GD32E23x_standard_peripheral/Source/gd32e23x_fwdgt.c **** */
  64:Drivers/GD32E23x_standard_peripheral/Source/gd32e23x_fwdgt.c **** void fwdgt_write_disable(void)
ARM GAS  /var/folders/rv/zq8s_02j1dj4vjvr1mm5zl2r0000gn/T//cc0D5gFX.s 			page 3


  65:Drivers/GD32E23x_standard_peripheral/Source/gd32e23x_fwdgt.c **** {
  54              		.loc 1 65 1 is_stmt 1 view -0
  55              		.cfi_startproc
  56              		@ args = 0, pretend = 0, frame = 0
  57              		@ frame_needed = 0, uses_anonymous_args = 0
  58              		@ link register save eliminated.
  66:Drivers/GD32E23x_standard_peripheral/Source/gd32e23x_fwdgt.c ****     FWDGT_CTL = FWDGT_WRITEACCESS_DISABLE;
  59              		.loc 1 66 5 view .LVU5
  60              		.loc 1 66 15 is_stmt 0 view .LVU6
  61 0000 43F20003 		movw	r3, #12288
  62 0004 C4F20003 		movt	r3, 16384
  63 0008 0022     		movs	r2, #0
  64 000a 1A60     		str	r2, [r3]
  67:Drivers/GD32E23x_standard_peripheral/Source/gd32e23x_fwdgt.c **** }
  65              		.loc 1 67 1 view .LVU7
  66              		@ sp needed
  67 000c 7047     		bx	lr
  68              		.cfi_endproc
  69              	.LFE67:
  71              		.section	.text.fwdgt_enable,"ax",%progbits
  72              		.align	1
  73              		.global	fwdgt_enable
  74              		.syntax unified
  75              		.code	16
  76              		.thumb_func
  77              		.fpu softvfp
  79              	fwdgt_enable:
  80              	.LFB68:
  68:Drivers/GD32E23x_standard_peripheral/Source/gd32e23x_fwdgt.c **** 
  69:Drivers/GD32E23x_standard_peripheral/Source/gd32e23x_fwdgt.c **** /*!
  70:Drivers/GD32E23x_standard_peripheral/Source/gd32e23x_fwdgt.c ****     \brief      start the free watchdog timer counter
  71:Drivers/GD32E23x_standard_peripheral/Source/gd32e23x_fwdgt.c ****     \param[in]  none
  72:Drivers/GD32E23x_standard_peripheral/Source/gd32e23x_fwdgt.c ****     \param[out] none
  73:Drivers/GD32E23x_standard_peripheral/Source/gd32e23x_fwdgt.c ****     \retval     none
  74:Drivers/GD32E23x_standard_peripheral/Source/gd32e23x_fwdgt.c **** */
  75:Drivers/GD32E23x_standard_peripheral/Source/gd32e23x_fwdgt.c **** void fwdgt_enable(void)
  76:Drivers/GD32E23x_standard_peripheral/Source/gd32e23x_fwdgt.c **** {
  81              		.loc 1 76 1 is_stmt 1 view -0
  82              		.cfi_startproc
  83              		@ args = 0, pretend = 0, frame = 0
  84              		@ frame_needed = 0, uses_anonymous_args = 0
  85              		@ link register save eliminated.
  77:Drivers/GD32E23x_standard_peripheral/Source/gd32e23x_fwdgt.c ****     FWDGT_CTL = FWDGT_KEY_ENABLE;
  86              		.loc 1 77 5 view .LVU9
  87              		.loc 1 77 15 is_stmt 0 view .LVU10
  88 0000 43F20003 		movw	r3, #12288
  89 0004 C4F20003 		movt	r3, 16384
  90 0008 4CF6CC42 		movw	r2, #52428
  91 000c 1A60     		str	r2, [r3]
  78:Drivers/GD32E23x_standard_peripheral/Source/gd32e23x_fwdgt.c **** }
  92              		.loc 1 78 1 view .LVU11
  93              		@ sp needed
  94 000e 7047     		bx	lr
  95              		.cfi_endproc
  96              	.LFE68:
  98              		.section	.text.fwdgt_prescaler_value_config,"ax",%progbits
  99              		.align	1
ARM GAS  /var/folders/rv/zq8s_02j1dj4vjvr1mm5zl2r0000gn/T//cc0D5gFX.s 			page 4


 100              		.global	fwdgt_prescaler_value_config
 101              		.syntax unified
 102              		.code	16
 103              		.thumb_func
 104              		.fpu softvfp
 106              	fwdgt_prescaler_value_config:
 107              	.LVL0:
 108              	.LFB69:
  79:Drivers/GD32E23x_standard_peripheral/Source/gd32e23x_fwdgt.c **** 
  80:Drivers/GD32E23x_standard_peripheral/Source/gd32e23x_fwdgt.c **** /*!
  81:Drivers/GD32E23x_standard_peripheral/Source/gd32e23x_fwdgt.c ****     \brief      configure the free watchdog timer counter prescaler value
  82:Drivers/GD32E23x_standard_peripheral/Source/gd32e23x_fwdgt.c ****     \param[in]  prescaler_value: specify prescaler value
  83:Drivers/GD32E23x_standard_peripheral/Source/gd32e23x_fwdgt.c ****                 only one parameter can be selected which is shown as below:
  84:Drivers/GD32E23x_standard_peripheral/Source/gd32e23x_fwdgt.c ****       \arg        FWDGT_PSC_DIV4: FWDGT prescaler set to 4
  85:Drivers/GD32E23x_standard_peripheral/Source/gd32e23x_fwdgt.c ****       \arg        FWDGT_PSC_DIV8: FWDGT prescaler set to 8
  86:Drivers/GD32E23x_standard_peripheral/Source/gd32e23x_fwdgt.c ****       \arg        FWDGT_PSC_DIV16: FWDGT prescaler set to 16
  87:Drivers/GD32E23x_standard_peripheral/Source/gd32e23x_fwdgt.c ****       \arg        FWDGT_PSC_DIV32: FWDGT prescaler set to 32
  88:Drivers/GD32E23x_standard_peripheral/Source/gd32e23x_fwdgt.c ****       \arg        FWDGT_PSC_DIV64: FWDGT prescaler set to 64
  89:Drivers/GD32E23x_standard_peripheral/Source/gd32e23x_fwdgt.c ****       \arg        FWDGT_PSC_DIV128: FWDGT prescaler set to 128
  90:Drivers/GD32E23x_standard_peripheral/Source/gd32e23x_fwdgt.c ****       \arg        FWDGT_PSC_DIV256: FWDGT prescaler set to 256
  91:Drivers/GD32E23x_standard_peripheral/Source/gd32e23x_fwdgt.c ****     \param[out] none
  92:Drivers/GD32E23x_standard_peripheral/Source/gd32e23x_fwdgt.c ****     \retval     ErrStatus: ERROR or SUCCESS
  93:Drivers/GD32E23x_standard_peripheral/Source/gd32e23x_fwdgt.c **** */
  94:Drivers/GD32E23x_standard_peripheral/Source/gd32e23x_fwdgt.c **** ErrStatus fwdgt_prescaler_value_config(uint16_t prescaler_value)
  95:Drivers/GD32E23x_standard_peripheral/Source/gd32e23x_fwdgt.c **** {
 109              		.loc 1 95 1 is_stmt 1 view -0
 110              		.cfi_startproc
 111              		@ args = 0, pretend = 0, frame = 0
 112              		@ frame_needed = 0, uses_anonymous_args = 0
 113              		@ link register save eliminated.
  96:Drivers/GD32E23x_standard_peripheral/Source/gd32e23x_fwdgt.c ****     uint32_t timeout = FWDGT_PSC_TIMEOUT;
 114              		.loc 1 96 5 view .LVU13
  97:Drivers/GD32E23x_standard_peripheral/Source/gd32e23x_fwdgt.c ****     uint32_t flag_status = RESET;
 115              		.loc 1 97 5 view .LVU14
  98:Drivers/GD32E23x_standard_peripheral/Source/gd32e23x_fwdgt.c ****   
  99:Drivers/GD32E23x_standard_peripheral/Source/gd32e23x_fwdgt.c ****     /* enable write access to FWDGT_PSC */
 100:Drivers/GD32E23x_standard_peripheral/Source/gd32e23x_fwdgt.c ****     FWDGT_CTL = FWDGT_WRITEACCESS_ENABLE;
 116              		.loc 1 100 5 view .LVU15
 117              		.loc 1 100 15 is_stmt 0 view .LVU16
 118 0000 43F20003 		movw	r3, #12288
 119 0004 C4F20003 		movt	r3, 16384
 120 0008 45F25552 		movw	r2, #21845
 121 000c 1A60     		str	r2, [r3]
  96:Drivers/GD32E23x_standard_peripheral/Source/gd32e23x_fwdgt.c ****     uint32_t flag_status = RESET;
 122              		.loc 1 96 14 view .LVU17
 123 000e 4FF6FF72 		movw	r2, #65535
 124 0012 C0F20F02 		movt	r2, 15
 125              	.LVL1:
 126              	.L6:
 101:Drivers/GD32E23x_standard_peripheral/Source/gd32e23x_fwdgt.c ****   
 102:Drivers/GD32E23x_standard_peripheral/Source/gd32e23x_fwdgt.c ****     /* wait until the PUD flag to be reset */
 103:Drivers/GD32E23x_standard_peripheral/Source/gd32e23x_fwdgt.c ****     do{
 127              		.loc 1 103 5 is_stmt 1 discriminator 2 view .LVU18
 104:Drivers/GD32E23x_standard_peripheral/Source/gd32e23x_fwdgt.c ****         flag_status = FWDGT_STAT & FWDGT_STAT_PUD;
 128              		.loc 1 104 9 discriminator 2 view .LVU19
 129              		.loc 1 104 23 is_stmt 0 discriminator 2 view .LVU20
 130 0016 43F20C03 		movw	r3, #12300
ARM GAS  /var/folders/rv/zq8s_02j1dj4vjvr1mm5zl2r0000gn/T//cc0D5gFX.s 			page 5


 131 001a C4F20003 		movt	r3, 16384
 132 001e 1968     		ldr	r1, [r3]
 133              		.loc 1 104 21 discriminator 2 view .LVU21
 134 0020 0123     		movs	r3, #1
 135 0022 0B40     		ands	r3, r1
 136              	.LVL2:
 105:Drivers/GD32E23x_standard_peripheral/Source/gd32e23x_fwdgt.c ****     }while((--timeout > 0U) && ((uint32_t)RESET != flag_status));
 137              		.loc 1 105 11 is_stmt 1 discriminator 2 view .LVU22
 138              		.loc 1 105 5 is_stmt 0 discriminator 2 view .LVU23
 139 0024 013A     		subs	r2, r2, #1
 140              	.LVL3:
 141              		.loc 1 105 5 discriminator 2 view .LVU24
 142 0026 0AB1     		cbz	r2, .L5
 143              		.loc 1 105 29 discriminator 1 view .LVU25
 144 0028 002B     		cmp	r3, #0
 145 002a F4D1     		bne	.L6
 146              	.L5:
 106:Drivers/GD32E23x_standard_peripheral/Source/gd32e23x_fwdgt.c ****     
 107:Drivers/GD32E23x_standard_peripheral/Source/gd32e23x_fwdgt.c ****     if ((uint32_t)RESET != flag_status){
 147              		.loc 1 107 5 is_stmt 1 view .LVU26
 148              		.loc 1 107 8 is_stmt 0 view .LVU27
 149 002c 33B9     		cbnz	r3, .L8
 108:Drivers/GD32E23x_standard_peripheral/Source/gd32e23x_fwdgt.c ****         return ERROR;
 109:Drivers/GD32E23x_standard_peripheral/Source/gd32e23x_fwdgt.c ****     }
 110:Drivers/GD32E23x_standard_peripheral/Source/gd32e23x_fwdgt.c ****     
 111:Drivers/GD32E23x_standard_peripheral/Source/gd32e23x_fwdgt.c ****     /* configure FWDGT */
 112:Drivers/GD32E23x_standard_peripheral/Source/gd32e23x_fwdgt.c ****     FWDGT_PSC = (uint32_t)prescaler_value; 
 150              		.loc 1 112 5 is_stmt 1 view .LVU28
 151              		.loc 1 112 15 is_stmt 0 view .LVU29
 152 002e 43F20403 		movw	r3, #12292
 153              	.LVL4:
 154              		.loc 1 112 15 view .LVU30
 155 0032 C4F20003 		movt	r3, 16384
 156 0036 1860     		str	r0, [r3]
 113:Drivers/GD32E23x_standard_peripheral/Source/gd32e23x_fwdgt.c **** 
 114:Drivers/GD32E23x_standard_peripheral/Source/gd32e23x_fwdgt.c ****     return SUCCESS;
 157              		.loc 1 114 5 is_stmt 1 view .LVU31
 158              		.loc 1 114 12 is_stmt 0 view .LVU32
 159 0038 0120     		movs	r0, #1
 160              	.LVL5:
 161              	.L7:
 115:Drivers/GD32E23x_standard_peripheral/Source/gd32e23x_fwdgt.c **** }
 162              		.loc 1 115 1 view .LVU33
 163              		@ sp needed
 164 003a 7047     		bx	lr
 165              	.LVL6:
 166              	.L8:
 108:Drivers/GD32E23x_standard_peripheral/Source/gd32e23x_fwdgt.c ****         return ERROR;
 167              		.loc 1 108 16 view .LVU34
 168 003c 0020     		movs	r0, #0
 169              	.LVL7:
 108:Drivers/GD32E23x_standard_peripheral/Source/gd32e23x_fwdgt.c ****         return ERROR;
 170              		.loc 1 108 16 view .LVU35
 171 003e FCE7     		b	.L7
 172              		.cfi_endproc
 173              	.LFE69:
 175              		.section	.text.fwdgt_reload_value_config,"ax",%progbits
ARM GAS  /var/folders/rv/zq8s_02j1dj4vjvr1mm5zl2r0000gn/T//cc0D5gFX.s 			page 6


 176              		.align	1
 177              		.global	fwdgt_reload_value_config
 178              		.syntax unified
 179              		.code	16
 180              		.thumb_func
 181              		.fpu softvfp
 183              	fwdgt_reload_value_config:
 184              	.LVL8:
 185              	.LFB70:
 116:Drivers/GD32E23x_standard_peripheral/Source/gd32e23x_fwdgt.c **** 
 117:Drivers/GD32E23x_standard_peripheral/Source/gd32e23x_fwdgt.c **** /*!
 118:Drivers/GD32E23x_standard_peripheral/Source/gd32e23x_fwdgt.c ****     \brief      configure the free watchdog timer counter reload value
 119:Drivers/GD32E23x_standard_peripheral/Source/gd32e23x_fwdgt.c ****     \param[in]  reload_value: specify reload value(0x0000 - 0x0FFF)
 120:Drivers/GD32E23x_standard_peripheral/Source/gd32e23x_fwdgt.c ****     \param[out] none
 121:Drivers/GD32E23x_standard_peripheral/Source/gd32e23x_fwdgt.c ****     \retval     ErrStatus: ERROR or SUCCESS
 122:Drivers/GD32E23x_standard_peripheral/Source/gd32e23x_fwdgt.c **** */
 123:Drivers/GD32E23x_standard_peripheral/Source/gd32e23x_fwdgt.c **** ErrStatus fwdgt_reload_value_config(uint16_t reload_value)
 124:Drivers/GD32E23x_standard_peripheral/Source/gd32e23x_fwdgt.c **** {
 186              		.loc 1 124 1 is_stmt 1 view -0
 187              		.cfi_startproc
 188              		@ args = 0, pretend = 0, frame = 0
 189              		@ frame_needed = 0, uses_anonymous_args = 0
 190              		@ link register save eliminated.
 125:Drivers/GD32E23x_standard_peripheral/Source/gd32e23x_fwdgt.c ****     uint32_t timeout = FWDGT_RLD_TIMEOUT;
 191              		.loc 1 125 5 view .LVU37
 126:Drivers/GD32E23x_standard_peripheral/Source/gd32e23x_fwdgt.c ****     uint32_t flag_status = RESET;
 192              		.loc 1 126 5 view .LVU38
 127:Drivers/GD32E23x_standard_peripheral/Source/gd32e23x_fwdgt.c ****   
 128:Drivers/GD32E23x_standard_peripheral/Source/gd32e23x_fwdgt.c ****     /* enable write access to FWDGT_RLD */
 129:Drivers/GD32E23x_standard_peripheral/Source/gd32e23x_fwdgt.c ****     FWDGT_CTL = FWDGT_WRITEACCESS_ENABLE;
 193              		.loc 1 129 5 view .LVU39
 194              		.loc 1 129 15 is_stmt 0 view .LVU40
 195 0000 43F20003 		movw	r3, #12288
 196 0004 C4F20003 		movt	r3, 16384
 197 0008 45F25552 		movw	r2, #21845
 198 000c 1A60     		str	r2, [r3]
 125:Drivers/GD32E23x_standard_peripheral/Source/gd32e23x_fwdgt.c ****     uint32_t flag_status = RESET;
 199              		.loc 1 125 14 view .LVU41
 200 000e 4FF6FF72 		movw	r2, #65535
 201 0012 C0F20F02 		movt	r2, 15
 202              	.LVL9:
 203              	.L11:
 130:Drivers/GD32E23x_standard_peripheral/Source/gd32e23x_fwdgt.c ****   
 131:Drivers/GD32E23x_standard_peripheral/Source/gd32e23x_fwdgt.c ****     /* wait until the RUD flag to be reset */
 132:Drivers/GD32E23x_standard_peripheral/Source/gd32e23x_fwdgt.c ****     do{
 204              		.loc 1 132 5 is_stmt 1 discriminator 2 view .LVU42
 133:Drivers/GD32E23x_standard_peripheral/Source/gd32e23x_fwdgt.c ****         flag_status = FWDGT_STAT & FWDGT_STAT_RUD;
 205              		.loc 1 133 9 discriminator 2 view .LVU43
 206              		.loc 1 133 23 is_stmt 0 discriminator 2 view .LVU44
 207 0016 43F20C03 		movw	r3, #12300
 208 001a C4F20003 		movt	r3, 16384
 209 001e 1968     		ldr	r1, [r3]
 210              		.loc 1 133 21 discriminator 2 view .LVU45
 211 0020 0223     		movs	r3, #2
 212 0022 0B40     		ands	r3, r1
 213              	.LVL10:
 134:Drivers/GD32E23x_standard_peripheral/Source/gd32e23x_fwdgt.c ****     }while((--timeout > 0U) && ((uint32_t)RESET != flag_status));
ARM GAS  /var/folders/rv/zq8s_02j1dj4vjvr1mm5zl2r0000gn/T//cc0D5gFX.s 			page 7


 214              		.loc 1 134 11 is_stmt 1 discriminator 2 view .LVU46
 215              		.loc 1 134 5 is_stmt 0 discriminator 2 view .LVU47
 216 0024 013A     		subs	r2, r2, #1
 217              	.LVL11:
 218              		.loc 1 134 5 discriminator 2 view .LVU48
 219 0026 0AB1     		cbz	r2, .L10
 220              		.loc 1 134 29 discriminator 1 view .LVU49
 221 0028 002B     		cmp	r3, #0
 222 002a F4D1     		bne	.L11
 223              	.L10:
 135:Drivers/GD32E23x_standard_peripheral/Source/gd32e23x_fwdgt.c ****    
 136:Drivers/GD32E23x_standard_peripheral/Source/gd32e23x_fwdgt.c ****     if ((uint32_t)RESET != flag_status){
 224              		.loc 1 136 5 is_stmt 1 view .LVU50
 225              		.loc 1 136 8 is_stmt 0 view .LVU51
 226 002c 4BB9     		cbnz	r3, .L13
 137:Drivers/GD32E23x_standard_peripheral/Source/gd32e23x_fwdgt.c ****         return ERROR;
 138:Drivers/GD32E23x_standard_peripheral/Source/gd32e23x_fwdgt.c ****     }
 139:Drivers/GD32E23x_standard_peripheral/Source/gd32e23x_fwdgt.c ****     
 140:Drivers/GD32E23x_standard_peripheral/Source/gd32e23x_fwdgt.c ****     FWDGT_RLD = RLD_RLD(reload_value);
 227              		.loc 1 140 5 is_stmt 1 view .LVU52
 228              		.loc 1 140 17 is_stmt 0 view .LVU53
 229 002e 40F6FF73 		movw	r3, #4095
 230              	.LVL12:
 231              		.loc 1 140 17 view .LVU54
 232 0032 1840     		ands	r0, r3
 233              	.LVL13:
 234              		.loc 1 140 15 view .LVU55
 235 0034 43F20803 		movw	r3, #12296
 236 0038 C4F20003 		movt	r3, 16384
 237 003c 1860     		str	r0, [r3]
 141:Drivers/GD32E23x_standard_peripheral/Source/gd32e23x_fwdgt.c **** 
 142:Drivers/GD32E23x_standard_peripheral/Source/gd32e23x_fwdgt.c ****     return SUCCESS;
 238              		.loc 1 142 5 is_stmt 1 view .LVU56
 239              		.loc 1 142 12 is_stmt 0 view .LVU57
 240 003e 0120     		movs	r0, #1
 241              	.L12:
 143:Drivers/GD32E23x_standard_peripheral/Source/gd32e23x_fwdgt.c **** }
 242              		.loc 1 143 1 view .LVU58
 243              		@ sp needed
 244 0040 7047     		bx	lr
 245              	.LVL14:
 246              	.L13:
 137:Drivers/GD32E23x_standard_peripheral/Source/gd32e23x_fwdgt.c ****         return ERROR;
 247              		.loc 1 137 16 view .LVU59
 248 0042 0020     		movs	r0, #0
 249              	.LVL15:
 137:Drivers/GD32E23x_standard_peripheral/Source/gd32e23x_fwdgt.c ****         return ERROR;
 250              		.loc 1 137 16 view .LVU60
 251 0044 FCE7     		b	.L12
 252              		.cfi_endproc
 253              	.LFE70:
 255              		.section	.text.fwdgt_window_value_config,"ax",%progbits
 256              		.align	1
 257              		.global	fwdgt_window_value_config
 258              		.syntax unified
 259              		.code	16
 260              		.thumb_func
ARM GAS  /var/folders/rv/zq8s_02j1dj4vjvr1mm5zl2r0000gn/T//cc0D5gFX.s 			page 8


 261              		.fpu softvfp
 263              	fwdgt_window_value_config:
 264              	.LVL16:
 265              	.LFB71:
 144:Drivers/GD32E23x_standard_peripheral/Source/gd32e23x_fwdgt.c **** 
 145:Drivers/GD32E23x_standard_peripheral/Source/gd32e23x_fwdgt.c **** /*!
 146:Drivers/GD32E23x_standard_peripheral/Source/gd32e23x_fwdgt.c ****     \brief      configure the free watchdog timer counter window value
 147:Drivers/GD32E23x_standard_peripheral/Source/gd32e23x_fwdgt.c ****     \param[in]  window_value: specify window value(0x0000 - 0x0FFF)
 148:Drivers/GD32E23x_standard_peripheral/Source/gd32e23x_fwdgt.c ****     \param[out] none
 149:Drivers/GD32E23x_standard_peripheral/Source/gd32e23x_fwdgt.c ****     \retval     ErrStatus: ERROR or SUCCESS
 150:Drivers/GD32E23x_standard_peripheral/Source/gd32e23x_fwdgt.c **** */
 151:Drivers/GD32E23x_standard_peripheral/Source/gd32e23x_fwdgt.c **** ErrStatus fwdgt_window_value_config(uint16_t window_value)
 152:Drivers/GD32E23x_standard_peripheral/Source/gd32e23x_fwdgt.c **** {
 266              		.loc 1 152 1 is_stmt 1 view -0
 267              		.cfi_startproc
 268              		@ args = 0, pretend = 0, frame = 0
 269              		@ frame_needed = 0, uses_anonymous_args = 0
 270              		@ link register save eliminated.
 153:Drivers/GD32E23x_standard_peripheral/Source/gd32e23x_fwdgt.c ****     uint32_t time_index = FWDGT_WND_TIMEOUT;
 271              		.loc 1 153 5 view .LVU62
 154:Drivers/GD32E23x_standard_peripheral/Source/gd32e23x_fwdgt.c ****     uint32_t flag_status = RESET;
 272              		.loc 1 154 5 view .LVU63
 155:Drivers/GD32E23x_standard_peripheral/Source/gd32e23x_fwdgt.c **** 
 156:Drivers/GD32E23x_standard_peripheral/Source/gd32e23x_fwdgt.c ****     /* enable write access to FWDGT_WND */
 157:Drivers/GD32E23x_standard_peripheral/Source/gd32e23x_fwdgt.c ****     FWDGT_CTL = FWDGT_WRITEACCESS_ENABLE;
 273              		.loc 1 157 5 view .LVU64
 274              		.loc 1 157 15 is_stmt 0 view .LVU65
 275 0000 43F20003 		movw	r3, #12288
 276 0004 C4F20003 		movt	r3, 16384
 277 0008 45F25552 		movw	r2, #21845
 278 000c 1A60     		str	r2, [r3]
 153:Drivers/GD32E23x_standard_peripheral/Source/gd32e23x_fwdgt.c ****     uint32_t flag_status = RESET;
 279              		.loc 1 153 14 view .LVU66
 280 000e 4FF6FF72 		movw	r2, #65535
 281 0012 C0F20F02 		movt	r2, 15
 282              	.LVL17:
 283              	.L16:
 158:Drivers/GD32E23x_standard_peripheral/Source/gd32e23x_fwdgt.c **** 
 159:Drivers/GD32E23x_standard_peripheral/Source/gd32e23x_fwdgt.c ****     /* wait until the WUD flag to be reset */
 160:Drivers/GD32E23x_standard_peripheral/Source/gd32e23x_fwdgt.c ****     do{
 284              		.loc 1 160 5 is_stmt 1 discriminator 2 view .LVU67
 161:Drivers/GD32E23x_standard_peripheral/Source/gd32e23x_fwdgt.c ****         flag_status = FWDGT_STAT & FWDGT_STAT_WUD;
 285              		.loc 1 161 9 discriminator 2 view .LVU68
 286              		.loc 1 161 23 is_stmt 0 discriminator 2 view .LVU69
 287 0016 43F20C03 		movw	r3, #12300
 288 001a C4F20003 		movt	r3, 16384
 289 001e 1968     		ldr	r1, [r3]
 290              		.loc 1 161 21 discriminator 2 view .LVU70
 291 0020 0423     		movs	r3, #4
 292 0022 0B40     		ands	r3, r1
 293              	.LVL18:
 162:Drivers/GD32E23x_standard_peripheral/Source/gd32e23x_fwdgt.c ****     }while((--time_index > 0U) && ((uint32_t)RESET != flag_status));
 294              		.loc 1 162 11 is_stmt 1 discriminator 2 view .LVU71
 295              		.loc 1 162 5 is_stmt 0 discriminator 2 view .LVU72
 296 0024 013A     		subs	r2, r2, #1
 297              	.LVL19:
 298              		.loc 1 162 5 discriminator 2 view .LVU73
ARM GAS  /var/folders/rv/zq8s_02j1dj4vjvr1mm5zl2r0000gn/T//cc0D5gFX.s 			page 9


 299 0026 0AB1     		cbz	r2, .L15
 300              		.loc 1 162 32 discriminator 1 view .LVU74
 301 0028 002B     		cmp	r3, #0
 302 002a F4D1     		bne	.L16
 303              	.L15:
 163:Drivers/GD32E23x_standard_peripheral/Source/gd32e23x_fwdgt.c **** 
 164:Drivers/GD32E23x_standard_peripheral/Source/gd32e23x_fwdgt.c ****     if ((uint32_t)RESET != flag_status){
 304              		.loc 1 164 5 is_stmt 1 view .LVU75
 305              		.loc 1 164 8 is_stmt 0 view .LVU76
 306 002c 4BB9     		cbnz	r3, .L18
 165:Drivers/GD32E23x_standard_peripheral/Source/gd32e23x_fwdgt.c ****         return ERROR; 
 166:Drivers/GD32E23x_standard_peripheral/Source/gd32e23x_fwdgt.c ****     }
 167:Drivers/GD32E23x_standard_peripheral/Source/gd32e23x_fwdgt.c ****     
 168:Drivers/GD32E23x_standard_peripheral/Source/gd32e23x_fwdgt.c ****     FWDGT_WND = WND_WND(window_value);
 307              		.loc 1 168 5 is_stmt 1 view .LVU77
 308              		.loc 1 168 17 is_stmt 0 view .LVU78
 309 002e 40F6FF73 		movw	r3, #4095
 310              	.LVL20:
 311              		.loc 1 168 17 view .LVU79
 312 0032 1840     		ands	r0, r3
 313              	.LVL21:
 314              		.loc 1 168 15 view .LVU80
 315 0034 43F21003 		movw	r3, #12304
 316 0038 C4F20003 		movt	r3, 16384
 317 003c 1860     		str	r0, [r3]
 169:Drivers/GD32E23x_standard_peripheral/Source/gd32e23x_fwdgt.c **** 
 170:Drivers/GD32E23x_standard_peripheral/Source/gd32e23x_fwdgt.c ****     return SUCCESS;
 318              		.loc 1 170 5 is_stmt 1 view .LVU81
 319              		.loc 1 170 12 is_stmt 0 view .LVU82
 320 003e 0120     		movs	r0, #1
 321              	.L17:
 171:Drivers/GD32E23x_standard_peripheral/Source/gd32e23x_fwdgt.c **** }
 322              		.loc 1 171 1 view .LVU83
 323              		@ sp needed
 324 0040 7047     		bx	lr
 325              	.LVL22:
 326              	.L18:
 165:Drivers/GD32E23x_standard_peripheral/Source/gd32e23x_fwdgt.c ****         return ERROR; 
 327              		.loc 1 165 16 view .LVU84
 328 0042 0020     		movs	r0, #0
 329              	.LVL23:
 165:Drivers/GD32E23x_standard_peripheral/Source/gd32e23x_fwdgt.c ****         return ERROR; 
 330              		.loc 1 165 16 view .LVU85
 331 0044 FCE7     		b	.L17
 332              		.cfi_endproc
 333              	.LFE71:
 335              		.section	.text.fwdgt_counter_reload,"ax",%progbits
 336              		.align	1
 337              		.global	fwdgt_counter_reload
 338              		.syntax unified
 339              		.code	16
 340              		.thumb_func
 341              		.fpu softvfp
 343              	fwdgt_counter_reload:
 344              	.LFB72:
 172:Drivers/GD32E23x_standard_peripheral/Source/gd32e23x_fwdgt.c **** 
 173:Drivers/GD32E23x_standard_peripheral/Source/gd32e23x_fwdgt.c **** /*!
ARM GAS  /var/folders/rv/zq8s_02j1dj4vjvr1mm5zl2r0000gn/T//cc0D5gFX.s 			page 10


 174:Drivers/GD32E23x_standard_peripheral/Source/gd32e23x_fwdgt.c ****     \brief      reload the counter of FWDGT
 175:Drivers/GD32E23x_standard_peripheral/Source/gd32e23x_fwdgt.c ****     \param[in]  none
 176:Drivers/GD32E23x_standard_peripheral/Source/gd32e23x_fwdgt.c ****     \param[out] none
 177:Drivers/GD32E23x_standard_peripheral/Source/gd32e23x_fwdgt.c ****     \retval     none
 178:Drivers/GD32E23x_standard_peripheral/Source/gd32e23x_fwdgt.c **** */
 179:Drivers/GD32E23x_standard_peripheral/Source/gd32e23x_fwdgt.c **** void fwdgt_counter_reload(void)
 180:Drivers/GD32E23x_standard_peripheral/Source/gd32e23x_fwdgt.c **** {
 345              		.loc 1 180 1 is_stmt 1 view -0
 346              		.cfi_startproc
 347              		@ args = 0, pretend = 0, frame = 0
 348              		@ frame_needed = 0, uses_anonymous_args = 0
 349              		@ link register save eliminated.
 181:Drivers/GD32E23x_standard_peripheral/Source/gd32e23x_fwdgt.c ****     FWDGT_CTL = FWDGT_KEY_RELOAD;
 350              		.loc 1 181 5 view .LVU87
 351              		.loc 1 181 15 is_stmt 0 view .LVU88
 352 0000 43F20003 		movw	r3, #12288
 353 0004 C4F20003 		movt	r3, 16384
 354 0008 4AF6AA22 		movw	r2, #43690
 355 000c 1A60     		str	r2, [r3]
 182:Drivers/GD32E23x_standard_peripheral/Source/gd32e23x_fwdgt.c **** }
 356              		.loc 1 182 1 view .LVU89
 357              		@ sp needed
 358 000e 7047     		bx	lr
 359              		.cfi_endproc
 360              	.LFE72:
 362              		.section	.text.fwdgt_config,"ax",%progbits
 363              		.align	1
 364              		.global	fwdgt_config
 365              		.syntax unified
 366              		.code	16
 367              		.thumb_func
 368              		.fpu softvfp
 370              	fwdgt_config:
 371              	.LVL24:
 372              	.LFB73:
 183:Drivers/GD32E23x_standard_peripheral/Source/gd32e23x_fwdgt.c **** 
 184:Drivers/GD32E23x_standard_peripheral/Source/gd32e23x_fwdgt.c **** /*!
 185:Drivers/GD32E23x_standard_peripheral/Source/gd32e23x_fwdgt.c ****     \brief      configure counter reload value, and prescaler divider value
 186:Drivers/GD32E23x_standard_peripheral/Source/gd32e23x_fwdgt.c ****     \param[in]  reload_value: specify reload value(0x0000 - 0x0FFF)
 187:Drivers/GD32E23x_standard_peripheral/Source/gd32e23x_fwdgt.c ****     \param[in]  prescaler_div: FWDGT prescaler value
 188:Drivers/GD32E23x_standard_peripheral/Source/gd32e23x_fwdgt.c ****                 only one parameter can be selected which is shown as below:
 189:Drivers/GD32E23x_standard_peripheral/Source/gd32e23x_fwdgt.c ****       \arg        FWDGT_PSC_DIV4: FWDGT prescaler set to 4
 190:Drivers/GD32E23x_standard_peripheral/Source/gd32e23x_fwdgt.c ****       \arg        FWDGT_PSC_DIV8: FWDGT prescaler set to 8
 191:Drivers/GD32E23x_standard_peripheral/Source/gd32e23x_fwdgt.c ****       \arg        FWDGT_PSC_DIV16: FWDGT prescaler set to 16
 192:Drivers/GD32E23x_standard_peripheral/Source/gd32e23x_fwdgt.c ****       \arg        FWDGT_PSC_DIV32: FWDGT prescaler set to 32
 193:Drivers/GD32E23x_standard_peripheral/Source/gd32e23x_fwdgt.c ****       \arg        FWDGT_PSC_DIV64: FWDGT prescaler set to 64
 194:Drivers/GD32E23x_standard_peripheral/Source/gd32e23x_fwdgt.c ****       \arg        FWDGT_PSC_DIV128: FWDGT prescaler set to 128
 195:Drivers/GD32E23x_standard_peripheral/Source/gd32e23x_fwdgt.c ****       \arg        FWDGT_PSC_DIV256: FWDGT prescaler set to 256
 196:Drivers/GD32E23x_standard_peripheral/Source/gd32e23x_fwdgt.c ****     \param[out] none
 197:Drivers/GD32E23x_standard_peripheral/Source/gd32e23x_fwdgt.c ****     \retval     ErrStatus: ERROR or SUCCESS
 198:Drivers/GD32E23x_standard_peripheral/Source/gd32e23x_fwdgt.c **** */
 199:Drivers/GD32E23x_standard_peripheral/Source/gd32e23x_fwdgt.c **** ErrStatus fwdgt_config(uint16_t reload_value, uint8_t prescaler_div)
 200:Drivers/GD32E23x_standard_peripheral/Source/gd32e23x_fwdgt.c **** {
 373              		.loc 1 200 1 is_stmt 1 view -0
 374              		.cfi_startproc
 375              		@ args = 0, pretend = 0, frame = 0
 376              		@ frame_needed = 0, uses_anonymous_args = 0
ARM GAS  /var/folders/rv/zq8s_02j1dj4vjvr1mm5zl2r0000gn/T//cc0D5gFX.s 			page 11


 377              		.loc 1 200 1 is_stmt 0 view .LVU91
 378 0000 10B5     		push	{r4, lr}
 379              	.LCFI0:
 380              		.cfi_def_cfa_offset 8
 381              		.cfi_offset 4, -8
 382              		.cfi_offset 14, -4
 201:Drivers/GD32E23x_standard_peripheral/Source/gd32e23x_fwdgt.c ****     uint32_t timeout = FWDGT_PSC_TIMEOUT;
 383              		.loc 1 201 5 is_stmt 1 view .LVU92
 384              	.LVL25:
 202:Drivers/GD32E23x_standard_peripheral/Source/gd32e23x_fwdgt.c ****     uint32_t flag_status = RESET;
 385              		.loc 1 202 5 view .LVU93
 203:Drivers/GD32E23x_standard_peripheral/Source/gd32e23x_fwdgt.c ****   
 204:Drivers/GD32E23x_standard_peripheral/Source/gd32e23x_fwdgt.c ****     /* enable write access to FWDGT_PSC,and FWDGT_RLD */
 205:Drivers/GD32E23x_standard_peripheral/Source/gd32e23x_fwdgt.c ****     FWDGT_CTL = FWDGT_WRITEACCESS_ENABLE;
 386              		.loc 1 205 5 view .LVU94
 387              		.loc 1 205 15 is_stmt 0 view .LVU95
 388 0002 43F20003 		movw	r3, #12288
 389 0006 C4F20003 		movt	r3, 16384
 390 000a 45F25552 		movw	r2, #21845
 391 000e 1A60     		str	r2, [r3]
 201:Drivers/GD32E23x_standard_peripheral/Source/gd32e23x_fwdgt.c ****     uint32_t flag_status = RESET;
 392              		.loc 1 201 14 view .LVU96
 393 0010 4FF6FF72 		movw	r2, #65535
 394 0014 C0F20F02 		movt	r2, 15
 395              	.LVL26:
 396              	.L22:
 206:Drivers/GD32E23x_standard_peripheral/Source/gd32e23x_fwdgt.c ****   
 207:Drivers/GD32E23x_standard_peripheral/Source/gd32e23x_fwdgt.c ****     /* wait until the PUD flag to be reset */
 208:Drivers/GD32E23x_standard_peripheral/Source/gd32e23x_fwdgt.c ****     do{
 397              		.loc 1 208 5 is_stmt 1 discriminator 2 view .LVU97
 209:Drivers/GD32E23x_standard_peripheral/Source/gd32e23x_fwdgt.c ****         flag_status = FWDGT_STAT & FWDGT_STAT_PUD;
 398              		.loc 1 209 9 discriminator 2 view .LVU98
 399              		.loc 1 209 23 is_stmt 0 discriminator 2 view .LVU99
 400 0018 43F20C03 		movw	r3, #12300
 401 001c C4F20003 		movt	r3, 16384
 402 0020 1C68     		ldr	r4, [r3]
 403              		.loc 1 209 21 discriminator 2 view .LVU100
 404 0022 0123     		movs	r3, #1
 405 0024 2340     		ands	r3, r4
 406              	.LVL27:
 210:Drivers/GD32E23x_standard_peripheral/Source/gd32e23x_fwdgt.c ****     }while((--timeout > 0U) && ((uint32_t)RESET != flag_status));
 407              		.loc 1 210 11 is_stmt 1 discriminator 2 view .LVU101
 408              		.loc 1 210 5 is_stmt 0 discriminator 2 view .LVU102
 409 0026 013A     		subs	r2, r2, #1
 410              	.LVL28:
 411              		.loc 1 210 5 discriminator 2 view .LVU103
 412 0028 0AB1     		cbz	r2, .L21
 413              		.loc 1 210 29 discriminator 1 view .LVU104
 414 002a 002B     		cmp	r3, #0
 415 002c F4D1     		bne	.L22
 416              	.L21:
 211:Drivers/GD32E23x_standard_peripheral/Source/gd32e23x_fwdgt.c ****     
 212:Drivers/GD32E23x_standard_peripheral/Source/gd32e23x_fwdgt.c ****     if ((uint32_t)RESET != flag_status){
 417              		.loc 1 212 5 is_stmt 1 view .LVU105
 418              		.loc 1 212 8 is_stmt 0 view .LVU106
 419 002e 2BBB     		cbnz	r3, .L26
 213:Drivers/GD32E23x_standard_peripheral/Source/gd32e23x_fwdgt.c ****         return ERROR;
ARM GAS  /var/folders/rv/zq8s_02j1dj4vjvr1mm5zl2r0000gn/T//cc0D5gFX.s 			page 12


 214:Drivers/GD32E23x_standard_peripheral/Source/gd32e23x_fwdgt.c ****     }
 215:Drivers/GD32E23x_standard_peripheral/Source/gd32e23x_fwdgt.c ****     
 216:Drivers/GD32E23x_standard_peripheral/Source/gd32e23x_fwdgt.c ****     /* configure FWDGT */
 217:Drivers/GD32E23x_standard_peripheral/Source/gd32e23x_fwdgt.c ****     FWDGT_PSC = (uint32_t)prescaler_div;       
 420              		.loc 1 217 5 is_stmt 1 view .LVU107
 421              		.loc 1 217 15 is_stmt 0 view .LVU108
 422 0030 43F20403 		movw	r3, #12292
 423              	.LVL29:
 424              		.loc 1 217 15 view .LVU109
 425 0034 C4F20003 		movt	r3, 16384
 426 0038 1960     		str	r1, [r3]
 218:Drivers/GD32E23x_standard_peripheral/Source/gd32e23x_fwdgt.c **** 
 219:Drivers/GD32E23x_standard_peripheral/Source/gd32e23x_fwdgt.c ****     timeout = FWDGT_RLD_TIMEOUT;    
 427              		.loc 1 219 5 is_stmt 1 view .LVU110
 428              	.LVL30:
 429              		.loc 1 219 13 is_stmt 0 view .LVU111
 430 003a 4FF6FF72 		movw	r2, #65535
 431 003e C0F20F02 		movt	r2, 15
 432              	.LVL31:
 433              	.L25:
 220:Drivers/GD32E23x_standard_peripheral/Source/gd32e23x_fwdgt.c ****     /* wait until the RUD flag to be reset */
 221:Drivers/GD32E23x_standard_peripheral/Source/gd32e23x_fwdgt.c ****     do{
 434              		.loc 1 221 5 is_stmt 1 discriminator 2 view .LVU112
 222:Drivers/GD32E23x_standard_peripheral/Source/gd32e23x_fwdgt.c ****         flag_status = FWDGT_STAT & FWDGT_STAT_RUD;
 435              		.loc 1 222 9 discriminator 2 view .LVU113
 436              		.loc 1 222 23 is_stmt 0 discriminator 2 view .LVU114
 437 0042 43F20C03 		movw	r3, #12300
 438 0046 C4F20003 		movt	r3, 16384
 439 004a 1968     		ldr	r1, [r3]
 440              		.loc 1 222 21 discriminator 2 view .LVU115
 441 004c 0223     		movs	r3, #2
 442 004e 0B40     		ands	r3, r1
 443              	.LVL32:
 223:Drivers/GD32E23x_standard_peripheral/Source/gd32e23x_fwdgt.c ****     }while((--timeout > 0U) && ((uint32_t)RESET != flag_status));
 444              		.loc 1 223 11 is_stmt 1 discriminator 2 view .LVU116
 445              		.loc 1 223 5 is_stmt 0 discriminator 2 view .LVU117
 446 0050 013A     		subs	r2, r2, #1
 447              	.LVL33:
 448              		.loc 1 223 5 discriminator 2 view .LVU118
 449 0052 0AB1     		cbz	r2, .L24
 450              		.loc 1 223 29 discriminator 1 view .LVU119
 451 0054 002B     		cmp	r3, #0
 452 0056 F4D1     		bne	.L25
 453              	.L24:
 224:Drivers/GD32E23x_standard_peripheral/Source/gd32e23x_fwdgt.c ****    
 225:Drivers/GD32E23x_standard_peripheral/Source/gd32e23x_fwdgt.c ****     if ((uint32_t)RESET != flag_status){
 454              		.loc 1 225 5 is_stmt 1 view .LVU120
 455              		.loc 1 225 8 is_stmt 0 view .LVU121
 456 0058 93B9     		cbnz	r3, .L27
 226:Drivers/GD32E23x_standard_peripheral/Source/gd32e23x_fwdgt.c ****         return ERROR;
 227:Drivers/GD32E23x_standard_peripheral/Source/gd32e23x_fwdgt.c ****     }
 228:Drivers/GD32E23x_standard_peripheral/Source/gd32e23x_fwdgt.c ****     
 229:Drivers/GD32E23x_standard_peripheral/Source/gd32e23x_fwdgt.c ****     FWDGT_RLD = RLD_RLD(reload_value);
 457              		.loc 1 229 5 is_stmt 1 view .LVU122
 458              		.loc 1 229 17 is_stmt 0 view .LVU123
 459 005a 40F6FF73 		movw	r3, #4095
 460              	.LVL34:
ARM GAS  /var/folders/rv/zq8s_02j1dj4vjvr1mm5zl2r0000gn/T//cc0D5gFX.s 			page 13


 461              		.loc 1 229 17 view .LVU124
 462 005e 1840     		ands	r0, r3
 463              	.LVL35:
 464              		.loc 1 229 15 view .LVU125
 465 0060 43F20803 		movw	r3, #12296
 466 0064 C4F20003 		movt	r3, 16384
 467 0068 1860     		str	r0, [r3]
 230:Drivers/GD32E23x_standard_peripheral/Source/gd32e23x_fwdgt.c ****     
 231:Drivers/GD32E23x_standard_peripheral/Source/gd32e23x_fwdgt.c ****     /* reload the counter */
 232:Drivers/GD32E23x_standard_peripheral/Source/gd32e23x_fwdgt.c ****     FWDGT_CTL = FWDGT_KEY_RELOAD;
 468              		.loc 1 232 5 is_stmt 1 view .LVU126
 469              		.loc 1 232 15 is_stmt 0 view .LVU127
 470 006a 43F20003 		movw	r3, #12288
 471 006e C4F20003 		movt	r3, 16384
 472 0072 4AF6AA22 		movw	r2, #43690
 473              	.LVL36:
 474              		.loc 1 232 15 view .LVU128
 475 0076 1A60     		str	r2, [r3]
 233:Drivers/GD32E23x_standard_peripheral/Source/gd32e23x_fwdgt.c ****     
 234:Drivers/GD32E23x_standard_peripheral/Source/gd32e23x_fwdgt.c ****     return SUCCESS;
 476              		.loc 1 234 5 is_stmt 1 view .LVU129
 477              		.loc 1 234 12 is_stmt 0 view .LVU130
 478 0078 0120     		movs	r0, #1
 479              	.LVL37:
 480              	.L23:
 235:Drivers/GD32E23x_standard_peripheral/Source/gd32e23x_fwdgt.c **** }
 481              		.loc 1 235 1 view .LVU131
 482              		@ sp needed
 483 007a 10BD     		pop	{r4, pc}
 484              	.LVL38:
 485              	.L26:
 213:Drivers/GD32E23x_standard_peripheral/Source/gd32e23x_fwdgt.c ****     }
 486              		.loc 1 213 16 view .LVU132
 487 007c 0020     		movs	r0, #0
 488              	.LVL39:
 213:Drivers/GD32E23x_standard_peripheral/Source/gd32e23x_fwdgt.c ****     }
 489              		.loc 1 213 16 view .LVU133
 490 007e FCE7     		b	.L23
 491              	.LVL40:
 492              	.L27:
 226:Drivers/GD32E23x_standard_peripheral/Source/gd32e23x_fwdgt.c ****     }
 493              		.loc 1 226 16 view .LVU134
 494 0080 0020     		movs	r0, #0
 495              	.LVL41:
 226:Drivers/GD32E23x_standard_peripheral/Source/gd32e23x_fwdgt.c ****     }
 496              		.loc 1 226 16 view .LVU135
 497 0082 FAE7     		b	.L23
 498              		.cfi_endproc
 499              	.LFE73:
 501              		.section	.text.fwdgt_flag_get,"ax",%progbits
 502              		.align	1
 503              		.global	fwdgt_flag_get
 504              		.syntax unified
 505              		.code	16
 506              		.thumb_func
 507              		.fpu softvfp
 509              	fwdgt_flag_get:
ARM GAS  /var/folders/rv/zq8s_02j1dj4vjvr1mm5zl2r0000gn/T//cc0D5gFX.s 			page 14


 510              	.LVL42:
 511              	.LFB74:
 236:Drivers/GD32E23x_standard_peripheral/Source/gd32e23x_fwdgt.c **** 
 237:Drivers/GD32E23x_standard_peripheral/Source/gd32e23x_fwdgt.c **** /*!
 238:Drivers/GD32E23x_standard_peripheral/Source/gd32e23x_fwdgt.c ****     \brief      get flag state of FWDGT
 239:Drivers/GD32E23x_standard_peripheral/Source/gd32e23x_fwdgt.c ****     \param[in]  flag: flag to get 
 240:Drivers/GD32E23x_standard_peripheral/Source/gd32e23x_fwdgt.c ****                 only one parameter can be selected which is shown as below:
 241:Drivers/GD32E23x_standard_peripheral/Source/gd32e23x_fwdgt.c ****       \arg        FWDGT_FLAG_PUD: a write operation to FWDGT_PSC register is on going
 242:Drivers/GD32E23x_standard_peripheral/Source/gd32e23x_fwdgt.c ****       \arg        FWDGT_FLAG_RUD: a write operation to FWDGT_RLD register is on going
 243:Drivers/GD32E23x_standard_peripheral/Source/gd32e23x_fwdgt.c ****       \arg        FWDGT_FLAG_WUD: a write operation to FWDGT_WND register is on going
 244:Drivers/GD32E23x_standard_peripheral/Source/gd32e23x_fwdgt.c ****     \param[out] none
 245:Drivers/GD32E23x_standard_peripheral/Source/gd32e23x_fwdgt.c ****     \retval     FlagStatus: SET or RESET
 246:Drivers/GD32E23x_standard_peripheral/Source/gd32e23x_fwdgt.c **** */
 247:Drivers/GD32E23x_standard_peripheral/Source/gd32e23x_fwdgt.c **** FlagStatus fwdgt_flag_get(uint16_t flag)
 248:Drivers/GD32E23x_standard_peripheral/Source/gd32e23x_fwdgt.c **** {
 512              		.loc 1 248 1 is_stmt 1 view -0
 513              		.cfi_startproc
 514              		@ args = 0, pretend = 0, frame = 0
 515              		@ frame_needed = 0, uses_anonymous_args = 0
 516              		@ link register save eliminated.
 249:Drivers/GD32E23x_standard_peripheral/Source/gd32e23x_fwdgt.c ****     if(RESET != (FWDGT_STAT & flag)){
 517              		.loc 1 249 5 view .LVU137
 518              		.loc 1 249 18 is_stmt 0 view .LVU138
 519 0000 43F20C03 		movw	r3, #12300
 520 0004 C4F20003 		movt	r3, 16384
 521 0008 1B68     		ldr	r3, [r3]
 522              		.loc 1 249 7 view .LVU139
 523 000a 0342     		tst	r3, r0
 524 000c 01D1     		bne	.L30
 250:Drivers/GD32E23x_standard_peripheral/Source/gd32e23x_fwdgt.c ****         return SET;
 251:Drivers/GD32E23x_standard_peripheral/Source/gd32e23x_fwdgt.c ****     }
 252:Drivers/GD32E23x_standard_peripheral/Source/gd32e23x_fwdgt.c ****     return RESET;
 525              		.loc 1 252 12 view .LVU140
 526 000e 0020     		movs	r0, #0
 527              	.LVL43:
 528              	.L29:
 253:Drivers/GD32E23x_standard_peripheral/Source/gd32e23x_fwdgt.c **** }
 529              		.loc 1 253 1 view .LVU141
 530              		@ sp needed
 531 0010 7047     		bx	lr
 532              	.LVL44:
 533              	.L30:
 250:Drivers/GD32E23x_standard_peripheral/Source/gd32e23x_fwdgt.c ****         return SET;
 534              		.loc 1 250 16 view .LVU142
 535 0012 0120     		movs	r0, #1
 536              	.LVL45:
 250:Drivers/GD32E23x_standard_peripheral/Source/gd32e23x_fwdgt.c ****         return SET;
 537              		.loc 1 250 16 view .LVU143
 538 0014 FCE7     		b	.L29
 539              		.cfi_endproc
 540              	.LFE74:
 542              		.text
 543              	.Letext0:
 544              		.file 2 "/Users/jgiles/projects/gcc-arm-none-eabi-10.3-2021.07/arm-none-eabi/include/machine/_defa
 545              		.file 3 "/Users/jgiles/projects/gcc-arm-none-eabi-10.3-2021.07/arm-none-eabi/include/sys/_stdint.h
 546              		.file 4 "Drivers/CMSIS/Device/GD/GD32E23x/Include/gd32e23x.h"
ARM GAS  /var/folders/rv/zq8s_02j1dj4vjvr1mm5zl2r0000gn/T//cc0D5gFX.s 			page 15


DEFINED SYMBOLS
                            *ABS*:0000000000000000 gd32e23x_fwdgt.c
/var/folders/rv/zq8s_02j1dj4vjvr1mm5zl2r0000gn/T//cc0D5gFX.s:16     .text.fwdgt_write_enable:0000000000000000 $t
/var/folders/rv/zq8s_02j1dj4vjvr1mm5zl2r0000gn/T//cc0D5gFX.s:24     .text.fwdgt_write_enable:0000000000000000 fwdgt_write_enable
/var/folders/rv/zq8s_02j1dj4vjvr1mm5zl2r0000gn/T//cc0D5gFX.s:45     .text.fwdgt_write_disable:0000000000000000 $t
/var/folders/rv/zq8s_02j1dj4vjvr1mm5zl2r0000gn/T//cc0D5gFX.s:52     .text.fwdgt_write_disable:0000000000000000 fwdgt_write_disable
/var/folders/rv/zq8s_02j1dj4vjvr1mm5zl2r0000gn/T//cc0D5gFX.s:72     .text.fwdgt_enable:0000000000000000 $t
/var/folders/rv/zq8s_02j1dj4vjvr1mm5zl2r0000gn/T//cc0D5gFX.s:79     .text.fwdgt_enable:0000000000000000 fwdgt_enable
/var/folders/rv/zq8s_02j1dj4vjvr1mm5zl2r0000gn/T//cc0D5gFX.s:99     .text.fwdgt_prescaler_value_config:0000000000000000 $t
/var/folders/rv/zq8s_02j1dj4vjvr1mm5zl2r0000gn/T//cc0D5gFX.s:106    .text.fwdgt_prescaler_value_config:0000000000000000 fwdgt_prescaler_value_config
/var/folders/rv/zq8s_02j1dj4vjvr1mm5zl2r0000gn/T//cc0D5gFX.s:176    .text.fwdgt_reload_value_config:0000000000000000 $t
/var/folders/rv/zq8s_02j1dj4vjvr1mm5zl2r0000gn/T//cc0D5gFX.s:183    .text.fwdgt_reload_value_config:0000000000000000 fwdgt_reload_value_config
/var/folders/rv/zq8s_02j1dj4vjvr1mm5zl2r0000gn/T//cc0D5gFX.s:256    .text.fwdgt_window_value_config:0000000000000000 $t
/var/folders/rv/zq8s_02j1dj4vjvr1mm5zl2r0000gn/T//cc0D5gFX.s:263    .text.fwdgt_window_value_config:0000000000000000 fwdgt_window_value_config
/var/folders/rv/zq8s_02j1dj4vjvr1mm5zl2r0000gn/T//cc0D5gFX.s:336    .text.fwdgt_counter_reload:0000000000000000 $t
/var/folders/rv/zq8s_02j1dj4vjvr1mm5zl2r0000gn/T//cc0D5gFX.s:343    .text.fwdgt_counter_reload:0000000000000000 fwdgt_counter_reload
/var/folders/rv/zq8s_02j1dj4vjvr1mm5zl2r0000gn/T//cc0D5gFX.s:363    .text.fwdgt_config:0000000000000000 $t
/var/folders/rv/zq8s_02j1dj4vjvr1mm5zl2r0000gn/T//cc0D5gFX.s:370    .text.fwdgt_config:0000000000000000 fwdgt_config
/var/folders/rv/zq8s_02j1dj4vjvr1mm5zl2r0000gn/T//cc0D5gFX.s:502    .text.fwdgt_flag_get:0000000000000000 $t
/var/folders/rv/zq8s_02j1dj4vjvr1mm5zl2r0000gn/T//cc0D5gFX.s:509    .text.fwdgt_flag_get:0000000000000000 fwdgt_flag_get

NO UNDEFINED SYMBOLS
