ARM GAS  /var/folders/rv/zq8s_02j1dj4vjvr1mm5zl2r0000gn/T//ccObvlTy.s 			page 1


   1              		.cpu cortex-m23
   2              		.eabi_attribute 20, 1
   3              		.eabi_attribute 21, 1
   4              		.eabi_attribute 23, 3
   5              		.eabi_attribute 24, 1
   6              		.eabi_attribute 25, 1
   7              		.eabi_attribute 26, 1
   8              		.eabi_attribute 30, 1
   9              		.eabi_attribute 34, 0
  10              		.eabi_attribute 18, 4
  11              		.file	"gd32e23x_exti.c"
  12              		.text
  13              	.Ltext0:
  14              		.cfi_sections	.debug_frame
  15              		.section	.text.exti_deinit,"ax",%progbits
  16              		.align	1
  17              		.global	exti_deinit
  18              		.arch armv8-m.base
  19              		.syntax unified
  20              		.code	16
  21              		.thumb_func
  22              		.fpu softvfp
  24              	exti_deinit:
  25              	.LFB66:
  26              		.file 1 "Drivers/GD32E23x_standard_peripheral/Source/gd32e23x_exti.c"
   1:Drivers/GD32E23x_standard_peripheral/Source/gd32e23x_exti.c **** /*!
   2:Drivers/GD32E23x_standard_peripheral/Source/gd32e23x_exti.c ****     \file    gd32e23x_exti.c
   3:Drivers/GD32E23x_standard_peripheral/Source/gd32e23x_exti.c ****     \brief   EXTI driver
   4:Drivers/GD32E23x_standard_peripheral/Source/gd32e23x_exti.c ****     
   5:Drivers/GD32E23x_standard_peripheral/Source/gd32e23x_exti.c ****     \version 2019-02-19, V1.0.0, firmware for GD32E23x
   6:Drivers/GD32E23x_standard_peripheral/Source/gd32e23x_exti.c ****     \version 2020-12-12, V1.1.0, firmware for GD32E23x
   7:Drivers/GD32E23x_standard_peripheral/Source/gd32e23x_exti.c **** */
   8:Drivers/GD32E23x_standard_peripheral/Source/gd32e23x_exti.c **** 
   9:Drivers/GD32E23x_standard_peripheral/Source/gd32e23x_exti.c **** /*
  10:Drivers/GD32E23x_standard_peripheral/Source/gd32e23x_exti.c ****     Copyright (c) 2020, GigaDevice Semiconductor Inc.
  11:Drivers/GD32E23x_standard_peripheral/Source/gd32e23x_exti.c **** 
  12:Drivers/GD32E23x_standard_peripheral/Source/gd32e23x_exti.c ****     Redistribution and use in source and binary forms, with or without modification, 
  13:Drivers/GD32E23x_standard_peripheral/Source/gd32e23x_exti.c **** are permitted provided that the following conditions are met:
  14:Drivers/GD32E23x_standard_peripheral/Source/gd32e23x_exti.c **** 
  15:Drivers/GD32E23x_standard_peripheral/Source/gd32e23x_exti.c ****     1. Redistributions of source code must retain the above copyright notice, this 
  16:Drivers/GD32E23x_standard_peripheral/Source/gd32e23x_exti.c ****        list of conditions and the following disclaimer.
  17:Drivers/GD32E23x_standard_peripheral/Source/gd32e23x_exti.c ****     2. Redistributions in binary form must reproduce the above copyright notice, 
  18:Drivers/GD32E23x_standard_peripheral/Source/gd32e23x_exti.c ****        this list of conditions and the following disclaimer in the documentation 
  19:Drivers/GD32E23x_standard_peripheral/Source/gd32e23x_exti.c ****        and/or other materials provided with the distribution.
  20:Drivers/GD32E23x_standard_peripheral/Source/gd32e23x_exti.c ****     3. Neither the name of the copyright holder nor the names of its contributors 
  21:Drivers/GD32E23x_standard_peripheral/Source/gd32e23x_exti.c ****        may be used to endorse or promote products derived from this software without 
  22:Drivers/GD32E23x_standard_peripheral/Source/gd32e23x_exti.c ****        specific prior written permission.
  23:Drivers/GD32E23x_standard_peripheral/Source/gd32e23x_exti.c **** 
  24:Drivers/GD32E23x_standard_peripheral/Source/gd32e23x_exti.c ****     THIS SOFTWARE IS PROVIDED BY THE COPYRIGHT HOLDERS AND CONTRIBUTORS "AS IS" 
  25:Drivers/GD32E23x_standard_peripheral/Source/gd32e23x_exti.c **** AND ANY EXPRESS OR IMPLIED WARRANTIES, INCLUDING, BUT NOT LIMITED TO, THE IMPLIED 
  26:Drivers/GD32E23x_standard_peripheral/Source/gd32e23x_exti.c **** WARRANTIES OF MERCHANTABILITY AND FITNESS FOR A PARTICULAR PURPOSE ARE DISCLAIMED. 
  27:Drivers/GD32E23x_standard_peripheral/Source/gd32e23x_exti.c **** IN NO EVENT SHALL THE COPYRIGHT HOLDER OR CONTRIBUTORS BE LIABLE FOR ANY DIRECT, 
  28:Drivers/GD32E23x_standard_peripheral/Source/gd32e23x_exti.c **** INDIRECT, INCIDENTAL, SPECIAL, EXEMPLARY, OR CONSEQUENTIAL DAMAGES (INCLUDING, BUT 
  29:Drivers/GD32E23x_standard_peripheral/Source/gd32e23x_exti.c **** NOT LIMITED TO, PROCUREMENT OF SUBSTITUTE GOODS OR SERVICES; LOSS OF USE, DATA, OR 
  30:Drivers/GD32E23x_standard_peripheral/Source/gd32e23x_exti.c **** PROFITS; OR BUSINESS INTERRUPTION) HOWEVER CAUSED AND ON ANY THEORY OF LIABILITY, 
  31:Drivers/GD32E23x_standard_peripheral/Source/gd32e23x_exti.c **** WHETHER IN CONTRACT, STRICT LIABILITY, OR TORT (INCLUDING NEGLIGENCE OR OTHERWISE) 
  32:Drivers/GD32E23x_standard_peripheral/Source/gd32e23x_exti.c **** ARISING IN ANY WAY OUT OF THE USE OF THIS SOFTWARE, EVEN IF ADVISED OF THE POSSIBILITY 
ARM GAS  /var/folders/rv/zq8s_02j1dj4vjvr1mm5zl2r0000gn/T//ccObvlTy.s 			page 2


  33:Drivers/GD32E23x_standard_peripheral/Source/gd32e23x_exti.c **** OF SUCH DAMAGE.
  34:Drivers/GD32E23x_standard_peripheral/Source/gd32e23x_exti.c **** */
  35:Drivers/GD32E23x_standard_peripheral/Source/gd32e23x_exti.c **** 
  36:Drivers/GD32E23x_standard_peripheral/Source/gd32e23x_exti.c **** #include "gd32e23x_exti.h"
  37:Drivers/GD32E23x_standard_peripheral/Source/gd32e23x_exti.c **** 
  38:Drivers/GD32E23x_standard_peripheral/Source/gd32e23x_exti.c **** #define EXTI_INTEN_RESET_VAL    ((uint32_t)0x0F900000U)
  39:Drivers/GD32E23x_standard_peripheral/Source/gd32e23x_exti.c **** #define EXTI_EVEN_RESET_VAL     ((uint32_t)0x00000000U)
  40:Drivers/GD32E23x_standard_peripheral/Source/gd32e23x_exti.c **** #define EXTI_RTEN_RESET_VAL     ((uint32_t)0x00000000U)
  41:Drivers/GD32E23x_standard_peripheral/Source/gd32e23x_exti.c **** #define EXTI_FTEN_RESET_VAL     ((uint32_t)0x00000000U)
  42:Drivers/GD32E23x_standard_peripheral/Source/gd32e23x_exti.c **** #define EXTI_SWIEV_RESET_VAL    ((uint32_t)0x00000000U)
  43:Drivers/GD32E23x_standard_peripheral/Source/gd32e23x_exti.c **** 
  44:Drivers/GD32E23x_standard_peripheral/Source/gd32e23x_exti.c **** /*!
  45:Drivers/GD32E23x_standard_peripheral/Source/gd32e23x_exti.c ****     \brief      reset the value of all EXTI registers with initial values
  46:Drivers/GD32E23x_standard_peripheral/Source/gd32e23x_exti.c ****     \param[in]  none
  47:Drivers/GD32E23x_standard_peripheral/Source/gd32e23x_exti.c ****     \param[out] none
  48:Drivers/GD32E23x_standard_peripheral/Source/gd32e23x_exti.c ****     \retval     none
  49:Drivers/GD32E23x_standard_peripheral/Source/gd32e23x_exti.c **** */
  50:Drivers/GD32E23x_standard_peripheral/Source/gd32e23x_exti.c **** void exti_deinit(void)
  51:Drivers/GD32E23x_standard_peripheral/Source/gd32e23x_exti.c **** {
  27              		.loc 1 51 1 view -0
  28              		.cfi_startproc
  29              		@ args = 0, pretend = 0, frame = 0
  30              		@ frame_needed = 0, uses_anonymous_args = 0
  31              		@ link register save eliminated.
  52:Drivers/GD32E23x_standard_peripheral/Source/gd32e23x_exti.c ****     /* reset the value of the EXTI registers */
  53:Drivers/GD32E23x_standard_peripheral/Source/gd32e23x_exti.c ****     EXTI_INTEN = EXTI_INTEN_RESET_VAL;
  32              		.loc 1 53 5 view .LVU1
  33              		.loc 1 53 16 is_stmt 0 view .LVU2
  34 0000 40F20043 		movw	r3, #1024
  35 0004 C4F20103 		movt	r3, 16385
  36 0008 F922     		movs	r2, #249
  37 000a 1205     		lsls	r2, r2, #20
  38 000c 1A60     		str	r2, [r3]
  54:Drivers/GD32E23x_standard_peripheral/Source/gd32e23x_exti.c ****     EXTI_EVEN  = EXTI_EVEN_RESET_VAL;
  39              		.loc 1 54 5 is_stmt 1 view .LVU3
  40              		.loc 1 54 16 is_stmt 0 view .LVU4
  41 000e 40F20442 		movw	r2, #1028
  42 0012 C4F20102 		movt	r2, 16385
  43 0016 0023     		movs	r3, #0
  44 0018 1360     		str	r3, [r2]
  55:Drivers/GD32E23x_standard_peripheral/Source/gd32e23x_exti.c ****     EXTI_RTEN  = EXTI_RTEN_RESET_VAL;
  45              		.loc 1 55 5 is_stmt 1 view .LVU5
  46              		.loc 1 55 16 is_stmt 0 view .LVU6
  47 001a 40F20842 		movw	r2, #1032
  48 001e C4F20102 		movt	r2, 16385
  49 0022 1360     		str	r3, [r2]
  56:Drivers/GD32E23x_standard_peripheral/Source/gd32e23x_exti.c ****     EXTI_FTEN  = EXTI_FTEN_RESET_VAL;
  50              		.loc 1 56 5 is_stmt 1 view .LVU7
  51              		.loc 1 56 16 is_stmt 0 view .LVU8
  52 0024 40F20C42 		movw	r2, #1036
  53 0028 C4F20102 		movt	r2, 16385
  54 002c 1360     		str	r3, [r2]
  57:Drivers/GD32E23x_standard_peripheral/Source/gd32e23x_exti.c ****     EXTI_SWIEV = EXTI_SWIEV_RESET_VAL;
  55              		.loc 1 57 5 is_stmt 1 view .LVU9
  56              		.loc 1 57 16 is_stmt 0 view .LVU10
  57 002e 40F21042 		movw	r2, #1040
  58 0032 C4F20102 		movt	r2, 16385
ARM GAS  /var/folders/rv/zq8s_02j1dj4vjvr1mm5zl2r0000gn/T//ccObvlTy.s 			page 3


  59 0036 1360     		str	r3, [r2]
  58:Drivers/GD32E23x_standard_peripheral/Source/gd32e23x_exti.c **** }
  60              		.loc 1 58 1 view .LVU11
  61              		@ sp needed
  62 0038 7047     		bx	lr
  63              		.cfi_endproc
  64              	.LFE66:
  66              		.section	.text.exti_init,"ax",%progbits
  67              		.align	1
  68              		.global	exti_init
  69              		.syntax unified
  70              		.code	16
  71              		.thumb_func
  72              		.fpu softvfp
  74              	exti_init:
  75              	.LVL0:
  76              	.LFB67:
  59:Drivers/GD32E23x_standard_peripheral/Source/gd32e23x_exti.c **** 
  60:Drivers/GD32E23x_standard_peripheral/Source/gd32e23x_exti.c **** /*!
  61:Drivers/GD32E23x_standard_peripheral/Source/gd32e23x_exti.c ****     \brief      initialize EXTI line x
  62:Drivers/GD32E23x_standard_peripheral/Source/gd32e23x_exti.c ****     \param[in]  linex: EXTI line number, refer to exti_line_enum
  63:Drivers/GD32E23x_standard_peripheral/Source/gd32e23x_exti.c ****                 only one parameter can be selected which is shown as below:
  64:Drivers/GD32E23x_standard_peripheral/Source/gd32e23x_exti.c ****       \arg        EXTI_x (x=0..17,19,21): EXTI line x
  65:Drivers/GD32E23x_standard_peripheral/Source/gd32e23x_exti.c ****     \param[in]  mode: interrupt or event mode, refer to exti_mode_enum
  66:Drivers/GD32E23x_standard_peripheral/Source/gd32e23x_exti.c ****                 only one parameter can be selected which is shown as below:
  67:Drivers/GD32E23x_standard_peripheral/Source/gd32e23x_exti.c ****       \arg        EXTI_INTERRUPT: interrupt mode
  68:Drivers/GD32E23x_standard_peripheral/Source/gd32e23x_exti.c ****       \arg        EXTI_EVENT: event mode
  69:Drivers/GD32E23x_standard_peripheral/Source/gd32e23x_exti.c ****     \param[in]  trig_type: interrupt trigger type, refer to exti_trig_type_enum
  70:Drivers/GD32E23x_standard_peripheral/Source/gd32e23x_exti.c ****                 only one parameter can be selected which is shown as below:
  71:Drivers/GD32E23x_standard_peripheral/Source/gd32e23x_exti.c ****       \arg        EXTI_TRIG_RISING: rising edge trigger
  72:Drivers/GD32E23x_standard_peripheral/Source/gd32e23x_exti.c ****       \arg        EXTI_TRIG_FALLING: falling trigger
  73:Drivers/GD32E23x_standard_peripheral/Source/gd32e23x_exti.c ****       \arg        EXTI_TRIG_BOTH: rising and falling trigger
  74:Drivers/GD32E23x_standard_peripheral/Source/gd32e23x_exti.c ****       \arg        EXTI_TRIG_NONE: without rising edge or falling edge trigger
  75:Drivers/GD32E23x_standard_peripheral/Source/gd32e23x_exti.c ****     \param[out] none
  76:Drivers/GD32E23x_standard_peripheral/Source/gd32e23x_exti.c ****     \retval     none
  77:Drivers/GD32E23x_standard_peripheral/Source/gd32e23x_exti.c **** */
  78:Drivers/GD32E23x_standard_peripheral/Source/gd32e23x_exti.c **** void exti_init(exti_line_enum linex, \
  79:Drivers/GD32E23x_standard_peripheral/Source/gd32e23x_exti.c ****                 exti_mode_enum mode, \
  80:Drivers/GD32E23x_standard_peripheral/Source/gd32e23x_exti.c ****                 exti_trig_type_enum trig_type)
  81:Drivers/GD32E23x_standard_peripheral/Source/gd32e23x_exti.c **** {
  77              		.loc 1 81 1 is_stmt 1 view -0
  78              		.cfi_startproc
  79              		@ args = 0, pretend = 0, frame = 0
  80              		@ frame_needed = 0, uses_anonymous_args = 0
  81              		.loc 1 81 1 is_stmt 0 view .LVU13
  82 0000 30B5     		push	{r4, r5, lr}
  83              	.LCFI0:
  84              		.cfi_def_cfa_offset 12
  85              		.cfi_offset 4, -12
  86              		.cfi_offset 5, -8
  87              		.cfi_offset 14, -4
  82:Drivers/GD32E23x_standard_peripheral/Source/gd32e23x_exti.c ****     /* reset the EXTI line x */
  83:Drivers/GD32E23x_standard_peripheral/Source/gd32e23x_exti.c ****     EXTI_INTEN &= ~(uint32_t)linex;
  88              		.loc 1 83 5 is_stmt 1 view .LVU14
  89              		.loc 1 83 16 is_stmt 0 view .LVU15
  90 0002 40F20043 		movw	r3, #1024
  91 0006 C4F20103 		movt	r3, 16385
ARM GAS  /var/folders/rv/zq8s_02j1dj4vjvr1mm5zl2r0000gn/T//ccObvlTy.s 			page 4


  92 000a 1C68     		ldr	r4, [r3]
  93              		.loc 1 83 19 view .LVU16
  94 000c C543     		mvns	r5, r0
  95              		.loc 1 83 16 view .LVU17
  96 000e 8443     		bics	r4, r0
  97 0010 1C60     		str	r4, [r3]
  84:Drivers/GD32E23x_standard_peripheral/Source/gd32e23x_exti.c ****     EXTI_EVEN &= ~(uint32_t)linex;
  98              		.loc 1 84 5 is_stmt 1 view .LVU18
  99              		.loc 1 84 15 is_stmt 0 view .LVU19
 100 0012 40F20443 		movw	r3, #1028
 101 0016 C4F20103 		movt	r3, 16385
 102 001a 1C68     		ldr	r4, [r3]
 103 001c 8443     		bics	r4, r0
 104 001e 1C60     		str	r4, [r3]
  85:Drivers/GD32E23x_standard_peripheral/Source/gd32e23x_exti.c ****     EXTI_RTEN &= ~(uint32_t)linex;
 105              		.loc 1 85 5 is_stmt 1 view .LVU20
 106              		.loc 1 85 15 is_stmt 0 view .LVU21
 107 0020 40F20843 		movw	r3, #1032
 108 0024 C4F20103 		movt	r3, 16385
 109 0028 1C68     		ldr	r4, [r3]
 110 002a 8443     		bics	r4, r0
 111 002c 1C60     		str	r4, [r3]
  86:Drivers/GD32E23x_standard_peripheral/Source/gd32e23x_exti.c ****     EXTI_FTEN &= ~(uint32_t)linex;
 112              		.loc 1 86 5 is_stmt 1 view .LVU22
 113              		.loc 1 86 15 is_stmt 0 view .LVU23
 114 002e 40F20C43 		movw	r3, #1036
 115 0032 C4F20103 		movt	r3, 16385
 116 0036 1C68     		ldr	r4, [r3]
 117 0038 8443     		bics	r4, r0
 118 003a 1C60     		str	r4, [r3]
  87:Drivers/GD32E23x_standard_peripheral/Source/gd32e23x_exti.c ****     
  88:Drivers/GD32E23x_standard_peripheral/Source/gd32e23x_exti.c ****     /* set the EXTI mode and enable the interrupts or events from EXTI line x */
  89:Drivers/GD32E23x_standard_peripheral/Source/gd32e23x_exti.c ****     switch(mode){
 119              		.loc 1 89 5 is_stmt 1 view .LVU24
 120 003c 39B1     		cbz	r1, .L3
 121 003e 0129     		cmp	r1, #1
 122 0040 0DD0     		beq	.L4
 123              	.LVL1:
 124              	.L5:
  90:Drivers/GD32E23x_standard_peripheral/Source/gd32e23x_exti.c ****     case EXTI_INTERRUPT:
  91:Drivers/GD32E23x_standard_peripheral/Source/gd32e23x_exti.c ****         EXTI_INTEN |= (uint32_t)linex;
  92:Drivers/GD32E23x_standard_peripheral/Source/gd32e23x_exti.c ****         break;
  93:Drivers/GD32E23x_standard_peripheral/Source/gd32e23x_exti.c ****     case EXTI_EVENT:
  94:Drivers/GD32E23x_standard_peripheral/Source/gd32e23x_exti.c ****         EXTI_EVEN |= (uint32_t)linex;
  95:Drivers/GD32E23x_standard_peripheral/Source/gd32e23x_exti.c ****         break;
  96:Drivers/GD32E23x_standard_peripheral/Source/gd32e23x_exti.c ****     default:
  97:Drivers/GD32E23x_standard_peripheral/Source/gd32e23x_exti.c ****         break;
  98:Drivers/GD32E23x_standard_peripheral/Source/gd32e23x_exti.c ****     }
  99:Drivers/GD32E23x_standard_peripheral/Source/gd32e23x_exti.c ****     
 100:Drivers/GD32E23x_standard_peripheral/Source/gd32e23x_exti.c ****     /* set the EXTI trigger type */
 101:Drivers/GD32E23x_standard_peripheral/Source/gd32e23x_exti.c ****     switch(trig_type){
 125              		.loc 1 101 5 view .LVU25
 126 0042 012A     		cmp	r2, #1
 127 0044 22D0     		beq	.L6
 128 0046 022A     		cmp	r2, #2
 129 0048 2FD0     		beq	.L7
 130 004a 82B1     		cbz	r2, .L9
ARM GAS  /var/folders/rv/zq8s_02j1dj4vjvr1mm5zl2r0000gn/T//ccObvlTy.s 			page 5


 131              	.LVL2:
 132              	.L2:
 102:Drivers/GD32E23x_standard_peripheral/Source/gd32e23x_exti.c ****     case EXTI_TRIG_RISING:
 103:Drivers/GD32E23x_standard_peripheral/Source/gd32e23x_exti.c ****         EXTI_RTEN |= (uint32_t)linex;
 104:Drivers/GD32E23x_standard_peripheral/Source/gd32e23x_exti.c ****         EXTI_FTEN &= ~(uint32_t)linex;
 105:Drivers/GD32E23x_standard_peripheral/Source/gd32e23x_exti.c ****         break;
 106:Drivers/GD32E23x_standard_peripheral/Source/gd32e23x_exti.c ****     case EXTI_TRIG_FALLING:
 107:Drivers/GD32E23x_standard_peripheral/Source/gd32e23x_exti.c ****         EXTI_RTEN &= ~(uint32_t)linex;
 108:Drivers/GD32E23x_standard_peripheral/Source/gd32e23x_exti.c ****         EXTI_FTEN |= (uint32_t)linex;
 109:Drivers/GD32E23x_standard_peripheral/Source/gd32e23x_exti.c ****         break;
 110:Drivers/GD32E23x_standard_peripheral/Source/gd32e23x_exti.c ****     case EXTI_TRIG_BOTH:
 111:Drivers/GD32E23x_standard_peripheral/Source/gd32e23x_exti.c ****         EXTI_RTEN |= (uint32_t)linex;
 112:Drivers/GD32E23x_standard_peripheral/Source/gd32e23x_exti.c ****         EXTI_FTEN |= (uint32_t)linex;
 113:Drivers/GD32E23x_standard_peripheral/Source/gd32e23x_exti.c ****         break;
 114:Drivers/GD32E23x_standard_peripheral/Source/gd32e23x_exti.c ****     case EXTI_TRIG_NONE:
 115:Drivers/GD32E23x_standard_peripheral/Source/gd32e23x_exti.c ****     default:
 116:Drivers/GD32E23x_standard_peripheral/Source/gd32e23x_exti.c ****         break;
 117:Drivers/GD32E23x_standard_peripheral/Source/gd32e23x_exti.c ****     }
 118:Drivers/GD32E23x_standard_peripheral/Source/gd32e23x_exti.c **** }
 133              		.loc 1 118 1 is_stmt 0 view .LVU26
 134              		@ sp needed
 135 004c 30BD     		pop	{r4, r5, pc}
 136              	.LVL3:
 137              	.L3:
  91:Drivers/GD32E23x_standard_peripheral/Source/gd32e23x_exti.c ****         break;
 138              		.loc 1 91 9 is_stmt 1 view .LVU27
  91:Drivers/GD32E23x_standard_peripheral/Source/gd32e23x_exti.c ****         break;
 139              		.loc 1 91 20 is_stmt 0 view .LVU28
 140 004e 40F20043 		movw	r3, #1024
 141 0052 C4F20103 		movt	r3, 16385
 142 0056 1968     		ldr	r1, [r3]
 143              	.LVL4:
  91:Drivers/GD32E23x_standard_peripheral/Source/gd32e23x_exti.c ****         break;
 144              		.loc 1 91 20 view .LVU29
 145 0058 0143     		orrs	r1, r0
 146 005a 1960     		str	r1, [r3]
  92:Drivers/GD32E23x_standard_peripheral/Source/gd32e23x_exti.c ****     case EXTI_EVENT:
 147              		.loc 1 92 9 is_stmt 1 view .LVU30
 148 005c F1E7     		b	.L5
 149              	.LVL5:
 150              	.L4:
  94:Drivers/GD32E23x_standard_peripheral/Source/gd32e23x_exti.c ****         break;
 151              		.loc 1 94 9 view .LVU31
  94:Drivers/GD32E23x_standard_peripheral/Source/gd32e23x_exti.c ****         break;
 152              		.loc 1 94 19 is_stmt 0 view .LVU32
 153 005e 40F20443 		movw	r3, #1028
 154 0062 C4F20103 		movt	r3, 16385
 155 0066 1968     		ldr	r1, [r3]
 156              	.LVL6:
  94:Drivers/GD32E23x_standard_peripheral/Source/gd32e23x_exti.c ****         break;
 157              		.loc 1 94 19 view .LVU33
 158 0068 0143     		orrs	r1, r0
 159 006a 1960     		str	r1, [r3]
  95:Drivers/GD32E23x_standard_peripheral/Source/gd32e23x_exti.c ****     default:
 160              		.loc 1 95 9 is_stmt 1 view .LVU34
 161 006c E9E7     		b	.L5
 162              	.L9:
ARM GAS  /var/folders/rv/zq8s_02j1dj4vjvr1mm5zl2r0000gn/T//ccObvlTy.s 			page 6


 103:Drivers/GD32E23x_standard_peripheral/Source/gd32e23x_exti.c ****         EXTI_FTEN &= ~(uint32_t)linex;
 163              		.loc 1 103 9 view .LVU35
 103:Drivers/GD32E23x_standard_peripheral/Source/gd32e23x_exti.c ****         EXTI_FTEN &= ~(uint32_t)linex;
 164              		.loc 1 103 19 is_stmt 0 view .LVU36
 165 006e 40F20843 		movw	r3, #1032
 166 0072 C4F20103 		movt	r3, 16385
 167 0076 1A68     		ldr	r2, [r3]
 168              	.LVL7:
 103:Drivers/GD32E23x_standard_peripheral/Source/gd32e23x_exti.c ****         EXTI_FTEN &= ~(uint32_t)linex;
 169              		.loc 1 103 19 view .LVU37
 170 0078 1043     		orrs	r0, r2
 171              	.LVL8:
 103:Drivers/GD32E23x_standard_peripheral/Source/gd32e23x_exti.c ****         EXTI_FTEN &= ~(uint32_t)linex;
 172              		.loc 1 103 19 view .LVU38
 173 007a 1860     		str	r0, [r3]
 104:Drivers/GD32E23x_standard_peripheral/Source/gd32e23x_exti.c ****         break;
 174              		.loc 1 104 9 is_stmt 1 view .LVU39
 104:Drivers/GD32E23x_standard_peripheral/Source/gd32e23x_exti.c ****         break;
 175              		.loc 1 104 19 is_stmt 0 view .LVU40
 176 007c 40F20C43 		movw	r3, #1036
 177 0080 C4F20103 		movt	r3, 16385
 178 0084 1A68     		ldr	r2, [r3]
 179 0086 1540     		ands	r5, r2
 180              	.LVL9:
 104:Drivers/GD32E23x_standard_peripheral/Source/gd32e23x_exti.c ****         break;
 181              		.loc 1 104 19 view .LVU41
 182 0088 1D60     		str	r5, [r3]
 105:Drivers/GD32E23x_standard_peripheral/Source/gd32e23x_exti.c ****     case EXTI_TRIG_FALLING:
 183              		.loc 1 105 9 is_stmt 1 view .LVU42
 184 008a DFE7     		b	.L2
 185              	.LVL10:
 186              	.L6:
 107:Drivers/GD32E23x_standard_peripheral/Source/gd32e23x_exti.c ****         EXTI_FTEN |= (uint32_t)linex;
 187              		.loc 1 107 9 view .LVU43
 107:Drivers/GD32E23x_standard_peripheral/Source/gd32e23x_exti.c ****         EXTI_FTEN |= (uint32_t)linex;
 188              		.loc 1 107 19 is_stmt 0 view .LVU44
 189 008c 40F20843 		movw	r3, #1032
 190 0090 C4F20103 		movt	r3, 16385
 191 0094 1A68     		ldr	r2, [r3]
 192              	.LVL11:
 107:Drivers/GD32E23x_standard_peripheral/Source/gd32e23x_exti.c ****         EXTI_FTEN |= (uint32_t)linex;
 193              		.loc 1 107 19 view .LVU45
 194 0096 1540     		ands	r5, r2
 195 0098 1D60     		str	r5, [r3]
 108:Drivers/GD32E23x_standard_peripheral/Source/gd32e23x_exti.c ****         break;
 196              		.loc 1 108 9 is_stmt 1 view .LVU46
 108:Drivers/GD32E23x_standard_peripheral/Source/gd32e23x_exti.c ****         break;
 197              		.loc 1 108 19 is_stmt 0 view .LVU47
 198 009a 40F20C43 		movw	r3, #1036
 199 009e C4F20103 		movt	r3, 16385
 200 00a2 1A68     		ldr	r2, [r3]
 201 00a4 1043     		orrs	r0, r2
 202              	.LVL12:
 108:Drivers/GD32E23x_standard_peripheral/Source/gd32e23x_exti.c ****         break;
 203              		.loc 1 108 19 view .LVU48
 204 00a6 1860     		str	r0, [r3]
 109:Drivers/GD32E23x_standard_peripheral/Source/gd32e23x_exti.c ****     case EXTI_TRIG_BOTH:
ARM GAS  /var/folders/rv/zq8s_02j1dj4vjvr1mm5zl2r0000gn/T//ccObvlTy.s 			page 7


 205              		.loc 1 109 9 is_stmt 1 view .LVU49
 206 00a8 D0E7     		b	.L2
 207              	.LVL13:
 208              	.L7:
 111:Drivers/GD32E23x_standard_peripheral/Source/gd32e23x_exti.c ****         EXTI_FTEN |= (uint32_t)linex;
 209              		.loc 1 111 9 view .LVU50
 111:Drivers/GD32E23x_standard_peripheral/Source/gd32e23x_exti.c ****         EXTI_FTEN |= (uint32_t)linex;
 210              		.loc 1 111 19 is_stmt 0 view .LVU51
 211 00aa 40F20843 		movw	r3, #1032
 212 00ae C4F20103 		movt	r3, 16385
 213 00b2 1A68     		ldr	r2, [r3]
 214              	.LVL14:
 111:Drivers/GD32E23x_standard_peripheral/Source/gd32e23x_exti.c ****         EXTI_FTEN |= (uint32_t)linex;
 215              		.loc 1 111 19 view .LVU52
 216 00b4 0243     		orrs	r2, r0
 217 00b6 1A60     		str	r2, [r3]
 112:Drivers/GD32E23x_standard_peripheral/Source/gd32e23x_exti.c ****         break;
 218              		.loc 1 112 9 is_stmt 1 view .LVU53
 112:Drivers/GD32E23x_standard_peripheral/Source/gd32e23x_exti.c ****         break;
 219              		.loc 1 112 19 is_stmt 0 view .LVU54
 220 00b8 40F20C43 		movw	r3, #1036
 221 00bc C4F20103 		movt	r3, 16385
 222 00c0 1A68     		ldr	r2, [r3]
 223 00c2 1043     		orrs	r0, r2
 224              	.LVL15:
 112:Drivers/GD32E23x_standard_peripheral/Source/gd32e23x_exti.c ****         break;
 225              		.loc 1 112 19 view .LVU55
 226 00c4 1860     		str	r0, [r3]
 113:Drivers/GD32E23x_standard_peripheral/Source/gd32e23x_exti.c ****     case EXTI_TRIG_NONE:
 227              		.loc 1 113 9 is_stmt 1 view .LVU56
 228              		.loc 1 118 1 is_stmt 0 view .LVU57
 229 00c6 C1E7     		b	.L2
 230              		.cfi_endproc
 231              	.LFE67:
 233              		.section	.text.exti_interrupt_enable,"ax",%progbits
 234              		.align	1
 235              		.global	exti_interrupt_enable
 236              		.syntax unified
 237              		.code	16
 238              		.thumb_func
 239              		.fpu softvfp
 241              	exti_interrupt_enable:
 242              	.LVL16:
 243              	.LFB68:
 119:Drivers/GD32E23x_standard_peripheral/Source/gd32e23x_exti.c **** 
 120:Drivers/GD32E23x_standard_peripheral/Source/gd32e23x_exti.c **** /*!
 121:Drivers/GD32E23x_standard_peripheral/Source/gd32e23x_exti.c ****     \brief      enable the interrupts from EXTI line x
 122:Drivers/GD32E23x_standard_peripheral/Source/gd32e23x_exti.c ****     \param[in]  linex: EXTI line number, refer to exti_line_enum
 123:Drivers/GD32E23x_standard_peripheral/Source/gd32e23x_exti.c ****                 only one parameter can be selected which is shown as below:
 124:Drivers/GD32E23x_standard_peripheral/Source/gd32e23x_exti.c ****       \arg        EXTI_x (x=0..27): EXTI line x
 125:Drivers/GD32E23x_standard_peripheral/Source/gd32e23x_exti.c ****     \param[out] none
 126:Drivers/GD32E23x_standard_peripheral/Source/gd32e23x_exti.c ****     \retval     none
 127:Drivers/GD32E23x_standard_peripheral/Source/gd32e23x_exti.c **** */
 128:Drivers/GD32E23x_standard_peripheral/Source/gd32e23x_exti.c **** void exti_interrupt_enable(exti_line_enum linex)
 129:Drivers/GD32E23x_standard_peripheral/Source/gd32e23x_exti.c **** {
 244              		.loc 1 129 1 is_stmt 1 view -0
 245              		.cfi_startproc
ARM GAS  /var/folders/rv/zq8s_02j1dj4vjvr1mm5zl2r0000gn/T//ccObvlTy.s 			page 8


 246              		@ args = 0, pretend = 0, frame = 0
 247              		@ frame_needed = 0, uses_anonymous_args = 0
 248              		@ link register save eliminated.
 130:Drivers/GD32E23x_standard_peripheral/Source/gd32e23x_exti.c ****     EXTI_INTEN |= (uint32_t)linex;
 249              		.loc 1 130 5 view .LVU59
 250              		.loc 1 130 16 is_stmt 0 view .LVU60
 251 0000 40F20043 		movw	r3, #1024
 252 0004 C4F20103 		movt	r3, 16385
 253 0008 1A68     		ldr	r2, [r3]
 254 000a 0243     		orrs	r2, r0
 255 000c 1A60     		str	r2, [r3]
 131:Drivers/GD32E23x_standard_peripheral/Source/gd32e23x_exti.c **** }
 256              		.loc 1 131 1 view .LVU61
 257              		@ sp needed
 258 000e 7047     		bx	lr
 259              		.cfi_endproc
 260              	.LFE68:
 262              		.section	.text.exti_interrupt_disable,"ax",%progbits
 263              		.align	1
 264              		.global	exti_interrupt_disable
 265              		.syntax unified
 266              		.code	16
 267              		.thumb_func
 268              		.fpu softvfp
 270              	exti_interrupt_disable:
 271              	.LVL17:
 272              	.LFB69:
 132:Drivers/GD32E23x_standard_peripheral/Source/gd32e23x_exti.c **** 
 133:Drivers/GD32E23x_standard_peripheral/Source/gd32e23x_exti.c **** /*!
 134:Drivers/GD32E23x_standard_peripheral/Source/gd32e23x_exti.c ****     \brief      disable the interrupt from EXTI line x
 135:Drivers/GD32E23x_standard_peripheral/Source/gd32e23x_exti.c ****     \param[in]  linex: EXTI line number, refer to exti_line_enum
 136:Drivers/GD32E23x_standard_peripheral/Source/gd32e23x_exti.c ****                 only one parameter can be selected which is shown as below:
 137:Drivers/GD32E23x_standard_peripheral/Source/gd32e23x_exti.c ****       \arg        EXTI_x (x=0..27): EXTI line x
 138:Drivers/GD32E23x_standard_peripheral/Source/gd32e23x_exti.c ****     \param[out] none
 139:Drivers/GD32E23x_standard_peripheral/Source/gd32e23x_exti.c ****     \retval     none
 140:Drivers/GD32E23x_standard_peripheral/Source/gd32e23x_exti.c **** */
 141:Drivers/GD32E23x_standard_peripheral/Source/gd32e23x_exti.c **** void exti_interrupt_disable(exti_line_enum linex)
 142:Drivers/GD32E23x_standard_peripheral/Source/gd32e23x_exti.c **** {
 273              		.loc 1 142 1 is_stmt 1 view -0
 274              		.cfi_startproc
 275              		@ args = 0, pretend = 0, frame = 0
 276              		@ frame_needed = 0, uses_anonymous_args = 0
 277              		@ link register save eliminated.
 143:Drivers/GD32E23x_standard_peripheral/Source/gd32e23x_exti.c ****     EXTI_INTEN &= ~(uint32_t)linex;
 278              		.loc 1 143 5 view .LVU63
 279              		.loc 1 143 16 is_stmt 0 view .LVU64
 280 0000 40F20043 		movw	r3, #1024
 281 0004 C4F20103 		movt	r3, 16385
 282 0008 1A68     		ldr	r2, [r3]
 283 000a 8243     		bics	r2, r0
 284 000c 1A60     		str	r2, [r3]
 144:Drivers/GD32E23x_standard_peripheral/Source/gd32e23x_exti.c **** }
 285              		.loc 1 144 1 view .LVU65
 286              		@ sp needed
 287 000e 7047     		bx	lr
 288              		.cfi_endproc
 289              	.LFE69:
ARM GAS  /var/folders/rv/zq8s_02j1dj4vjvr1mm5zl2r0000gn/T//ccObvlTy.s 			page 9


 291              		.section	.text.exti_event_enable,"ax",%progbits
 292              		.align	1
 293              		.global	exti_event_enable
 294              		.syntax unified
 295              		.code	16
 296              		.thumb_func
 297              		.fpu softvfp
 299              	exti_event_enable:
 300              	.LVL18:
 301              	.LFB70:
 145:Drivers/GD32E23x_standard_peripheral/Source/gd32e23x_exti.c **** 
 146:Drivers/GD32E23x_standard_peripheral/Source/gd32e23x_exti.c **** /*!
 147:Drivers/GD32E23x_standard_peripheral/Source/gd32e23x_exti.c ****     \brief      enable the events from EXTI line x
 148:Drivers/GD32E23x_standard_peripheral/Source/gd32e23x_exti.c ****     \param[in]  linex: EXTI line number, refer to exti_line_enum
 149:Drivers/GD32E23x_standard_peripheral/Source/gd32e23x_exti.c ****                 only one parameter can be selected which is shown as below:
 150:Drivers/GD32E23x_standard_peripheral/Source/gd32e23x_exti.c ****       \arg        EXTI_x (x=0..27): EXTI line x
 151:Drivers/GD32E23x_standard_peripheral/Source/gd32e23x_exti.c ****     \param[out] none
 152:Drivers/GD32E23x_standard_peripheral/Source/gd32e23x_exti.c ****     \retval     none
 153:Drivers/GD32E23x_standard_peripheral/Source/gd32e23x_exti.c **** */
 154:Drivers/GD32E23x_standard_peripheral/Source/gd32e23x_exti.c **** void exti_event_enable(exti_line_enum linex)
 155:Drivers/GD32E23x_standard_peripheral/Source/gd32e23x_exti.c **** {
 302              		.loc 1 155 1 is_stmt 1 view -0
 303              		.cfi_startproc
 304              		@ args = 0, pretend = 0, frame = 0
 305              		@ frame_needed = 0, uses_anonymous_args = 0
 306              		@ link register save eliminated.
 156:Drivers/GD32E23x_standard_peripheral/Source/gd32e23x_exti.c ****     EXTI_EVEN |= (uint32_t)linex;
 307              		.loc 1 156 5 view .LVU67
 308              		.loc 1 156 15 is_stmt 0 view .LVU68
 309 0000 40F20443 		movw	r3, #1028
 310 0004 C4F20103 		movt	r3, 16385
 311 0008 1A68     		ldr	r2, [r3]
 312 000a 0243     		orrs	r2, r0
 313 000c 1A60     		str	r2, [r3]
 157:Drivers/GD32E23x_standard_peripheral/Source/gd32e23x_exti.c **** }
 314              		.loc 1 157 1 view .LVU69
 315              		@ sp needed
 316 000e 7047     		bx	lr
 317              		.cfi_endproc
 318              	.LFE70:
 320              		.section	.text.exti_event_disable,"ax",%progbits
 321              		.align	1
 322              		.global	exti_event_disable
 323              		.syntax unified
 324              		.code	16
 325              		.thumb_func
 326              		.fpu softvfp
 328              	exti_event_disable:
 329              	.LVL19:
 330              	.LFB71:
 158:Drivers/GD32E23x_standard_peripheral/Source/gd32e23x_exti.c **** 
 159:Drivers/GD32E23x_standard_peripheral/Source/gd32e23x_exti.c **** /*!
 160:Drivers/GD32E23x_standard_peripheral/Source/gd32e23x_exti.c ****     \brief      disable the events from EXTI line x
 161:Drivers/GD32E23x_standard_peripheral/Source/gd32e23x_exti.c ****     \param[in]  linex: EXTI line number, refer to exti_line_enum
 162:Drivers/GD32E23x_standard_peripheral/Source/gd32e23x_exti.c ****                 only one parameter can be selected which is shown as below:
 163:Drivers/GD32E23x_standard_peripheral/Source/gd32e23x_exti.c ****       \arg        EXTI_x (x=0..27): EXTI line x
 164:Drivers/GD32E23x_standard_peripheral/Source/gd32e23x_exti.c ****     \param[out] none
ARM GAS  /var/folders/rv/zq8s_02j1dj4vjvr1mm5zl2r0000gn/T//ccObvlTy.s 			page 10


 165:Drivers/GD32E23x_standard_peripheral/Source/gd32e23x_exti.c ****     \retval     none
 166:Drivers/GD32E23x_standard_peripheral/Source/gd32e23x_exti.c **** */
 167:Drivers/GD32E23x_standard_peripheral/Source/gd32e23x_exti.c **** void exti_event_disable(exti_line_enum linex)
 168:Drivers/GD32E23x_standard_peripheral/Source/gd32e23x_exti.c **** {
 331              		.loc 1 168 1 is_stmt 1 view -0
 332              		.cfi_startproc
 333              		@ args = 0, pretend = 0, frame = 0
 334              		@ frame_needed = 0, uses_anonymous_args = 0
 335              		@ link register save eliminated.
 169:Drivers/GD32E23x_standard_peripheral/Source/gd32e23x_exti.c ****     EXTI_EVEN &= ~(uint32_t)linex;
 336              		.loc 1 169 5 view .LVU71
 337              		.loc 1 169 15 is_stmt 0 view .LVU72
 338 0000 40F20443 		movw	r3, #1028
 339 0004 C4F20103 		movt	r3, 16385
 340 0008 1A68     		ldr	r2, [r3]
 341 000a 8243     		bics	r2, r0
 342 000c 1A60     		str	r2, [r3]
 170:Drivers/GD32E23x_standard_peripheral/Source/gd32e23x_exti.c **** }
 343              		.loc 1 170 1 view .LVU73
 344              		@ sp needed
 345 000e 7047     		bx	lr
 346              		.cfi_endproc
 347              	.LFE71:
 349              		.section	.text.exti_software_interrupt_enable,"ax",%progbits
 350              		.align	1
 351              		.global	exti_software_interrupt_enable
 352              		.syntax unified
 353              		.code	16
 354              		.thumb_func
 355              		.fpu softvfp
 357              	exti_software_interrupt_enable:
 358              	.LVL20:
 359              	.LFB72:
 171:Drivers/GD32E23x_standard_peripheral/Source/gd32e23x_exti.c **** 
 172:Drivers/GD32E23x_standard_peripheral/Source/gd32e23x_exti.c **** /*!
 173:Drivers/GD32E23x_standard_peripheral/Source/gd32e23x_exti.c ****     \brief      enable EXTI software interrupt event
 174:Drivers/GD32E23x_standard_peripheral/Source/gd32e23x_exti.c ****     \param[in]  linex: EXTI line number, refer to exti_line_enum
 175:Drivers/GD32E23x_standard_peripheral/Source/gd32e23x_exti.c ****                 only one parameter can be selected which is shown as below:
 176:Drivers/GD32E23x_standard_peripheral/Source/gd32e23x_exti.c ****       \arg        EXTI_x (x=0..17,19,21): EXTI line x
 177:Drivers/GD32E23x_standard_peripheral/Source/gd32e23x_exti.c ****     \param[out] none
 178:Drivers/GD32E23x_standard_peripheral/Source/gd32e23x_exti.c ****     \retval     none
 179:Drivers/GD32E23x_standard_peripheral/Source/gd32e23x_exti.c **** */
 180:Drivers/GD32E23x_standard_peripheral/Source/gd32e23x_exti.c **** void exti_software_interrupt_enable(exti_line_enum linex)
 181:Drivers/GD32E23x_standard_peripheral/Source/gd32e23x_exti.c **** {
 360              		.loc 1 181 1 is_stmt 1 view -0
 361              		.cfi_startproc
 362              		@ args = 0, pretend = 0, frame = 0
 363              		@ frame_needed = 0, uses_anonymous_args = 0
 364              		@ link register save eliminated.
 182:Drivers/GD32E23x_standard_peripheral/Source/gd32e23x_exti.c ****     EXTI_SWIEV |= (uint32_t)linex;
 365              		.loc 1 182 5 view .LVU75
 366              		.loc 1 182 16 is_stmt 0 view .LVU76
 367 0000 40F21043 		movw	r3, #1040
 368 0004 C4F20103 		movt	r3, 16385
 369 0008 1A68     		ldr	r2, [r3]
 370 000a 0243     		orrs	r2, r0
 371 000c 1A60     		str	r2, [r3]
ARM GAS  /var/folders/rv/zq8s_02j1dj4vjvr1mm5zl2r0000gn/T//ccObvlTy.s 			page 11


 183:Drivers/GD32E23x_standard_peripheral/Source/gd32e23x_exti.c **** }
 372              		.loc 1 183 1 view .LVU77
 373              		@ sp needed
 374 000e 7047     		bx	lr
 375              		.cfi_endproc
 376              	.LFE72:
 378              		.section	.text.exti_software_interrupt_disable,"ax",%progbits
 379              		.align	1
 380              		.global	exti_software_interrupt_disable
 381              		.syntax unified
 382              		.code	16
 383              		.thumb_func
 384              		.fpu softvfp
 386              	exti_software_interrupt_disable:
 387              	.LVL21:
 388              	.LFB73:
 184:Drivers/GD32E23x_standard_peripheral/Source/gd32e23x_exti.c **** 
 185:Drivers/GD32E23x_standard_peripheral/Source/gd32e23x_exti.c **** /*!
 186:Drivers/GD32E23x_standard_peripheral/Source/gd32e23x_exti.c ****     \brief      disable EXTI software interrupt event
 187:Drivers/GD32E23x_standard_peripheral/Source/gd32e23x_exti.c ****     \param[in]  linex: EXTI line number, refer to exti_line_enum
 188:Drivers/GD32E23x_standard_peripheral/Source/gd32e23x_exti.c ****                 only one parameter can be selected which is shown as below:
 189:Drivers/GD32E23x_standard_peripheral/Source/gd32e23x_exti.c ****       \arg        EXTI_x (x=0..17,19,21): EXTI line x
 190:Drivers/GD32E23x_standard_peripheral/Source/gd32e23x_exti.c ****     \param[out] none
 191:Drivers/GD32E23x_standard_peripheral/Source/gd32e23x_exti.c ****     \retval     none
 192:Drivers/GD32E23x_standard_peripheral/Source/gd32e23x_exti.c **** */
 193:Drivers/GD32E23x_standard_peripheral/Source/gd32e23x_exti.c **** void exti_software_interrupt_disable(exti_line_enum linex)
 194:Drivers/GD32E23x_standard_peripheral/Source/gd32e23x_exti.c **** {
 389              		.loc 1 194 1 is_stmt 1 view -0
 390              		.cfi_startproc
 391              		@ args = 0, pretend = 0, frame = 0
 392              		@ frame_needed = 0, uses_anonymous_args = 0
 393              		@ link register save eliminated.
 195:Drivers/GD32E23x_standard_peripheral/Source/gd32e23x_exti.c ****     EXTI_SWIEV &= ~(uint32_t)linex;
 394              		.loc 1 195 5 view .LVU79
 395              		.loc 1 195 16 is_stmt 0 view .LVU80
 396 0000 40F21043 		movw	r3, #1040
 397 0004 C4F20103 		movt	r3, 16385
 398 0008 1A68     		ldr	r2, [r3]
 399 000a 8243     		bics	r2, r0
 400 000c 1A60     		str	r2, [r3]
 196:Drivers/GD32E23x_standard_peripheral/Source/gd32e23x_exti.c **** }
 401              		.loc 1 196 1 view .LVU81
 402              		@ sp needed
 403 000e 7047     		bx	lr
 404              		.cfi_endproc
 405              	.LFE73:
 407              		.section	.text.exti_flag_get,"ax",%progbits
 408              		.align	1
 409              		.global	exti_flag_get
 410              		.syntax unified
 411              		.code	16
 412              		.thumb_func
 413              		.fpu softvfp
 415              	exti_flag_get:
 416              	.LVL22:
 417              	.LFB74:
 197:Drivers/GD32E23x_standard_peripheral/Source/gd32e23x_exti.c **** 
ARM GAS  /var/folders/rv/zq8s_02j1dj4vjvr1mm5zl2r0000gn/T//ccObvlTy.s 			page 12


 198:Drivers/GD32E23x_standard_peripheral/Source/gd32e23x_exti.c **** /*!
 199:Drivers/GD32E23x_standard_peripheral/Source/gd32e23x_exti.c ****     \brief      get EXTI lines flag
 200:Drivers/GD32E23x_standard_peripheral/Source/gd32e23x_exti.c ****     \param[in]  linex: EXTI line number, refer to exti_line_enum
 201:Drivers/GD32E23x_standard_peripheral/Source/gd32e23x_exti.c ****                 only one parameter can be selected which is shown as below:
 202:Drivers/GD32E23x_standard_peripheral/Source/gd32e23x_exti.c ****       \arg        EXTI_x (x=0..17,19,21): EXTI line x
 203:Drivers/GD32E23x_standard_peripheral/Source/gd32e23x_exti.c ****     \param[out] none
 204:Drivers/GD32E23x_standard_peripheral/Source/gd32e23x_exti.c ****     \retval     FlagStatus: status of flag (RESET or SET)
 205:Drivers/GD32E23x_standard_peripheral/Source/gd32e23x_exti.c **** */
 206:Drivers/GD32E23x_standard_peripheral/Source/gd32e23x_exti.c **** FlagStatus exti_flag_get(exti_line_enum linex)
 207:Drivers/GD32E23x_standard_peripheral/Source/gd32e23x_exti.c **** {
 418              		.loc 1 207 1 is_stmt 1 view -0
 419              		.cfi_startproc
 420              		@ args = 0, pretend = 0, frame = 0
 421              		@ frame_needed = 0, uses_anonymous_args = 0
 422              		@ link register save eliminated.
 208:Drivers/GD32E23x_standard_peripheral/Source/gd32e23x_exti.c ****     if(RESET != (EXTI_PD & (uint32_t)linex)){
 423              		.loc 1 208 5 view .LVU83
 424              		.loc 1 208 18 is_stmt 0 view .LVU84
 425 0000 40F21443 		movw	r3, #1044
 426 0004 C4F20103 		movt	r3, 16385
 427 0008 1B68     		ldr	r3, [r3]
 428              		.loc 1 208 7 view .LVU85
 429 000a 1842     		tst	r0, r3
 430 000c 01D0     		beq	.L18
 209:Drivers/GD32E23x_standard_peripheral/Source/gd32e23x_exti.c ****         return SET;
 431              		.loc 1 209 16 view .LVU86
 432 000e 0120     		movs	r0, #1
 433              	.LVL23:
 434              	.L17:
 210:Drivers/GD32E23x_standard_peripheral/Source/gd32e23x_exti.c ****     }else{
 211:Drivers/GD32E23x_standard_peripheral/Source/gd32e23x_exti.c ****         return RESET;
 212:Drivers/GD32E23x_standard_peripheral/Source/gd32e23x_exti.c ****     } 
 213:Drivers/GD32E23x_standard_peripheral/Source/gd32e23x_exti.c **** }
 435              		.loc 1 213 1 view .LVU87
 436              		@ sp needed
 437 0010 7047     		bx	lr
 438              	.LVL24:
 439              	.L18:
 211:Drivers/GD32E23x_standard_peripheral/Source/gd32e23x_exti.c ****     } 
 440              		.loc 1 211 16 view .LVU88
 441 0012 0020     		movs	r0, #0
 442              	.LVL25:
 211:Drivers/GD32E23x_standard_peripheral/Source/gd32e23x_exti.c ****     } 
 443              		.loc 1 211 16 view .LVU89
 444 0014 FCE7     		b	.L17
 445              		.cfi_endproc
 446              	.LFE74:
 448              		.section	.text.exti_flag_clear,"ax",%progbits
 449              		.align	1
 450              		.global	exti_flag_clear
 451              		.syntax unified
 452              		.code	16
 453              		.thumb_func
 454              		.fpu softvfp
 456              	exti_flag_clear:
 457              	.LVL26:
 458              	.LFB75:
ARM GAS  /var/folders/rv/zq8s_02j1dj4vjvr1mm5zl2r0000gn/T//ccObvlTy.s 			page 13


 214:Drivers/GD32E23x_standard_peripheral/Source/gd32e23x_exti.c **** 
 215:Drivers/GD32E23x_standard_peripheral/Source/gd32e23x_exti.c **** /*!
 216:Drivers/GD32E23x_standard_peripheral/Source/gd32e23x_exti.c ****     \brief      clear EXTI lines pending flag
 217:Drivers/GD32E23x_standard_peripheral/Source/gd32e23x_exti.c ****     \param[in]  linex: EXTI line number, refer to exti_line_enum
 218:Drivers/GD32E23x_standard_peripheral/Source/gd32e23x_exti.c ****                 only one parameter can be selected which is shown as below:
 219:Drivers/GD32E23x_standard_peripheral/Source/gd32e23x_exti.c ****       \arg        EXTI_x (x=0..17,19,21): EXTI line x
 220:Drivers/GD32E23x_standard_peripheral/Source/gd32e23x_exti.c ****     \param[out] none
 221:Drivers/GD32E23x_standard_peripheral/Source/gd32e23x_exti.c ****     \retval     none
 222:Drivers/GD32E23x_standard_peripheral/Source/gd32e23x_exti.c **** */
 223:Drivers/GD32E23x_standard_peripheral/Source/gd32e23x_exti.c **** void exti_flag_clear(exti_line_enum linex)
 224:Drivers/GD32E23x_standard_peripheral/Source/gd32e23x_exti.c **** {
 459              		.loc 1 224 1 is_stmt 1 view -0
 460              		.cfi_startproc
 461              		@ args = 0, pretend = 0, frame = 0
 462              		@ frame_needed = 0, uses_anonymous_args = 0
 463              		@ link register save eliminated.
 225:Drivers/GD32E23x_standard_peripheral/Source/gd32e23x_exti.c ****     EXTI_PD = (uint32_t)linex;
 464              		.loc 1 225 5 view .LVU91
 465              		.loc 1 225 13 is_stmt 0 view .LVU92
 466 0000 40F21443 		movw	r3, #1044
 467 0004 C4F20103 		movt	r3, 16385
 468 0008 1860     		str	r0, [r3]
 226:Drivers/GD32E23x_standard_peripheral/Source/gd32e23x_exti.c **** }
 469              		.loc 1 226 1 view .LVU93
 470              		@ sp needed
 471 000a 7047     		bx	lr
 472              		.cfi_endproc
 473              	.LFE75:
 475              		.section	.text.exti_interrupt_flag_get,"ax",%progbits
 476              		.align	1
 477              		.global	exti_interrupt_flag_get
 478              		.syntax unified
 479              		.code	16
 480              		.thumb_func
 481              		.fpu softvfp
 483              	exti_interrupt_flag_get:
 484              	.LVL27:
 485              	.LFB76:
 227:Drivers/GD32E23x_standard_peripheral/Source/gd32e23x_exti.c **** 
 228:Drivers/GD32E23x_standard_peripheral/Source/gd32e23x_exti.c **** /*!
 229:Drivers/GD32E23x_standard_peripheral/Source/gd32e23x_exti.c ****     \brief      get EXTI lines flag when the interrupt flag is set
 230:Drivers/GD32E23x_standard_peripheral/Source/gd32e23x_exti.c ****     \param[in]  linex: EXTI line number, refer to exti_line_enum
 231:Drivers/GD32E23x_standard_peripheral/Source/gd32e23x_exti.c ****                 only one parameter can be selected which is shown as below:
 232:Drivers/GD32E23x_standard_peripheral/Source/gd32e23x_exti.c ****       \arg        EXTI_x (x=0..17,19,21): EXTI line x
 233:Drivers/GD32E23x_standard_peripheral/Source/gd32e23x_exti.c ****     \param[out] none
 234:Drivers/GD32E23x_standard_peripheral/Source/gd32e23x_exti.c ****     \retval     FlagStatus: status of flag (RESET or SET)
 235:Drivers/GD32E23x_standard_peripheral/Source/gd32e23x_exti.c **** */
 236:Drivers/GD32E23x_standard_peripheral/Source/gd32e23x_exti.c **** FlagStatus exti_interrupt_flag_get(exti_line_enum linex)
 237:Drivers/GD32E23x_standard_peripheral/Source/gd32e23x_exti.c **** {
 486              		.loc 1 237 1 is_stmt 1 view -0
 487              		.cfi_startproc
 488              		@ args = 0, pretend = 0, frame = 0
 489              		@ frame_needed = 0, uses_anonymous_args = 0
 490              		@ link register save eliminated.
 238:Drivers/GD32E23x_standard_peripheral/Source/gd32e23x_exti.c ****     if(RESET != (EXTI_PD & (uint32_t)linex)){
 491              		.loc 1 238 5 view .LVU95
 492              		.loc 1 238 18 is_stmt 0 view .LVU96
ARM GAS  /var/folders/rv/zq8s_02j1dj4vjvr1mm5zl2r0000gn/T//ccObvlTy.s 			page 14


 493 0000 40F21443 		movw	r3, #1044
 494 0004 C4F20103 		movt	r3, 16385
 495 0008 1B68     		ldr	r3, [r3]
 496              		.loc 1 238 7 view .LVU97
 497 000a 1842     		tst	r0, r3
 498 000c 01D0     		beq	.L22
 239:Drivers/GD32E23x_standard_peripheral/Source/gd32e23x_exti.c ****         return SET;
 499              		.loc 1 239 16 view .LVU98
 500 000e 0120     		movs	r0, #1
 501              	.LVL28:
 502              	.L21:
 240:Drivers/GD32E23x_standard_peripheral/Source/gd32e23x_exti.c ****     }else{
 241:Drivers/GD32E23x_standard_peripheral/Source/gd32e23x_exti.c ****         return RESET;
 242:Drivers/GD32E23x_standard_peripheral/Source/gd32e23x_exti.c ****     }
 243:Drivers/GD32E23x_standard_peripheral/Source/gd32e23x_exti.c **** }
 503              		.loc 1 243 1 view .LVU99
 504              		@ sp needed
 505 0010 7047     		bx	lr
 506              	.LVL29:
 507              	.L22:
 241:Drivers/GD32E23x_standard_peripheral/Source/gd32e23x_exti.c ****     }
 508              		.loc 1 241 16 view .LVU100
 509 0012 0020     		movs	r0, #0
 510              	.LVL30:
 241:Drivers/GD32E23x_standard_peripheral/Source/gd32e23x_exti.c ****     }
 511              		.loc 1 241 16 view .LVU101
 512 0014 FCE7     		b	.L21
 513              		.cfi_endproc
 514              	.LFE76:
 516              		.section	.text.exti_interrupt_flag_clear,"ax",%progbits
 517              		.align	1
 518              		.global	exti_interrupt_flag_clear
 519              		.syntax unified
 520              		.code	16
 521              		.thumb_func
 522              		.fpu softvfp
 524              	exti_interrupt_flag_clear:
 525              	.LVL31:
 526              	.LFB77:
 244:Drivers/GD32E23x_standard_peripheral/Source/gd32e23x_exti.c **** 
 245:Drivers/GD32E23x_standard_peripheral/Source/gd32e23x_exti.c **** /*!
 246:Drivers/GD32E23x_standard_peripheral/Source/gd32e23x_exti.c ****     \brief      clear EXTI lines pending flag
 247:Drivers/GD32E23x_standard_peripheral/Source/gd32e23x_exti.c ****     \param[in]  linex: EXTI line number, refer to exti_line_enum
 248:Drivers/GD32E23x_standard_peripheral/Source/gd32e23x_exti.c ****                 only one parameter can be selected which is shown as below:
 249:Drivers/GD32E23x_standard_peripheral/Source/gd32e23x_exti.c ****       \arg        EXTI_x (x=0..17,19,21): EXTI line x
 250:Drivers/GD32E23x_standard_peripheral/Source/gd32e23x_exti.c ****     \param[out] none
 251:Drivers/GD32E23x_standard_peripheral/Source/gd32e23x_exti.c ****     \retval     none
 252:Drivers/GD32E23x_standard_peripheral/Source/gd32e23x_exti.c **** */
 253:Drivers/GD32E23x_standard_peripheral/Source/gd32e23x_exti.c **** void exti_interrupt_flag_clear(exti_line_enum linex)
 254:Drivers/GD32E23x_standard_peripheral/Source/gd32e23x_exti.c **** {
 527              		.loc 1 254 1 is_stmt 1 view -0
 528              		.cfi_startproc
 529              		@ args = 0, pretend = 0, frame = 0
 530              		@ frame_needed = 0, uses_anonymous_args = 0
 531              		@ link register save eliminated.
 255:Drivers/GD32E23x_standard_peripheral/Source/gd32e23x_exti.c ****     EXTI_PD = (uint32_t)linex;
 532              		.loc 1 255 5 view .LVU103
ARM GAS  /var/folders/rv/zq8s_02j1dj4vjvr1mm5zl2r0000gn/T//ccObvlTy.s 			page 15


 533              		.loc 1 255 13 is_stmt 0 view .LVU104
 534 0000 40F21443 		movw	r3, #1044
 535 0004 C4F20103 		movt	r3, 16385
 536 0008 1860     		str	r0, [r3]
 256:Drivers/GD32E23x_standard_peripheral/Source/gd32e23x_exti.c **** }
 537              		.loc 1 256 1 view .LVU105
 538              		@ sp needed
 539 000a 7047     		bx	lr
 540              		.cfi_endproc
 541              	.LFE77:
 543              		.text
 544              	.Letext0:
 545              		.file 2 "/Users/jgiles/projects/gcc-arm-none-eabi-10.3-2021.07/arm-none-eabi/include/machine/_defa
 546              		.file 3 "/Users/jgiles/projects/gcc-arm-none-eabi-10.3-2021.07/arm-none-eabi/include/sys/_stdint.h
 547              		.file 4 "Drivers/CMSIS/Device/GD/GD32E23x/Include/gd32e23x.h"
 548              		.file 5 "Drivers/GD32E23x_standard_peripheral/Include/gd32e23x_exti.h"
ARM GAS  /var/folders/rv/zq8s_02j1dj4vjvr1mm5zl2r0000gn/T//ccObvlTy.s 			page 16


DEFINED SYMBOLS
                            *ABS*:0000000000000000 gd32e23x_exti.c
/var/folders/rv/zq8s_02j1dj4vjvr1mm5zl2r0000gn/T//ccObvlTy.s:16     .text.exti_deinit:0000000000000000 $t
/var/folders/rv/zq8s_02j1dj4vjvr1mm5zl2r0000gn/T//ccObvlTy.s:24     .text.exti_deinit:0000000000000000 exti_deinit
/var/folders/rv/zq8s_02j1dj4vjvr1mm5zl2r0000gn/T//ccObvlTy.s:67     .text.exti_init:0000000000000000 $t
/var/folders/rv/zq8s_02j1dj4vjvr1mm5zl2r0000gn/T//ccObvlTy.s:74     .text.exti_init:0000000000000000 exti_init
/var/folders/rv/zq8s_02j1dj4vjvr1mm5zl2r0000gn/T//ccObvlTy.s:234    .text.exti_interrupt_enable:0000000000000000 $t
/var/folders/rv/zq8s_02j1dj4vjvr1mm5zl2r0000gn/T//ccObvlTy.s:241    .text.exti_interrupt_enable:0000000000000000 exti_interrupt_enable
/var/folders/rv/zq8s_02j1dj4vjvr1mm5zl2r0000gn/T//ccObvlTy.s:263    .text.exti_interrupt_disable:0000000000000000 $t
/var/folders/rv/zq8s_02j1dj4vjvr1mm5zl2r0000gn/T//ccObvlTy.s:270    .text.exti_interrupt_disable:0000000000000000 exti_interrupt_disable
/var/folders/rv/zq8s_02j1dj4vjvr1mm5zl2r0000gn/T//ccObvlTy.s:292    .text.exti_event_enable:0000000000000000 $t
/var/folders/rv/zq8s_02j1dj4vjvr1mm5zl2r0000gn/T//ccObvlTy.s:299    .text.exti_event_enable:0000000000000000 exti_event_enable
/var/folders/rv/zq8s_02j1dj4vjvr1mm5zl2r0000gn/T//ccObvlTy.s:321    .text.exti_event_disable:0000000000000000 $t
/var/folders/rv/zq8s_02j1dj4vjvr1mm5zl2r0000gn/T//ccObvlTy.s:328    .text.exti_event_disable:0000000000000000 exti_event_disable
/var/folders/rv/zq8s_02j1dj4vjvr1mm5zl2r0000gn/T//ccObvlTy.s:350    .text.exti_software_interrupt_enable:0000000000000000 $t
/var/folders/rv/zq8s_02j1dj4vjvr1mm5zl2r0000gn/T//ccObvlTy.s:357    .text.exti_software_interrupt_enable:0000000000000000 exti_software_interrupt_enable
/var/folders/rv/zq8s_02j1dj4vjvr1mm5zl2r0000gn/T//ccObvlTy.s:379    .text.exti_software_interrupt_disable:0000000000000000 $t
/var/folders/rv/zq8s_02j1dj4vjvr1mm5zl2r0000gn/T//ccObvlTy.s:386    .text.exti_software_interrupt_disable:0000000000000000 exti_software_interrupt_disable
/var/folders/rv/zq8s_02j1dj4vjvr1mm5zl2r0000gn/T//ccObvlTy.s:408    .text.exti_flag_get:0000000000000000 $t
/var/folders/rv/zq8s_02j1dj4vjvr1mm5zl2r0000gn/T//ccObvlTy.s:415    .text.exti_flag_get:0000000000000000 exti_flag_get
/var/folders/rv/zq8s_02j1dj4vjvr1mm5zl2r0000gn/T//ccObvlTy.s:449    .text.exti_flag_clear:0000000000000000 $t
/var/folders/rv/zq8s_02j1dj4vjvr1mm5zl2r0000gn/T//ccObvlTy.s:456    .text.exti_flag_clear:0000000000000000 exti_flag_clear
/var/folders/rv/zq8s_02j1dj4vjvr1mm5zl2r0000gn/T//ccObvlTy.s:476    .text.exti_interrupt_flag_get:0000000000000000 $t
/var/folders/rv/zq8s_02j1dj4vjvr1mm5zl2r0000gn/T//ccObvlTy.s:483    .text.exti_interrupt_flag_get:0000000000000000 exti_interrupt_flag_get
/var/folders/rv/zq8s_02j1dj4vjvr1mm5zl2r0000gn/T//ccObvlTy.s:517    .text.exti_interrupt_flag_clear:0000000000000000 $t
/var/folders/rv/zq8s_02j1dj4vjvr1mm5zl2r0000gn/T//ccObvlTy.s:524    .text.exti_interrupt_flag_clear:0000000000000000 exti_interrupt_flag_clear

NO UNDEFINED SYMBOLS
